<?xml version="1.0" encoding="UTF-8"?>
<!-- Generated by org.testng.reporters.JUnitXMLReporter -->
<testsuite ignored="0" hostname="COL-TNUZUM" failures="0" tests="53" name="Continuous Integration" time="58.385" errors="0" timestamp="2019-10-28T15:41:16 EDT">
  <testcase classname="JonasFitness.API.AuthenticateMemberByUserCredentials" name="ValidInput" time="1.862"/>
  <testcase classname="JonasFitness.API.GetActiveBooksByResourceType" name="ValidInput_NoResource" time="0.482"/>
  <testcase classname="JonasFitness.API.GetActiveClubs" name="ClubsFound" time="0.468"/>
  <testcase classname="JonasFitness.API.GetAllPackagesForPurchaseByClub" name="PackageFound" time="18.737"/>
  <testcase classname="JonasFitness.API.GetAppointmentDetails" name="AppointmentsFound" time="1.58"/>
  <testcase classname="JonasFitness.API.GetAppointmentDetails" name="AppointmentsNotFound" time="0.71"/>
  <testcase classname="JonasFitness.API.GetAppointmentProductByCategory" name="ValidInput" time="0.498"/>
  <testcase classname="JonasFitness.API.GetAppointmentProductCategoriesByMember" name="Test1" time="0.505"/>
  <testcase classname="JonasFitness.API.GetAppointmentResourceTypeByProduct" name="ProductFound" time="0.695"/>
  <testcase classname="JonasFitness.API.GetAppointmentResourceTypeByProduct" name="ProductNotFound" time="0.521"/>
  <testcase classname="JonasFitness.API.GetAppointmentsByBook" name="ValidInput" time="0.813"/>
  <testcase classname="JonasFitness.API.GetAppointmentsByMember" name="ValidInput" time="1.036"/>
  <testcase classname="JonasFitness.API.GetAvailableAppointments" name="NoResources" time="3.027"/>
  <testcase classname="JonasFitness.API.GetAvailableAppointments" name="WithResources" time="1.662"/>
  <testcase classname="JonasFitness.API.GetAvailableResourceTypesByClub" name="ValidInput" time="0.503"/>
  <testcase classname="JonasFitness.API.GetCardsOnFileByMember" name="CardWithoutAgreement" time="0.604"/>
  <testcase classname="JonasFitness.API.GetCardsOnFileByMember" name="MultipleAgreementsWithCard" time="0.751"/>
  <testcase classname="JonasFitness.API.GetCardsOnFileByMember" name="NoCardOnFile" time="0.658"/>
  <testcase classname="JonasFitness.API.GetCardsOnFileByMember" name="SingleAgreementMultipleCardsOnFile" time="0.721"/>
  <testcase classname="JonasFitness.API.GetCardsOnFileByMember" name="SingleAgreementWithCard" time="0.55"/>
  <testcase classname="JonasFitness.API.GetClassesAndCoursesByBook" name="ValidInput" time="0.885"/>
  <testcase classname="JonasFitness.API.GetClassesAndCoursesByMember" name="ValidInput" time="0.803"/>
  <testcase classname="JonasFitness.API.GetClubsByMember" name="Test1" time="0.578"/>
  <testcase classname="JonasFitness.API.GetMember" name="CustomerFound" time="0.936"/>
  <testcase classname="JonasFitness.API.GetOnlinePackagesForPurchaseByClub" name="PackageNotAllowed" time="1.687"/>
  <testcase classname="JonasFitness.API.GetOnlinePackagesForPurchaseByClub" name="PackagesFound" time="1.731"/>
  <testcase classname="JonasFitness.API.GetPackageDetails" name="SinglePriceRange" time="0.674"/>
  <testcase classname="JonasFitness.API.GetPackageDetails" name="multiplePriceRanges" time="0.721"/>
  <testcase classname="JonasFitness.API.GetProductByBook" name="ValidInput" time="0.443"/>
  <testcase classname="JonasFitness.API.GetPurchasedPackagesByMember" name="ValidInput" time="0.626"/>
  <testcase classname="JonasFitness.API.GetScheduleByBook" name="ValidInput" time="1.099"/>
  <testcase classname="JonasFitness.API.GetScheduleByMember" name="ValidInput" time="0.862"/>
  <testcase classname="JonasFitness.API.SearchMembers" name="SearchMembers_Email" time="0.546"/>
  <testcase classname="JonasFitness.API.SearchMembers" name="SearchMembers_FirstName" time="0.626"/>
  <testcase classname="JonasFitness.API.SearchMembers" name="SearchMembers_HomePhoneDashes" time="0.59"/>
  <testcase classname="JonasFitness.API.SearchMembers" name="SearchMembers_HomePhoneNoDashes" time="0.719"/>
  <testcase classname="JonasFitness.API.SearchMembers" name="SearchMembers_LastFirstName" time="0.599"/>
  <testcase classname="JonasFitness.API.SearchMembers" name="SearchMembers_LastName" time="0.598"/>
  <testcase classname="JonasFitness.API.SearchMembers" name="SearchMembers_MobilePhoneDashes" time="0.611"/>
  <testcase classname="JonasFitness.API.SearchMembers" name="SearchMembers_MobilePhoneNoDashes" time="0.728"/>
  <testcase classname="JonasFitness.API.SearchMembers" name="SearchMembers_WorkPhoneDashes" time="0.545"/>
  <testcase classname="JonasFitness.API.SearchMembers" name="SearchMembers_WorkPhoneNoDashes" time="0.571"/>
  <testcase classname="JonasFitness.API.SearchMembersByProduct" name="SearchMembersByProduct_Email" time="0.473"/>
  <testcase classname="JonasFitness.API.SearchMembersByProduct" name="SearchMembersByProduct_FirstName" time="0.524"/>
  <testcase classname="JonasFitness.API.SearchMembersByProduct" name="SearchMembersByProduct_HomePhoneWithDashes" time="0.479"/>
  <testcase classname="JonasFitness.API.SearchMembersByProduct" name="SearchMembersByProduct_HomePhoneWithoutDashes" time="0.471"/>
  <testcase classname="JonasFitness.API.SearchMembersByProduct" name="SearchMembersByProduct_LastName" time="0.482"/>
  <testcase classname="JonasFitness.API.SearchOnlineMembersByProduct" name="FirstName" time="0.467"/>
  <testcase classname="JonasFitness.API.SecurityPipeline" name="InactiveClub" time="0.355"/>
  <testcase classname="JonasFitness.API.SecurityPipeline" name="InvalidAPIKey" time="0.235"/>
  <testcase classname="JonasFitness.API.SecurityPipeline" name="InvalidClub" time="0.312"/>
  <testcase classname="JonasFitness.API.SecurityPipeline" name="InvalidCompany" time="0.236"/>
  <testcase classname="JonasFitness.API.SecurityPipeline" name="NoAPIKey" time="0.21"/>
</testsuite> <!-- Continuous Integration -->
