<?xml version="1.0" encoding="UTF-8"?>
<!-- Generated by org.testng.reporters.JUnitXMLReporter -->
<testsuite ignored="0" hostname="COL-TNUZUM" failures="0" tests="60" name="Continuous Integration" time="119.915" errors="0" timestamp="2019-11-11T08:59:16 EST">
  <testcase classname="JonasFitness.API.AuthenticateMemberByUserCredentials" name="ValidInput" time="2.049"/>
  <testcase classname="JonasFitness.API.GetActiveBooksByResourceType" name="ValidInput_NoResource" time="0.522"/>
  <testcase classname="JonasFitness.API.GetActiveClubs" name="ClubsFound" time="0.575"/>
  <testcase classname="JonasFitness.API.GetAllPackagesForPurchaseByClub" name="OnlineNotAllowed_PackageFound" time="23.904"/>
  <testcase classname="JonasFitness.API.GetAllPackagesForPurchaseByClub" name="PackageFound" time="24.884"/>
  <testcase classname="JonasFitness.API.GetAllPackagesForPurchaseByClub" name="PackageNotFound" time="23.521"/>
  <testcase classname="JonasFitness.API.GetAppointmentDetails" name="AppointmentsFound" time="1.553"/>
  <testcase classname="JonasFitness.API.GetAppointmentDetails" name="AppointmentsNotFound" time="0.696"/>
  <testcase classname="JonasFitness.API.GetAppointmentProductByCategory" name="ValidInput" time="0.543"/>
  <testcase classname="JonasFitness.API.GetAppointmentProductCategoriesByMember" name="Test1" time="0.615"/>
  <testcase classname="JonasFitness.API.GetAppointmentResourceTypeByProduct" name="ProductFound" time="0.557"/>
  <testcase classname="JonasFitness.API.GetAppointmentResourceTypeByProduct" name="ProductNotFound" time="0.59"/>
  <testcase classname="JonasFitness.API.GetAppointmentsByBook" name="ValidInput" time="0.737"/>
  <testcase classname="JonasFitness.API.GetAppointmentsByMember" name="ValidInput" time="1.672"/>
  <testcase classname="JonasFitness.API.GetAvailableAppointments" name="NoResources" time="2.65"/>
  <testcase classname="JonasFitness.API.GetAvailableAppointments" name="WithResources" time="1.789"/>
  <testcase classname="JonasFitness.API.GetAvailableResourceTypesByClub" name="ValidInput" time="0.498"/>
  <testcase classname="JonasFitness.API.GetCardsOnFileByMember" name="CardWithoutAgreement" time="0.632"/>
  <testcase classname="JonasFitness.API.GetCardsOnFileByMember" name="MultipleAgreementsWithCard" time="0.937"/>
  <testcase classname="JonasFitness.API.GetCardsOnFileByMember" name="NoCardOnFile" time="0.514"/>
  <testcase classname="JonasFitness.API.GetCardsOnFileByMember" name="SingleAgreementMultipleCardsOnFile" time="0.807"/>
  <testcase classname="JonasFitness.API.GetCardsOnFileByMember" name="SingleAgreementWithCard" time="0.614"/>
  <testcase classname="JonasFitness.API.GetClassesAndCoursesByBook" name="ValidInput" time="0.899"/>
  <testcase classname="JonasFitness.API.GetClassesAndCoursesByMember" name="ValidInput" time="0.673"/>
  <testcase classname="JonasFitness.API.GetClubsByMember" name="Test1" time="0.619"/>
  <testcase classname="JonasFitness.API.GetMember" name="CustomerFound" time="0.874"/>
  <testcase classname="JonasFitness.API.GetOnlinePackagesForPurchaseByClub" name="PackageNotAllowed" time="2.338"/>
  <testcase classname="JonasFitness.API.GetOnlinePackagesForPurchaseByClub" name="PackagesFound" time="2.292"/>
  <testcase classname="JonasFitness.API.GetPackageDetails" name="SinglePriceRange" time="0.531"/>
  <testcase classname="JonasFitness.API.GetPackageDetails" name="multiplePriceRanges" time="0.805"/>
  <testcase classname="JonasFitness.API.GetProductByBook" name="ValidInput" time="0.471"/>
  <testcase classname="JonasFitness.API.GetPurchasedPackagesByMember" name="ValidInput" time="0.656"/>
  <testcase classname="JonasFitness.API.GetScheduleByBook" name="ValidInput" time="1.202"/>
  <testcase classname="JonasFitness.API.GetScheduleByMember" name="ValidInput" time="1.675"/>
  <testcase classname="JonasFitness.API.SearchMembers" name="SearchMembers_Email" time="0.641"/>
  <testcase classname="JonasFitness.API.SearchMembers" name="SearchMembers_FirstName" time="0.67"/>
  <testcase classname="JonasFitness.API.SearchMembers" name="SearchMembers_HomePhoneDashes" time="0.641"/>
  <testcase classname="JonasFitness.API.SearchMembers" name="SearchMembers_HomePhoneNoDashes" time="0.798"/>
  <testcase classname="JonasFitness.API.SearchMembers" name="SearchMembers_LastFirstName" time="0.691"/>
  <testcase classname="JonasFitness.API.SearchMembers" name="SearchMembers_LastName" time="0.643"/>
  <testcase classname="JonasFitness.API.SearchMembers" name="SearchMembers_MobilePhoneDashes" time="0.6"/>
  <testcase classname="JonasFitness.API.SearchMembers" name="SearchMembers_MobilePhoneNoDashes" time="0.631"/>
  <testcase classname="JonasFitness.API.SearchMembers" name="SearchMembers_WorkPhoneDashes" time="0.9"/>
  <testcase classname="JonasFitness.API.SearchMembers" name="SearchMembers_WorkPhoneNoDashes" time="0.574"/>
  <testcase classname="JonasFitness.API.SearchMembersByProduct" name="SearchMembersByProduct_Email" time="0.538"/>
  <testcase classname="JonasFitness.API.SearchMembersByProduct" name="SearchMembersByProduct_FirstName" time="0.717"/>
  <testcase classname="JonasFitness.API.SearchMembersByProduct" name="SearchMembersByProduct_HomePhoneWithDashes" time="0.576"/>
  <testcase classname="JonasFitness.API.SearchMembersByProduct" name="SearchMembersByProduct_HomePhoneWithoutDashes" time="0.615"/>
  <testcase classname="JonasFitness.API.SearchMembersByProduct" name="SearchMembersByProduct_LastName" time="0.587"/>
  <testcase classname="JonasFitness.API.SearchOnlineMembersByProduct" name="Email" time="0.723"/>
  <testcase classname="JonasFitness.API.SearchOnlineMembersByProduct" name="FirstName" time="0.678"/>
  <testcase classname="JonasFitness.API.SearchOnlineMembersByProduct" name="LastName" time="0.873"/>
  <testcase classname="JonasFitness.API.SearchOnlineMembersByProduct" name="PhoneNoDashes" time="0.676"/>
  <testcase classname="JonasFitness.API.SearchOnlineMembersByProduct" name="PhoneWDashes" time="0.659"/>
  <testcase classname="JonasFitness.API.SecurityPipeline" name="InactiveClub" time="0.374"/>
  <testcase classname="JonasFitness.API.SecurityPipeline" name="InvalidAPIKey" time="0.266"/>
  <testcase classname="JonasFitness.API.SecurityPipeline" name="InvalidClub" time="0.338"/>
  <testcase classname="JonasFitness.API.SecurityPipeline" name="InvalidCompany" time="0.272"/>
  <testcase classname="JonasFitness.API.SecurityPipeline" name="NoAPIKey" time="0.223"/>
  <testcase classname="JonasFitness.API.getbookavailabilitycalendar" name="ValidInput" time="0.533"/>
</testsuite> <!-- Continuous Integration -->
