<?xml version="1.0" encoding="UTF-8"?>
<!-- Generated by org.testng.reporters.JUnitXMLReporter -->
<testsuite ignored="0" hostname="COL-TNUZUM" failures="0" tests="47" name="AuthenticateMemberByUserCredentials" time="42.884" errors="0" timestamp="2019-10-23T17:03:20 EDT">
  <testcase classname="JonasFitness.API.AuthenticateMemberByUserCredentials" name="ValidInput" time="1.9"/>
  <testcase classname="JonasFitness.API.GetActiveBooksByResourceType" name="ValidInput_NoResource" time="0.522"/>
  <testcase classname="JonasFitness.API.GetActiveClubs" name="ClubsFound" time="0.772"/>
  <testcase classname="JonasFitness.API.GetAppointmentDetails" name="AppointmentsFound" time="2.627"/>
  <testcase classname="JonasFitness.API.GetAppointmentDetails" name="AppointmentsNotFound" time="0.729"/>
  <testcase classname="JonasFitness.API.GetAppointmentProductByCategory" name="ValidInput" time="0.505"/>
  <testcase classname="JonasFitness.API.GetAppointmentProductCategoriesByMember" name="Test1" time="0.577"/>
  <testcase classname="JonasFitness.API.GetAppointmentResourceTypeByProduct" name="ProductFound" time="0.523"/>
  <testcase classname="JonasFitness.API.GetAppointmentResourceTypeByProduct" name="ProductNotFound" time="0.638"/>
  <testcase classname="JonasFitness.API.GetAppointmentsByBook" name="ValidInput" time="3.955"/>
  <testcase classname="JonasFitness.API.GetAppointmentsByMember" name="ValidInput" time="1.5"/>
  <testcase classname="JonasFitness.API.GetAvailableAppointments" name="NoResources" time="2.257"/>
  <testcase classname="JonasFitness.API.GetAvailableAppointments" name="WithResources" time="1.672"/>
  <testcase classname="JonasFitness.API.GetAvailableResourceTypesByClub" name="ValidInput" time="0.518"/>
  <testcase classname="JonasFitness.API.GetClassesAndCoursesByBook" name="ValidInput" time="0.683"/>
  <testcase classname="JonasFitness.API.GetClassesAndCoursesByMember" name="ValidInput" time="0.875"/>
  <testcase classname="JonasFitness.API.GetClubsByMember" name="Test1" time="0.595"/>
  <testcase classname="JonasFitness.API.GetMember" name="CustomerFound" time="0.943"/>
  <testcase classname="JonasFitness.API.GetProductByBook" name="ValidInput" time="0.662"/>
  <testcase classname="JonasFitness.API.GetScheduleByBook" name="ValidInput" time="1.222"/>
  <testcase classname="JonasFitness.API.GetScheduleByMember" name="ValidInput" time="1.116"/>
  <testcase classname="JonasFitness.API.SearchMembers" name="SearchMembers_Email" time="0.581"/>
  <testcase classname="JonasFitness.API.SearchMembers" name="SearchMembers_FirstName" time="0.729"/>
  <testcase classname="JonasFitness.API.SearchMembers" name="SearchMembers_HomePhoneDashes" time="3.6"/>
  <testcase classname="JonasFitness.API.SearchMembers" name="SearchMembers_HomePhoneNoDashes" time="0.594"/>
  <testcase classname="JonasFitness.API.SearchMembers" name="SearchMembers_LastFirstName" time="0.891"/>
  <testcase classname="JonasFitness.API.SearchMembers" name="SearchMembers_LastName" time="0.659"/>
  <testcase classname="JonasFitness.API.SearchMembers" name="SearchMembers_MobilePhoneDashes" time="0.585"/>
  <testcase classname="JonasFitness.API.SearchMembers" name="SearchMembers_MobilePhoneNoDashes" time="0.651"/>
  <testcase classname="JonasFitness.API.SearchMembers" name="SearchMembers_WorkPhoneDashes" time="0.786"/>
  <testcase classname="JonasFitness.API.SearchMembers" name="SearchMembers_WorkPhoneNoDashes" time="0.588"/>
  <testcase classname="JonasFitness.API.SearchMembersByProduct" name="SearchMembersByProduct_Email" time="0.49"/>
  <testcase classname="JonasFitness.API.SearchMembersByProduct" name="SearchMembersByProduct_FirstName" time="0.538"/>
  <testcase classname="JonasFitness.API.SearchMembersByProduct" name="SearchMembersByProduct_HomePhoneWithDashes" time="0.677"/>
  <testcase classname="JonasFitness.API.SearchMembersByProduct" name="SearchMembersByProduct_HomePhoneWithoutDashes" time="0.484"/>
  <testcase classname="JonasFitness.API.SearchMembersByProduct" name="SearchMembersByProduct_LastName" time="0.491"/>
  <testcase classname="JonasFitness.API.SearchOnlineMembersByProduct" name="FirstName" time="0.485"/>
  <testcase classname="JonasFitness.API.GetCardsOnFileByMember" name="CardWithoutAgreement" time="0.565"/>
  <testcase classname="JonasFitness.API.GetCardsOnFileByMember" name="MultipleAgreementsWithCard" time="0.724"/>
  <testcase classname="JonasFitness.API.GetCardsOnFileByMember" name="NoCardOnFile" time="0.724"/>
  <testcase classname="JonasFitness.API.GetCardsOnFileByMember" name="SingleAgreementMultipleCardsOnFile" time="0.694"/>
  <testcase classname="JonasFitness.API.GetCardsOnFileByMember" name="SingleAgreementWithCard" time="0.555"/>
  <testcase classname="JonasFitness.API.SecurityPipeline" name="InactiveClub" time="0.356"/>
  <testcase classname="JonasFitness.API.SecurityPipeline" name="InvalidAPIKey" time="0.256"/>
  <testcase classname="JonasFitness.API.SecurityPipeline" name="InvalidClub" time="0.324"/>
  <testcase classname="JonasFitness.API.SecurityPipeline" name="InvalidCompany" time="0.257"/>
  <testcase classname="JonasFitness.API.SecurityPipeline" name="NoAPIKey" time="0.224"/>
</testsuite> <!-- AuthenticateMemberByUserCredentials -->
