<?xml version="1.0" encoding="UTF-8"?>
<!-- Generated by org.testng.reporters.JUnitXMLReporter -->
<testsuite ignored="0" hostname="COL-TNUZUM" failures="0" tests="2" name="GetAppointmentDetails" time="4.218" errors="0" timestamp="2019-10-23T09:25:31 EDT">
  <testcase classname="JonasFitness.API.GetAppointmentDetails" name="AppointmentsFound" time="3.567"/>
  <testcase classname="JonasFitness.API.GetAppointmentDetails" name="AppointmentsNotFound" time="0.64"/>
</testsuite> <!-- GetAppointmentDetails -->
