<?xml version="1.0" encoding="UTF-8"?>
<!-- Generated by org.testng.reporters.JUnitXMLReporter -->
<testsuite ignored="0" hostname="COL-TNUZUM" failures="0" tests="2" name="GetAppointmentResourceTypeByProduct" time="1.282" errors="0" timestamp="2019-10-22T09:01:28 EDT">
  <testcase classname="JonasFitness.API.GetAppointmentResourceTypeByProduct" name="getAppointmentResourceTypeByProduct_ProductFound" time="0.732"/>
  <testcase classname="JonasFitness.API.GetAppointmentResourceTypeByProduct" name="getAppointmentResourceTypeByProduct_ProductNotFound" time="0.541"/>
</testsuite> <!-- GetAppointmentResourceTypeByProduct -->
