<?xml version="1.0" encoding="UTF-8"?>
<!-- Generated by org.testng.reporters.JUnitXMLReporter -->
<testsuite ignored="0" hostname="COL-TNUZUM" failures="0" tests="2" name="GetAppointmentResourceTypeByProduct" time="1.46" errors="0" timestamp="2019-10-11T10:54:21 EDT">
  <testcase classname="JonasFitness.API.GetAppointmentResourceTypeByProduct" name="GetAppointmentResourceTypeByProduct_ProductFound" time="0.72"/>
  <testcase classname="JonasFitness.API.GetAppointmentResourceTypeByProduct" name="etAppointmentResourceTypeByProduct_ProductNotFound" time="0.73"/>
</testsuite> <!-- GetAppointmentResourceTypeByProduct -->
