<?xml version="1.0" encoding="UTF-8"?>
<!-- Generated by org.testng.reporters.JUnitXMLReporter -->
<testsuite ignored="0" hostname="COL-TNUZUM" failures="0" tests="2" name="GetAvailableAppointments" time="3.769" errors="0" timestamp="2019-10-23T14:28:07 EDT">
  <testcase classname="JonasFitness.API.GetAvailableAppointments" name="NoResources" time="2.278"/>
  <testcase classname="JonasFitness.API.GetAvailableAppointments" name="WithResources" time="1.485"/>
</testsuite> <!-- GetAvailableAppointments -->
