<?xml version="1.0" encoding="UTF-8"?>
<!-- Generated by org.testng.reporters.JUnitXMLReporter -->
<testsuite ignored="0" hostname="COL-TNUZUM" failures="0" tests="5" name="GetCardsOnFileByMember" time="3.921" errors="0" timestamp="2019-10-14T11:21:42 EDT">
  <testcase classname="JonasFitness.API.GetCardsOnFileByMember" name="PBI146302_Test1" time="0.733"/>
  <testcase classname="JonasFitness.API.GetCardsOnFileByMember" name="PBI146302_Test2" time="0.888"/>
  <testcase classname="JonasFitness.API.GetCardsOnFileByMember" name="PBI146302_Test3" time="0.901"/>
  <testcase classname="JonasFitness.API.GetCardsOnFileByMember" name="PBI146302_Test4" time="0.736"/>
  <testcase classname="JonasFitness.API.GetCardsOnFileByMember" name="PBI146302_Test5" time="0.66"/>
</testsuite> <!-- GetCardsOnFileByMember -->
