<?xml version="1.0" encoding="UTF-8"?>
<!-- Generated by org.testng.reporters.JUnitXMLReporter -->
<testsuite ignored="0" hostname="COL-TNUZUM" failures="0" tests="5" name="GetCardsOnFileByMember" time="3.864" errors="0" timestamp="2019-10-14T13:10:11 EDT">
  <testcase classname="JonasFitness.API.GetCardsOnFileByMember" name="PBI146302_Test1" time="0.729"/>
  <testcase classname="JonasFitness.API.GetCardsOnFileByMember" name="PBI146302_Test2" time="0.877"/>
  <testcase classname="JonasFitness.API.GetCardsOnFileByMember" name="PBI146302_Test3" time="0.864"/>
  <testcase classname="JonasFitness.API.GetCardsOnFileByMember" name="PBI146302_Test4" time="0.749"/>
  <testcase classname="JonasFitness.API.GetCardsOnFileByMember" name="PBI146302_Test5" time="0.641"/>
</testsuite> <!-- GetCardsOnFileByMember -->
