<?xml version="1.0" encoding="UTF-8"?>
<!-- Generated by org.testng.reporters.JUnitXMLReporter -->
<testsuite ignored="0" hostname="COL-TNUZUM" failures="0" tests="5" name="SearchMembersByProduct" time="3.346" errors="0" timestamp="2019-10-10T15:07:36 EDT">
  <testcase classname="JonasFitness.API.SearchMembersByProduct" name="SearchMembersByProduct_Email" time="0.673"/>
  <testcase classname="JonasFitness.API.SearchMembersByProduct" name="SearchMembersByProduct_FirstName" time="0.657"/>
  <testcase classname="JonasFitness.API.SearchMembersByProduct" name="SearchMembersByProduct_LastName" time="0.664"/>
  <testcase classname="JonasFitness.API.SearchMembersByProduct" name="SearchMembersByProduct_PhoneWithDashes" time="0.704"/>
  <testcase classname="JonasFitness.API.SearchMembersByProduct" name="SearchMembersByProduct_PhoneWithoutDashes" time="0.642"/>
</testsuite> <!-- SearchMembersByProduct -->
