<?xml version="1.0" encoding="UTF-8"?>
<!-- Generated by org.testng.reporters.JUnitXMLReporter -->
<testsuite ignored="0" hostname="COL-TNUZUM" failures="0" tests="5" name="SecurityPipeline" time="1.617" errors="0" timestamp="2019-10-23T14:28:31 EDT">
  <testcase classname="JonasFitness.API.SecurityPipeline" name="InactiveClub" time="0.538"/>
  <testcase classname="JonasFitness.API.SecurityPipeline" name="InvalidAPIKey" time="0.262"/>
  <testcase classname="JonasFitness.API.SecurityPipeline" name="InvalidClub" time="0.325"/>
  <testcase classname="JonasFitness.API.SecurityPipeline" name="InvalidCompany" time="0.259"/>
  <testcase classname="JonasFitness.API.SecurityPipeline" name="NoAPIKey" time="0.228"/>
</testsuite> <!-- SecurityPipeline -->
