<?xml version="1.0" encoding="UTF-8"?>
<!-- Generated by org.testng.reporters.JUnitXMLReporter -->
<testsuite ignored="0" hostname="COL-TNUZUM" failures="0" tests="5" name="SecurityPipeline" time="1.995" errors="0" timestamp="2019-10-17T15:58:14 EDT">
  <testcase classname="JonasFitness.API.SecurityPipeline" name="InactiveClub" time="0.567"/>
  <testcase classname="JonasFitness.API.SecurityPipeline" name="InvalidAPIKey" time="0.628"/>
  <testcase classname="JonasFitness.API.SecurityPipeline" name="InvalidClub" time="0.325"/>
  <testcase classname="JonasFitness.API.SecurityPipeline" name="InvalidCompany" time="0.25"/>
  <testcase classname="JonasFitness.API.SecurityPipeline" name="NoAPIKey" time="0.222"/>
</testsuite> <!-- SecurityPipeline -->
