<?xml version="1.0" encoding="UTF-8"?>
<!-- Generated by org.testng.reporters.JUnitXMLReporter -->
<testsuite ignored="0" hostname="REM-TNUZUM" failures="0" tests="2" name="Default test" time="8.312" errors="0" timestamp="2021-07-08T10:03:21 EDT">
  <testcase classname="unitTests.GetFieldsForAddOnMemberCreationByEmployee" name="fieldsFound" time="4.732"/>
  <testcase classname="unitTests.GetFieldsForAddOnMemberCreationByEmployee" name="fieldsFound2" time="2.836"/>
</testsuite> <!-- Default test -->
