<?xml version="1.0" encoding="UTF-8"?>
<!-- Generated by org.testng.reporters.JUnitXMLReporter -->
<testsuite ignored="0" hostname="COL-TNUZUM" failures="0" tests="3" name="Default test" time="5.98" errors="0" timestamp="2019-10-24T11:03:31 EDT">
  <testcase classname="JonasFitness.API.BookAppointmentByMember" name="FreeAppointment_SingleMember" time="2.947"/>
  <testcase classname="JonasFitness.API.BookAppointmentByMember" name="PaidAppointment_SingleMember" time="1.257"/>
  <testcase classname="JonasFitness.API.BookAppointmentByMember" name="PunchcardAppointment_SingleMember" time="1.3"/>
</testsuite> <!-- Default test -->
