<?xml version="1.0" encoding="UTF-8"?>
<!-- Generated by org.testng.reporters.JUnitXMLReporter -->
<testsuite ignored="21" hostname="REM-TNUZUM" failures="1" tests="1" name="Default test" time="3.323" errors="0" timestamp="2020-08-18T09:09:20 EDT">
  <testcase classname="unitTests.EnrollMemberInCourseOnAccount" name="memberEnrolledPaidCourseStarted" time="2.65">
    <failure type="java.lang.AssertionError" message="1 expectation failed.
Expected status code &amp;lt;200&amp;gt; but was &amp;lt;500&amp;gt;.
">
      <![CDATA[java.lang.AssertionError: 1 expectation failed.
Expected status code <200> but was <500>.

at java.base/jdk.internal.reflect.NativeConstructorAccessorImpl.newInstance0(Native Method)
at java.base/jdk.internal.reflect.NativeConstructorAccessorImpl.newInstance(NativeConstructorAccessorImpl.java:62)
at java.base/jdk.internal.reflect.DelegatingConstructorAccessorImpl.newInstance(DelegatingConstructorAccessorImpl.java:45)
at java.base/java.lang.reflect.Constructor.newInstance(Constructor.java:490)
at org.codehaus.groovy.reflection.CachedConstructor.invoke(CachedConstructor.java:72)
at org.codehaus.groovy.reflection.CachedConstructor.doConstructorInvoke(CachedConstructor.java:59)
at org.codehaus.groovy.runtime.callsite.ConstructorSite$ConstructorSiteNoUnwrap.callConstructor(ConstructorSite.java:84)
at org.codehaus.groovy.runtime.callsite.CallSiteArray.defaultCallConstructor(CallSiteArray.java:59)
at org.codehaus.groovy.runtime.callsite.AbstractCallSite.callConstructor(AbstractCallSite.java:263)
at org.codehaus.groovy.runtime.callsite.AbstractCallSite.callConstructor(AbstractCallSite.java:277)
at io.restassured.internal.ResponseSpecificationImpl$HamcrestAssertionClosure.validate(ResponseSpecificationImpl.groovy:493)
at io.restassured.internal.ResponseSpecificationImpl$HamcrestAssertionClosure$validate$1.call(Unknown Source)
at org.codehaus.groovy.runtime.callsite.CallSiteArray.defaultCall(CallSiteArray.java:47)
at org.codehaus.groovy.runtime.callsite.AbstractCallSite.call(AbstractCallSite.java:125)
at org.codehaus.groovy.runtime.callsite.AbstractCallSite.call(AbstractCallSite.java:139)
at io.restassured.internal.ResponseSpecificationImpl.validateResponseIfRequired(ResponseSpecificationImpl.groovy:674)
at java.base/jdk.internal.reflect.NativeMethodAccessorImpl.invoke0(Native Method)
at java.base/jdk.internal.reflect.NativeMethodAccessorImpl.invoke(NativeMethodAccessorImpl.java:62)
at java.base/jdk.internal.reflect.DelegatingMethodAccessorImpl.invoke(DelegatingMethodAccessorImpl.java:43)
at java.base/java.lang.reflect.Method.invoke(Method.java:566)
at org.codehaus.groovy.runtime.callsite.PlainObjectMetaMethodSite.doInvoke(PlainObjectMetaMethodSite.java:43)
at org.codehaus.groovy.runtime.callsite.PogoMetaMethodSite$PogoCachedMethodSiteNoUnwrapNoCoerce.invoke(PogoMetaMethodSite.java:193)
at org.codehaus.groovy.runtime.callsite.PogoMetaMethodSite.callCurrent(PogoMetaMethodSite.java:61)
at org.codehaus.groovy.runtime.callsite.CallSiteArray.defaultCallCurrent(CallSiteArray.java:51)
at org.codehaus.groovy.runtime.callsite.AbstractCallSite.callCurrent(AbstractCallSite.java:171)
at org.codehaus.groovy.runtime.callsite.AbstractCallSite.callCurrent(AbstractCallSite.java:185)
at io.restassured.internal.ResponseSpecificationImpl.statusCode(ResponseSpecificationImpl.groovy:126)
at io.restassured.specification.ResponseSpecification$statusCode$0.callCurrent(Unknown Source)
at org.codehaus.groovy.runtime.callsite.CallSiteArray.defaultCallCurrent(CallSiteArray.java:51)
at org.codehaus.groovy.runtime.callsite.AbstractCallSite.callCurrent(AbstractCallSite.java:171)
at org.codehaus.groovy.runtime.callsite.AbstractCallSite.callCurrent(AbstractCallSite.java:185)
at io.restassured.internal.ResponseSpecificationImpl.statusCode(ResponseSpecificationImpl.groovy:134)
at io.restassured.internal.ValidatableResponseOptionsImpl.statusCode(ValidatableResponseOptionsImpl.java:89)
at io.restassured.internal.ValidatableResponseImpl.super$2$statusCode(ValidatableResponseImpl.groovy)
at java.base/jdk.internal.reflect.NativeMethodAccessorImpl.invoke0(Native Method)
at java.base/jdk.internal.reflect.NativeMethodAccessorImpl.invoke(NativeMethodAccessorImpl.java:62)
at java.base/jdk.internal.reflect.DelegatingMethodAccessorImpl.invoke(DelegatingMethodAccessorImpl.java:43)
at java.base/java.lang.reflect.Method.invoke(Method.java:566)
at org.codehaus.groovy.reflection.CachedMethod.invoke(CachedMethod.java:107)
at groovy.lang.MetaMethod.doMethodInvoke(MetaMethod.java:323)
at groovy.lang.MetaClassImpl.invokeMethod(MetaClassImpl.java:1262)
at org.codehaus.groovy.runtime.ScriptBytecodeAdapter.invokeMethodOnSuperN(ScriptBytecodeAdapter.java:144)
at io.restassured.internal.ValidatableResponseImpl.statusCode(ValidatableResponseImpl.groovy:142)
at io.restassured.internal.ValidatableResponseImpl.statusCode(ValidatableResponseImpl.groovy)
at unitTests.EnrollMemberInCourseOnAccount.memberEnrolledPaidCourseStarted(EnrollMemberInCourseOnAccount.java:59)
at java.base/jdk.internal.reflect.NativeMethodAccessorImpl.invoke0(Native Method)
at java.base/jdk.internal.reflect.NativeMethodAccessorImpl.invoke(NativeMethodAccessorImpl.java:62)
at java.base/jdk.internal.reflect.DelegatingMethodAccessorImpl.invoke(DelegatingMethodAccessorImpl.java:43)
at java.base/java.lang.reflect.Method.invoke(Method.java:566)
at org.testng.internal.MethodInvocationHelper.invokeMethod(MethodInvocationHelper.java:132)
at org.testng.internal.TestInvoker.invokeMethod(TestInvoker.java:599)
at org.testng.internal.TestInvoker.invokeTestMethod(TestInvoker.java:174)
at org.testng.internal.MethodRunner.runInSequence(MethodRunner.java:46)
at org.testng.internal.TestInvoker$MethodInvocationAgent.invoke(TestInvoker.java:822)
at org.testng.internal.TestInvoker.invokeTestMethods(TestInvoker.java:147)
at org.testng.internal.TestMethodWorker.invokeTestMethods(TestMethodWorker.java:146)
at org.testng.internal.TestMethodWorker.run(TestMethodWorker.java:128)
at java.base/java.util.ArrayList.forEach(ArrayList.java:1540)
at org.testng.TestRunner.privateRun(TestRunner.java:764)
at org.testng.TestRunner.run(TestRunner.java:585)
at org.testng.SuiteRunner.runTest(SuiteRunner.java:384)
at org.testng.SuiteRunner.runSequentially(SuiteRunner.java:378)
at org.testng.SuiteRunner.privateRun(SuiteRunner.java:337)
at org.testng.SuiteRunner.run(SuiteRunner.java:286)
at org.testng.SuiteRunnerWorker.runSuite(SuiteRunnerWorker.java:53)
at org.testng.SuiteRunnerWorker.run(SuiteRunnerWorker.java:96)
at org.testng.TestNG.runSuitesSequentially(TestNG.java:1218)
at org.testng.TestNG.runSuitesLocally(TestNG.java:1140)
at org.testng.TestNG.runSuites(TestNG.java:1069)
at org.testng.TestNG.run(TestNG.java:1037)
at org.testng.remote.AbstractRemoteTestNG.run(AbstractRemoteTestNG.java:115)
at org.testng.remote.RemoteTestNG.initAndRun(RemoteTestNG.java:251)
at org.testng.remote.RemoteTestNG.main(RemoteTestNG.java:77)
]]>
    </failure>
  </testcase> <!-- memberEnrolledPaidCourseStarted -->
  <testcase classname="unitTests.EnrollMemberInCourseOnAccount" name="noFOP_AccountProblem" time="0.0">
    <ignored/>
  </testcase> <!-- noFOP_AccountProblem -->
  <testcase classname="unitTests.EnrollMemberInCourseOnAccount" name="memberNotEnrolledOnStandby" time="0.0">
    <ignored/>
  </testcase> <!-- memberNotEnrolledOnStandby -->
  <testcase classname="unitTests.EnrollMemberInCourseOnAccount" name="memberEnrolledOnStandby" time="0.0">
    <ignored/>
  </testcase> <!-- memberEnrolledOnStandby -->
  <testcase classname="unitTests.EnrollMemberInCourseOnAccount" name="courseEnrollmentClosed" time="0.0">
    <ignored/>
  </testcase> <!-- courseEnrollmentClosed -->
  <testcase classname="unitTests.EnrollMemberInCourseOnAccount" name="customerNotFound" time="0.0">
    <ignored/>
  </testcase> <!-- customerNotFound -->
  <testcase classname="unitTests.EnrollMemberInCourseOnAccount" name="memberAlreadyEnrolled" time="0.0">
    <ignored/>
  </testcase> <!-- memberAlreadyEnrolled -->
  <testcase classname="unitTests.EnrollMemberInCourseOnAccount" name="courseNotAvailableOnlineEmployee" time="0.0">
    <ignored/>
  </testcase> <!-- courseNotAvailableOnlineEmployee -->
  <testcase classname="unitTests.EnrollMemberInCourseOnAccount" name="enrollmentNotOpen" time="0.0">
    <ignored/>
  </testcase> <!-- enrollmentNotOpen -->
  <testcase classname="unitTests.EnrollMemberInCourseOnAccount" name="enrollmentNotAllowedFrozenMember" time="0.0">
    <ignored/>
  </testcase> <!-- enrollmentNotAllowedFrozenMember -->
  <testcase classname="unitTests.EnrollMemberInCourseOnAccount" name="memberAlreadyOnStandby" time="0.0">
    <ignored/>
  </testcase> <!-- memberAlreadyOnStandby -->
  <testcase classname="unitTests.EnrollMemberInCourseOnAccount" name="memberEnrolledFreeCourseCollectionsMember" time="0.0">
    <ignored/>
  </testcase> <!-- memberEnrolledFreeCourseCollectionsMember -->
  <testcase classname="unitTests.EnrollMemberInCourseOnAccount" name="memberEnrolledPaidCourseNotStarted" time="0.0">
    <ignored/>
  </testcase> <!-- memberEnrolledPaidCourseNotStarted -->
  <testcase classname="unitTests.EnrollMemberInCourseOnAccount" name="creditLimitedExceeded" time="0.0">
    <ignored/>
  </testcase> <!-- creditLimitedExceeded -->
  <testcase classname="unitTests.EnrollMemberInCourseOnAccount" name="memberEnrolledFreeCourse" time="0.0">
    <ignored/>
  </testcase> <!-- memberEnrolledFreeCourse -->
  <testcase classname="unitTests.EnrollMemberInCourseOnAccount" name="enrollmentNotAllowedProspectMember" time="0.0">
    <ignored/>
  </testcase> <!-- enrollmentNotAllowedProspectMember -->
  <testcase classname="unitTests.EnrollMemberInCourseOnAccount" name="courseEnded" time="0.0">
    <ignored/>
  </testcase> <!-- courseEnded -->
  <testcase classname="unitTests.EnrollMemberInCourseOnAccount" name="enrollmentNotAllowedTerminatedMember" time="0.0">
    <ignored/>
  </testcase> <!-- enrollmentNotAllowedTerminatedMember -->
  <testcase classname="unitTests.EnrollMemberInCourseOnAccount" name="courseNotFound" time="0.0">
    <ignored/>
  </testcase> <!-- courseNotFound -->
  <testcase classname="unitTests.EnrollMemberInCourseOnAccount" name="productPriceChanged" time="0.0">
    <ignored/>
  </testcase> <!-- productPriceChanged -->
  <testcase classname="unitTests.EnrollMemberInCourseOnAccount" name="enrollmentNotAllowedCollectionsMember" time="0.0">
    <ignored/>
  </testcase> <!-- enrollmentNotAllowedCollectionsMember -->
  <testcase classname="unitTests.EnrollMemberInCourseOnAccount" name="courseNotAvailableOnlineMember" time="0.0">
    <ignored/>
  </testcase> <!-- courseNotAvailableOnlineMember -->
</testsuite> <!-- Default test -->
