<?xml version="1.0" encoding="UTF-8"?>
<!-- Generated by org.testng.reporters.JUnitXMLReporter -->
<testsuite ignored="0" hostname="COL-TNUZUM" failures="0" tests="2" name="Default test" time="2.241" errors="0" timestamp="2019-10-22T08:46:24 EDT">
  <testcase classname="JonasFitness.API._Draft_GetOnlinePackagesForPurchaseByClub" name="PackageNotAllowed" time="1.454"/>
  <testcase classname="JonasFitness.API._Draft_GetOnlinePackagesForPurchaseByClub" name="PackagesFound" time="0.235"/>
</testsuite> <!-- Default test -->
