<?xml version="1.0" encoding="UTF-8"?>
<!-- Generated by org.testng.reporters.JUnitXMLReporter -->
<testsuite ignored="0" hostname="COL-TNUZUM" failures="0" tests="5" name="Default test" time="9.281" errors="0" timestamp="2019-10-15T12:58:53 EDT">
  <testcase classname="JonasFitness.API.GetCardsOnFileByMember" name="PBI146302_Test1" time="5.779"/>
  <testcase classname="JonasFitness.API.GetCardsOnFileByMember" name="PBI146302_Test2" time="1.009"/>
  <testcase classname="JonasFitness.API.GetCardsOnFileByMember" name="PBI146302_Test3" time="0.95"/>
  <testcase classname="JonasFitness.API.GetCardsOnFileByMember" name="PBI146302_Test4" time="0.803"/>
  <testcase classname="JonasFitness.API.GetCardsOnFileByMember" name="PBI146302_Test5" time="0.684"/>
</testsuite> <!-- Default test -->
