<?xml version="1.0" encoding="UTF-8"?>
<!-- Generated by org.testng.reporters.JUnitXMLReporter -->
<testsuite ignored="3" hostname="CLP-QA-TN" failures="0" tests="16" name="Default test" time="16.066" errors="0" timestamp="2020-03-13T17:47:50 EDT">
  <testcase classname="unitTests.PurchasePackageWithNewCreditCard" name="creditLimitNotExceeded" time="2.893"/>
  <testcase classname="unitTests.PurchasePackageWithNewCreditCard" name="freePackage" time="0.895"/>
  <testcase classname="unitTests.PurchasePackageWithNewCreditCard" name="freeService" time="0.953"/>
  <testcase classname="unitTests.PurchasePackageWithNewCreditCard" name="freeTraining" time="0.894"/>
  <testcase classname="unitTests.PurchasePackageWithNewCreditCard" name="frozenMember" time="0.956"/>
  <testcase classname="unitTests.PurchasePackageWithNewCreditCard" name="itemNotFound" time="0.457"/>
  <testcase classname="unitTests.PurchasePackageWithNewCreditCard" name="itemNotPackage" time="0.464"/>
  <testcase classname="unitTests.PurchasePackageWithNewCreditCard" name="memberNotFound" time="0.437"/>
  <testcase classname="unitTests.PurchasePackageWithNewCreditCard" name="paidServiceV" time="0.926"/>
  <testcase classname="unitTests.PurchasePackageWithNewCreditCard" name="paidTraining" time="0.972"/>
  <testcase classname="unitTests.PurchasePackageWithNewCreditCard" name="productPriceChanged" time="0.61"/>
  <testcase classname="unitTests.PurchasePackageWithNewCreditCard" name="quantityZero" time="0.397"/>
  <testcase classname="unitTests.PurchasePackageWithNewCreditCard" name="taxedItem" time="1.184"/>
  <testcase classname="unitTests.PurchasePackageWithNewCreditCard" name="terminatedMember" time="0.965"/>
  <testcase classname="unitTests.PurchasePackageWithNewCreditCard" name="tierPricingPackage_Tier1" time="1.063"/>
  <testcase classname="unitTests.PurchasePackageWithNewCreditCard" name="tierPricingPackage_Tier2" time="1.066"/>
  <testcase classname="unitTests.PurchasePackageWithNewCreditCard" name="creditLimitExceeded" time="0.0">
    <ignored/>
  </testcase> <!-- creditLimitExceeded -->
  <testcase classname="unitTests.PurchasePackageWithNewCreditCard" name="prospect" time="0.0">
    <ignored/>
  </testcase> <!-- prospect -->
  <testcase classname="unitTests.PurchasePackageWithNewCreditCard" name="collectionsMember" time="0.0">
    <ignored/>
  </testcase> <!-- collectionsMember -->
</testsuite> <!-- Default test -->
