<?xml version="1.0" encoding="UTF-8"?>
<!-- Generated by org.testng.reporters.JUnitXMLReporter -->
<testsuite ignored="0" hostname="COL-TNUZUM" failures="0" tests="21" name="Default test" time="119.554" errors="0" timestamp="2020-02-18T14:37:53 EST">
  <testcase classname="JonasFitness.API.EnrollMemberInCourseOnAccount" name="courseEnded" time="2.177"/>
  <testcase classname="JonasFitness.API.EnrollMemberInCourseOnAccount" name="courseEnrollmentClosed" time="0.903"/>
  <testcase classname="JonasFitness.API.EnrollMemberInCourseOnAccount" name="courseNotAvailableOnline" time="1.074"/>
  <testcase classname="JonasFitness.API.EnrollMemberInCourseOnAccount" name="courseNotFound" time="0.495"/>
  <testcase classname="JonasFitness.API.EnrollMemberInCourseOnAccount" name="creditLimitedExceeded" time="1.064"/>
  <testcase classname="JonasFitness.API.EnrollMemberInCourseOnAccount" name="customerNotFound" time="0.382"/>
  <testcase classname="JonasFitness.API.EnrollMemberInCourseOnAccount" name="enrollmentNotAllowedCollectionsMember" time="1.123"/>
  <testcase classname="JonasFitness.API.EnrollMemberInCourseOnAccount" name="enrollmentNotAllowedFrozenMember" time="0.885"/>
  <testcase classname="JonasFitness.API.EnrollMemberInCourseOnAccount" name="enrollmentNotAllowedProspectMember" time="1.125"/>
  <testcase classname="JonasFitness.API.EnrollMemberInCourseOnAccount" name="enrollmentNotAllowedTerminatedMember" time="1.083"/>
  <testcase classname="JonasFitness.API.EnrollMemberInCourseOnAccount" name="enrollmentNotOpen" time="0.782"/>
  <testcase classname="JonasFitness.API.EnrollMemberInCourseOnAccount" name="memberAlreadyEnrolled" time="0.784"/>
  <testcase classname="JonasFitness.API.EnrollMemberInCourseOnAccount" name="memberAlreadyOnStandby" time="1.126"/>
  <testcase classname="JonasFitness.API.EnrollMemberInCourseOnAccount" name="memberEnrolledFreeCourse" time="37.469"/>
  <testcase classname="JonasFitness.API.EnrollMemberInCourseOnAccount" name="memberEnrolledFreeCourseCollectionsMember" time="16.135"/>
  <testcase classname="JonasFitness.API.EnrollMemberInCourseOnAccount" name="memberEnrolledOnStandby" time="16.164"/>
  <testcase classname="JonasFitness.API.EnrollMemberInCourseOnAccount" name="memberEnrolledPaidCourseNotStarted" time="16.603"/>
  <testcase classname="JonasFitness.API.EnrollMemberInCourseOnAccount" name="memberEnrolledPaidCourseStarted" time="16.545"/>
  <testcase classname="JonasFitness.API.EnrollMemberInCourseOnAccount" name="memberNotEnrolledOnStandby" time="1.022"/>
  <testcase classname="JonasFitness.API.EnrollMemberInCourseOnAccount" name="noFOP_AccountProblem" time="1.044"/>
  <testcase classname="JonasFitness.API.EnrollMemberInCourseOnAccount" name="productPriceChanged" time="1.035"/>
</testsuite> <!-- Default test -->
