<?xml version="1.0" encoding="UTF-8"?>
<!-- Generated by org.testng.reporters.JUnitXMLReporter -->
<testsuite ignored="0" hostname="COL-TNUZUM" failures="0" tests="9" name="Default test" time="7.077" errors="0" timestamp="2019-12-20T14:06:10 EST">
  <testcase classname="JonasFitness.API.VerifyClassEnrollmentCapability" name="classFullStandbyAllowed" time="2.365"/>
  <testcase classname="JonasFitness.API.VerifyClassEnrollmentCapability" name="customerAlreadyEnrolled" time="0.597"/>
  <testcase classname="JonasFitness.API.VerifyClassEnrollmentCapability" name="customerAlreadyOnStandby" time="0.585"/>
  <testcase classname="JonasFitness.API.VerifyClassEnrollmentCapability" name="enrollmentCapabilityVerified" time="0.615"/>
  <testcase classname="JonasFitness.API.VerifyClassEnrollmentCapability" name="enrollmentNotAllowed" time="0.62"/>
  <testcase classname="JonasFitness.API.VerifyClassEnrollmentCapability" name="invalidClassBarcodeId" time="0.501"/>
  <testcase classname="JonasFitness.API.VerifyClassEnrollmentCapability" name="invalidCustomerId" time="0.235"/>
  <testcase classname="JonasFitness.API.VerifyClassEnrollmentCapability" name="invalidOccurrence" time="0.454"/>
  <testcase classname="JonasFitness.API.VerifyClassEnrollmentCapability" name="productPriceChanged" time="0.601"/>
</testsuite> <!-- Default test -->
