<?xml version="1.0" encoding="UTF-8"?>
<!-- Generated by org.testng.reporters.JUnitXMLReporter -->
<testsuite ignored="21" hostname="COL-TNUZUM" failures="0" tests="1" name="Default test" time="4.36" errors="0" timestamp="2020-01-28T13:20:21 EST">
  <testcase classname="sprintReview.EnrollMemberInClassWithNewCreditCard" name="memberEnrolled_PaidClass" time="3.847"/>
  <testcase classname="sprintReview.EnrollMemberInClassWithNewCreditCard" name="classOccurrenceNotFound" time="0.0">
    <ignored/>
  </testcase> <!-- classOccurrenceNotFound -->
  <testcase classname="sprintReview.EnrollMemberInClassWithNewCreditCard" name="missingSecurityCode" time="0.0">
    <ignored/>
  </testcase> <!-- missingSecurityCode -->
  <testcase classname="sprintReview.EnrollMemberInClassWithNewCreditCard" name="classEnded" time="0.0">
    <ignored/>
  </testcase> <!-- classEnded -->
  <testcase classname="sprintReview.EnrollMemberInClassWithNewCreditCard" name="memberEnrolled_FreeClass" time="0.0">
    <ignored/>
  </testcase> <!-- memberEnrolled_FreeClass -->
  <testcase classname="sprintReview.EnrollMemberInClassWithNewCreditCard" name="missingCity" time="0.0">
    <ignored/>
  </testcase> <!-- missingCity -->
  <testcase classname="sprintReview.EnrollMemberInClassWithNewCreditCard" name="productPriceChanged" time="0.0">
    <ignored/>
  </testcase> <!-- productPriceChanged -->
  <testcase classname="sprintReview.EnrollMemberInClassWithNewCreditCard" name="classItemNotFound" time="0.0">
    <ignored/>
  </testcase> <!-- classItemNotFound -->
  <testcase classname="sprintReview.EnrollMemberInClassWithNewCreditCard" name="cardNumberInvalid" time="0.0">
    <ignored/>
  </testcase> <!-- cardNumberInvalid -->
  <testcase classname="sprintReview.EnrollMemberInClassWithNewCreditCard" name="memberAlreadyEnrolled" time="0.0">
    <ignored/>
  </testcase> <!-- memberAlreadyEnrolled -->
  <testcase classname="sprintReview.EnrollMemberInClassWithNewCreditCard" name="memberEnrolledOnStandby" time="0.0">
    <ignored/>
  </testcase> <!-- memberEnrolledOnStandby -->
  <testcase classname="sprintReview.EnrollMemberInClassWithNewCreditCard" name="cardExpired" time="0.0">
    <ignored/>
  </testcase> <!-- cardExpired -->
  <testcase classname="sprintReview.EnrollMemberInClassWithNewCreditCard" name="classNotAvailableOnline" time="0.0">
    <ignored/>
  </testcase> <!-- classNotAvailableOnline -->
  <testcase classname="sprintReview.EnrollMemberInClassWithNewCreditCard" name="customerNotFound" time="0.0">
    <ignored/>
  </testcase> <!-- customerNotFound -->
  <testcase classname="sprintReview.EnrollMemberInClassWithNewCreditCard" name="missingStateProvince" time="0.0">
    <ignored/>
  </testcase> <!-- missingStateProvince -->
  <testcase classname="sprintReview.EnrollMemberInClassWithNewCreditCard" name="missingCardNumber" time="0.0">
    <ignored/>
  </testcase> <!-- missingCardNumber -->
  <testcase classname="sprintReview.EnrollMemberInClassWithNewCreditCard" name="memberNotEnrolledOnStandby" time="0.0">
    <ignored/>
  </testcase> <!-- memberNotEnrolledOnStandby -->
  <testcase classname="sprintReview.EnrollMemberInClassWithNewCreditCard" name="missingAddressLine1" time="0.0">
    <ignored/>
  </testcase> <!-- missingAddressLine1 -->
  <testcase classname="sprintReview.EnrollMemberInClassWithNewCreditCard" name="missingPostalCode" time="0.0">
    <ignored/>
  </testcase> <!-- missingPostalCode -->
  <testcase classname="sprintReview.EnrollMemberInClassWithNewCreditCard" name="memberAlreadyOnStandby" time="0.0">
    <ignored/>
  </testcase> <!-- memberAlreadyOnStandby -->
  <testcase classname="sprintReview.EnrollMemberInClassWithNewCreditCard" name="cardNumberLengthIncorrect" time="0.0">
    <ignored/>
  </testcase> <!-- cardNumberLengthIncorrect -->
  <testcase classname="sprintReview.EnrollMemberInClassWithNewCreditCard" name="missingMemberNameOnCard" time="0.0">
    <ignored/>
  </testcase> <!-- missingMemberNameOnCard -->
</testsuite> <!-- Default test -->
