<?xml version="1.0" encoding="UTF-8"?>
<!-- Generated by org.testng.reporters.JUnitXMLReporter -->
<testsuite ignored="0" hostname="REM-TNUZUM" failures="0" tests="23" name="Default test" time="91.91" errors="0" timestamp="2021-02-16T09:17:46 EST">
  <testcase classname="unitTests.EnrollMemberInClassWithNewCreditCard" name="cardExpired" time="3.468"/>
  <testcase classname="unitTests.EnrollMemberInClassWithNewCreditCard" name="cardNumberInvalid" time="1.224"/>
  <testcase classname="unitTests.EnrollMemberInClassWithNewCreditCard" name="cardNumberLengthIncorrect" time="1.175"/>
  <testcase classname="unitTests.EnrollMemberInClassWithNewCreditCard" name="classEnded" time="0.974"/>
  <testcase classname="unitTests.EnrollMemberInClassWithNewCreditCard" name="classNotFound" time="0.73"/>
  <testcase classname="unitTests.EnrollMemberInClassWithNewCreditCard" name="classOccurrenceNotFound" time="0.809"/>
  <testcase classname="unitTests.EnrollMemberInClassWithNewCreditCard" name="customerNotFound" time="0.389"/>
  <testcase classname="unitTests.EnrollMemberInClassWithNewCreditCard" name="memberAlreadyEnrolled" time="1.061"/>
  <testcase classname="unitTests.EnrollMemberInClassWithNewCreditCard" name="memberAlreadyOnStandby" time="0.958"/>
  <testcase classname="unitTests.EnrollMemberInClassWithNewCreditCard" name="memberEnrolledOnStandby" time="18.764"/>
  <testcase classname="unitTests.EnrollMemberInClassWithNewCreditCard" name="memberEnrolled_FreeClass" time="18.41"/>
  <testcase classname="unitTests.EnrollMemberInClassWithNewCreditCard" name="memberEnrolled_FreeClassCollectionsMember" time="18.89"/>
  <testcase classname="unitTests.EnrollMemberInClassWithNewCreditCard" name="memberEnrolled_PaidClass" time="19.653"/>
  <testcase classname="unitTests.EnrollMemberInClassWithNewCreditCard" name="memberNotEnrolledOnStandby" time="1.142"/>
  <testcase classname="unitTests.EnrollMemberInClassWithNewCreditCard" name="missingAddressLine1" time="0.228"/>
  <testcase classname="unitTests.EnrollMemberInClassWithNewCreditCard" name="missingCardNumber" time="0.222"/>
  <testcase classname="unitTests.EnrollMemberInClassWithNewCreditCard" name="missingCity" time="0.455"/>
  <testcase classname="unitTests.EnrollMemberInClassWithNewCreditCard" name="missingMemberNameOnCard" time="0.215"/>
  <testcase classname="unitTests.EnrollMemberInClassWithNewCreditCard" name="missingPostalCode" time="0.455"/>
  <testcase classname="unitTests.EnrollMemberInClassWithNewCreditCard" name="missingSecurityCode" time="0.245"/>
  <testcase classname="unitTests.EnrollMemberInClassWithNewCreditCard" name="missingStateProvince" time="0.243"/>
  <testcase classname="unitTests.EnrollMemberInClassWithNewCreditCard" name="onlineSalesNotAllowedMember" time="0.544"/>
  <testcase classname="unitTests.EnrollMemberInClassWithNewCreditCard" name="productPriceChanged" time="0.914"/>
</testsuite> <!-- Default test -->
