<?xml version="1.0" encoding="UTF-8"?>
<!-- Generated by org.testng.reporters.JUnitXMLReporter -->
<testsuite ignored="0" hostname="COL-BKALLE" failures="0" tests="5" name="Default test" time="9.038" errors="0" timestamp="2019-11-04T15:02:35 EST">
  <testcase classname="JonasFitness.API.SearchOnlineMembersByProduct" name="Email" time="4.208"/>
  <testcase classname="JonasFitness.API.SearchOnlineMembersByProduct" name="FirstName" time="1.179"/>
  <testcase classname="JonasFitness.API.SearchOnlineMembersByProduct" name="LastName" time="1.102"/>
  <testcase classname="JonasFitness.API.SearchOnlineMembersByProduct" name="PhoneNoDashes" time="1.193"/>
  <testcase classname="JonasFitness.API.SearchOnlineMembersByProduct" name="PhoneWDashes" time="0.879"/>
</testsuite> <!-- Default test -->
