<?xml version="1.0" encoding="UTF-8"?>
<!-- Generated by org.testng.reporters.JUnitXMLReporter -->
<testsuite ignored="0" hostname="COL-TNUZUM" failures="0" tests="4" name="Default test" time="3.139" errors="0" timestamp="2019-10-14T13:08:09 EDT">
  <testcase classname="JonasFitness.API.draft_SecurityPipeline" name="PBI145817_Test1" time="1.78"/>
  <testcase classname="JonasFitness.API.draft_SecurityPipeline" name="PBI145817_Test2" time="0.339"/>
  <testcase classname="JonasFitness.API.draft_SecurityPipeline" name="PBI132893_Test1" time="0.269"/>
  <testcase classname="JonasFitness.API.draft_SecurityPipeline" name="PBI132893_Test2" time="0.263"/>
</testsuite> <!-- Default test -->
