<?xml version="1.0" encoding="UTF-8"?>
<!-- Generated by org.testng.reporters.JUnitXMLReporter -->
<testsuite ignored="0" hostname="COL-TNUZUM" failures="0" tests="3" name="Default test" time="3.447" errors="0" timestamp="2019-11-14T08:45:16 EST">
  <testcase classname="JonasFitness.API.AuthenticateMemberByUserCredentials" name="accountLocked" time="1.969"/>
  <testcase classname="JonasFitness.API.AuthenticateMemberByUserCredentials" name="forcePasswordChange" time="0.421"/>
  <testcase classname="JonasFitness.API.AuthenticateMemberByUserCredentials" name="memberFound" time="0.445"/>
</testsuite> <!-- Default test -->
