<?xml version="1.0" encoding="UTF-8"?>
<!-- Generated by org.testng.reporters.JUnitXMLReporter -->
<testsuite ignored="0" hostname="COL-TNUZUM" failures="0" tests="5" name="Default test" time="6.338" errors="0" timestamp="2019-10-14T11:20:01 EDT">
  <testcase classname="JonasFitness.API.Draft_GetCardsOnFileByMember" name="PBI146302_Test1" time="2.654"/>
  <testcase classname="JonasFitness.API.Draft_GetCardsOnFileByMember" name="PBI146302_Test2" time="1.062"/>
  <testcase classname="JonasFitness.API.Draft_GetCardsOnFileByMember" name="PBI146302_Test3" time="1.059"/>
  <testcase classname="JonasFitness.API.Draft_GetCardsOnFileByMember" name="PBI146302_Test4" time="0.834"/>
  <testcase classname="JonasFitness.API.Draft_GetCardsOnFileByMember" name="PBI146302_Test5" time="0.673"/>
</testsuite> <!-- Default test -->
