<?xml version="1.0" encoding="UTF-8"?>
<testsuite xmlns:xsi="http://www.w3.org/2001/XMLSchema-instance" xsi:noNamespaceSchemaLocation="https://maven.apache.org/surefire/maven-surefire-plugin/xsd/surefire-test-report-3.0.xsd" version="3.0" name="TestSuite" time="1,813.082" tests="801" errors="0" skipped="0" failures="0">
  <properties>
[...]
</properties>
  <testcase name="validateCustomerId" classname="functionalTests.ScheduleAppointment" time="2.741"/>
  <testcase name="getOccurrence" classname="functionalTests.ScheduleAppointment" time="2.715"/>
  <testcase name="getBookId" classname="functionalTests.ScheduleAppointment" time="3.032"/>
  <testcase name="bookAppt" classname="functionalTests.ScheduleAppointment" time="2.449"/>
  <testcase name="apptCancelled" classname="functionalTests.ScheduleAppointment" time="1.539"/>
  <testcase name="addressLine1Required" classname="unitTests.AddCardOnFileByMember" time="0.458"/>
  <testcase name="cardAddedAgreementUpdated" classname="unitTests.AddCardOnFileByMember" time="1.114"/>
  <testcase name="cardAddedNotHouseAcount" classname="unitTests.AddCardOnFileByMember" time="5.824"/>
  <testcase name="cardNumberRequired" classname="unitTests.AddCardOnFileByMember" time="0.266"/>
  <testcase name="cardholderNameRequired" classname="unitTests.AddCardOnFileByMember" time="0.272"/>
  <testcase name="cityRequired" classname="unitTests.AddCardOnFileByMember" time="0.237"/>
  <testcase name="customerNotFound" classname="unitTests.AddCardOnFileByMember" time="0.699"/>
  <testcase name="customerRequired" classname="unitTests.AddCardOnFileByMember" time="0.315"/>
  <testcase name="expirationMonthRequired" classname="unitTests.AddCardOnFileByMember" time="0.186"/>
  <testcase name="expirationYearRequired" classname="unitTests.AddCardOnFileByMember" time="0.227"/>
  <testcase name="postalCodeRequired" classname="unitTests.AddCardOnFileByMember" time="0.502"/>
  <testcase name="stateProvinceRequired" classname="unitTests.AddCardOnFileByMember" time="0.555"/>
  <testcase name="cardAddedNewMember" classname="unitTests.AddCardOnFileByMember" time="8.473"/>
  <testcase name="secondCardAddedNewMember" classname="unitTests.AddCardOnFileByMember" time="2.528"/>
  <testcase name="wrongCredentials" classname="unitTests.AuthenticateMemberByUserCredentials" time="0.61"/>
  <testcase name="memberFound" classname="unitTests.AuthenticateMemberByUserCredentials" time="0.405"/>
  <testcase name="accountLocked" classname="unitTests.AuthenticateMemberByUserCredentials" time="0.397"/>
  <testcase name="forcePasswordChange" classname="unitTests.AuthenticateMemberByUserCredentials" time="0.789"/>
  <testcase name="FreeAppointment_SingleMember" classname="unitTests.BookAppointmentByEmployee" time="4.672"/>
  <testcase name="PaidAppointment_MultipleMember" classname="unitTests.BookAppointmentByEmployee" time="2.659"/>
  <testcase name="PaidAppointment_SingleMember" classname="unitTests.BookAppointmentByEmployee" time="3.505"/>
  <testcase name="appointmentNotFound" classname="unitTests.BookAppointmentByEmployee" time="1.256"/>
  <testcase name="notEnoughPunches" classname="unitTests.BookAppointmentByEmployee" time="3.397"/>
  <testcase name="notValidBookableItem" classname="unitTests.BookAppointmentByEmployee" time="0.825"/>
  <testcase name="productPriceChanged" classname="unitTests.BookAppointmentByEmployee" time="1.44"/>
  <testcase name="punchcardAppointment_SingleMember" classname="unitTests.BookAppointmentByEmployee" time="2.319"/>
  <testcase name="FreeAppointment_SingleMember" classname="unitTests.BookAppointmentByMember" time="4.829"/>
  <testcase name="PaidAppointment_MultipleMember" classname="unitTests.BookAppointmentByMember" time="3.188"/>
  <testcase name="PaidAppointment_SingleMember" classname="unitTests.BookAppointmentByMember" time="3.971"/>
  <testcase name="appointmentNotFound" classname="unitTests.BookAppointmentByMember" time="1.208"/>
  <testcase name="notEnoughPunches" classname="unitTests.BookAppointmentByMember" time="0.742"/>
  <testcase name="notValidBookableItem" classname="unitTests.BookAppointmentByMember" time="0.625"/>
  <testcase name="punchcardAppointment_SingleMember" classname="unitTests.BookAppointmentByMember" time="2.735"/>
  <testcase name="ApptAlreadyCancelled" classname="unitTests.CancelAppointmentByEmployee" time="1.211"/>
  <testcase name="ApptNotFound" classname="unitTests.CancelAppointmentByEmployee" time="0.42"/>
  <testcase name="NotCancelled_ApptDatePast" classname="unitTests.CancelAppointmentByEmployee" time="0.437"/>
  <testcase name="ApptAlreadyCancelled" classname="unitTests.CancelAppointmentByMember" time="0.821"/>
  <testcase name="ApptNotFound" classname="unitTests.CancelAppointmentByMember" time="0.662"/>
  <testcase name="NotCancelled_ApptDatePast" classname="unitTests.CancelAppointmentByMember" time="0.463"/>
  <testcase name="memberCreated" classname="unitTests.CreateMember" time="4.757"/>
  <testcase name="actionNotFound" classname="unitTests.CreateMemberNotes" time="0.58"/>
  <testcase name="actionNull" classname="unitTests.CreateMemberNotes" time="0.209"/>
  <testcase name="alertOnCheckInNull" classname="unitTests.CreateMemberNotes" time="1.147"/>
  <testcase name="customerNotFound" classname="unitTests.CreateMemberNotes" time="1.402"/>
  <testcase name="customerNull" classname="unitTests.CreateMemberNotes" time="0.193"/>
  <testcase name="doNotDisplayInFrontDesk" classname="unitTests.CreateMemberNotes" time="1.422"/>
  <testcase name="doNotDisplayInFrontDeskNull" classname="unitTests.CreateMemberNotes" time="0.664"/>
  <testcase name="employeeNotFound" classname="unitTests.CreateMemberNotes" time="0.471"/>
  <testcase name="employeeNull" classname="unitTests.CreateMemberNotes" time="0.215"/>
  <testcase name="memberNotesCreated" classname="unitTests.CreateMemberNotes" time="1.439"/>
  <testcase name="noteAlertOnCheckin" classname="unitTests.CreateMemberNotes" time="1.415"/>
  <testcase name="noteEmpty" classname="unitTests.CreateMemberNotes" time="0.218"/>
  <testcase name="cSIResponseApproved" classname="unitTests.CSIPayGateway" time="2.094"/>
  <testcase name="cSIResponseCardExpired" classname="unitTests.CSIPayGateway" time="1.213"/>
  <testcase name="cSIResponseDeclined" classname="unitTests.CSIPayGateway" time="1.52"/>
  <testcase name="courseEnrolledWithNewCard" classname="unitTests.CSIPayGateway" time="19.712"/>
  <testcase name="trainingPurchasedWithNewCardApproved" classname="unitTests.CSIPayGateway" time="1.615"/>
  <testcase name="trainingPurchasedWithNewCardDeclined" classname="unitTests.CSIPayGateway" time="1.662"/>
  <testcase name="classEnded" classname="unitTests.EnrollMemberInClassOnAccount" time="1.521"/>
  <testcase name="classEnrollmentClosed" classname="unitTests.EnrollMemberInClassOnAccount" time="0.913"/>
  <testcase name="classNotFound" classname="unitTests.EnrollMemberInClassOnAccount" time="0.563"/>
  <testcase name="creditLimitedExceeded" classname="unitTests.EnrollMemberInClassOnAccount" time="1.318"/>
  <testcase name="customerNotFound" classname="unitTests.EnrollMemberInClassOnAccount" time="0.408"/>
  <testcase name="enrollmentNotAllowedCollectionsMember" classname="unitTests.EnrollMemberInClassOnAccount" time="1.109"/>
  <testcase name="enrollmentNotAllowedFrozenMember" classname="unitTests.EnrollMemberInClassOnAccount" time="0.954"/>
  <testcase name="enrollmentNotAllowedProspectMember" classname="unitTests.EnrollMemberInClassOnAccount" time="2.08"/>
  <testcase name="enrollmentNotAllowedTerminatedMember" classname="unitTests.EnrollMemberInClassOnAccount" time="0.87"/>
  <testcase name="enrollmentNotOpen" classname="unitTests.EnrollMemberInClassOnAccount" time="1.137"/>
  <testcase name="memberAlreadyEnrolled" classname="unitTests.EnrollMemberInClassOnAccount" time="2.005"/>
  <testcase name="memberAlreadyOnStandby" classname="unitTests.EnrollMemberInClassOnAccount" time="0.902"/>
  <testcase name="memberEnrolledFreeClass" classname="unitTests.EnrollMemberInClassOnAccount" time="19.013"/>
  <testcase name="memberEnrolledFreeClassCollectionsMember" classname="unitTests.EnrollMemberInClassOnAccount" time="18.258"/>
  <testcase name="memberEnrolledOnStandby" classname="unitTests.EnrollMemberInClassOnAccount" time="19.882"/>
  <testcase name="memberEnrolledPaidClassNotStarted" classname="unitTests.EnrollMemberInClassOnAccount" time="18.68"/>
  <testcase name="memberEnrolledPaidClassStarted" classname="unitTests.EnrollMemberInClassOnAccount" time="23.663"/>
  <testcase name="memberNotEnrolledOnStandby" classname="unitTests.EnrollMemberInClassOnAccount" time="0.928"/>
  <testcase name="noFOP_AccountProblem" classname="unitTests.EnrollMemberInClassOnAccount" time="1.195"/>
  <testcase name="occurrenceNotFound" classname="unitTests.EnrollMemberInClassOnAccount" time="0.806"/>
  <testcase name="productPriceChanged" classname="unitTests.EnrollMemberInClassOnAccount" time="1.032"/>
  <testcase name="schedulingConflict" classname="unitTests.EnrollMemberInClassOnAccount" time="0.949"/>
  <testcase name="courseEnded" classname="unitTests.EnrollMemberInCourseOnAccount" time="1.074"/>
  <testcase name="courseEnrollmentClosed" classname="unitTests.EnrollMemberInCourseOnAccount" time="0.792"/>
  <testcase name="courseNotFound" classname="unitTests.EnrollMemberInCourseOnAccount" time="0.515"/>
  <testcase name="creditLimitedExceeded" classname="unitTests.EnrollMemberInCourseOnAccount" time="1.069"/>
  <testcase name="customerNotFound" classname="unitTests.EnrollMemberInCourseOnAccount" time="0.56"/>
  <testcase name="enrollmentNotAllowedCollectionsMember" classname="unitTests.EnrollMemberInCourseOnAccount" time="0.916"/>
  <testcase name="enrollmentNotAllowedFrozenMember" classname="unitTests.EnrollMemberInCourseOnAccount" time="0.757"/>
  <testcase name="enrollmentNotAllowedProspectMember" classname="unitTests.EnrollMemberInCourseOnAccount" time="0.87"/>
  <testcase name="enrollmentNotAllowedTerminatedMember" classname="unitTests.EnrollMemberInCourseOnAccount" time="2.012"/>
  <testcase name="enrollmentNotOpen" classname="unitTests.EnrollMemberInCourseOnAccount" time="2.05"/>
  <testcase name="memberAlreadyEnrolled" classname="unitTests.EnrollMemberInCourseOnAccount" time="0.783"/>
  <testcase name="memberAlreadyOnStandby" classname="unitTests.EnrollMemberInCourseOnAccount" time="0.759"/>
  <testcase name="memberEnrolledFreeCourse" classname="unitTests.EnrollMemberInCourseOnAccount" time="19.163"/>
  <testcase name="memberEnrolledFreeCourseCollectionsMember" classname="unitTests.EnrollMemberInCourseOnAccount" time="18.924"/>
  <testcase name="memberEnrolledOnStandby" classname="unitTests.EnrollMemberInCourseOnAccount" time="19.211"/>
  <testcase name="memberEnrolledPaidCourseNotStarted" classname="unitTests.EnrollMemberInCourseOnAccount" time="21.684"/>
  <testcase name="memberEnrolledPaidCourseStarted" classname="unitTests.EnrollMemberInCourseOnAccount" time="19.773"/>
  <testcase name="memberNotEnrolledOnStandby" classname="unitTests.EnrollMemberInCourseOnAccount" time="1.293"/>
  <testcase name="noFOP_AccountProblem" classname="unitTests.EnrollMemberInCourseOnAccount" time="1.06"/>
  <testcase name="productPriceChanged" classname="unitTests.EnrollMemberInCourseOnAccount" time="0.909"/>
  <testcase name="classEnded" classname="unitTests.EnrollMemberInClassWithCardOnFile" time="1.136"/>
  <testcase name="classNotAvailableOnline" classname="unitTests.EnrollMemberInClassWithCardOnFile" time="0.527"/>
  <testcase name="classNotFound" classname="unitTests.EnrollMemberInClassWithCardOnFile" time="0.821"/>
  <testcase name="classOccurrenceNotFound" classname="unitTests.EnrollMemberInClassWithCardOnFile" time="0.733"/>
  <testcase name="customerNotFound" classname="unitTests.EnrollMemberInClassWithCardOnFile" time="1.006"/>
  <testcase name="memberAlreadyEnrolled" classname="unitTests.EnrollMemberInClassWithCardOnFile" time="0.898"/>
  <testcase name="memberAlreadyOnStandby" classname="unitTests.EnrollMemberInClassWithCardOnFile" time="0.897"/>
  <testcase name="memberEnrolledOnStandby" classname="unitTests.EnrollMemberInClassWithCardOnFile" time="18.151"/>
  <testcase name="memberEnrolled_FreeClass" classname="unitTests.EnrollMemberInClassWithCardOnFile" time="18.697"/>
  <testcase name="memberEnrolled_FreeClassCollectionsMember" classname="unitTests.EnrollMemberInClassWithCardOnFile" time="19.693"/>
  <testcase name="memberEnrolled_PaidClass" classname="unitTests.EnrollMemberInClassWithCardOnFile" time="21.483"/>
  <testcase name="memberNotEnrolledOnStandby" classname="unitTests.EnrollMemberInClassWithCardOnFile" time="0.94"/>
  <testcase name="noFOP_AccountProblem" classname="unitTests.EnrollMemberInClassWithCardOnFile" time="1.331"/>
  <testcase name="productPriceChanged" classname="unitTests.EnrollMemberInClassWithCardOnFile" time="1.23"/>
  <testcase name="schedulingConflict" classname="unitTests.EnrollMemberInClassWithCardOnFile" time="1.943"/>
  <testcase name="courseEnded" classname="unitTests.EnrollMemberInCourseWithCardOnFile" time="1.222"/>
  <testcase name="courseNotAvailableOnline" classname="unitTests.EnrollMemberInCourseWithCardOnFile" time="1.424"/>
  <testcase name="courseNotFound" classname="unitTests.EnrollMemberInCourseWithCardOnFile" time="0.467"/>
  <testcase name="customerNotFound" classname="unitTests.EnrollMemberInCourseWithCardOnFile" time="0.703"/>
  <testcase name="memberAlreadyEnrolled" classname="unitTests.EnrollMemberInCourseWithCardOnFile" time="0.774"/>
  <testcase name="memberAlreadyOnStandby" classname="unitTests.EnrollMemberInCourseWithCardOnFile" time="0.775"/>
  <testcase name="memberEnrolledFreeCourseCollectionsMember" classname="unitTests.EnrollMemberInCourseWithCardOnFile" time="19.09"/>
  <testcase name="memberEnrolledOnStandby" classname="unitTests.EnrollMemberInCourseWithCardOnFile" time="18.054"/>
  <testcase name="memberEnrolled_FreeCourse" classname="unitTests.EnrollMemberInCourseWithCardOnFile" time="19.405"/>
  <testcase name="memberEnrolled_PaidCourse" classname="unitTests.EnrollMemberInCourseWithCardOnFile" time="20.157"/>
  <testcase name="memberNotEnrolledOnStandby" classname="unitTests.EnrollMemberInCourseWithCardOnFile" time="0.853"/>
  <testcase name="noFOP_AccountProblem" classname="unitTests.EnrollMemberInCourseWithCardOnFile" time="1.039"/>
  <testcase name="productPriceChanged" classname="unitTests.EnrollMemberInCourseWithCardOnFile" time="3.846"/>
  <testcase name="schedulingConflict" classname="unitTests.EnrollMemberInCourseWithCardOnFile" time="0.959"/>
  <testcase name="cardExpired" classname="unitTests.EnrollMemberInClassWithNewCreditCard" time="1.991"/>
  <testcase name="cardNumberInvalid" classname="unitTests.EnrollMemberInClassWithNewCreditCard" time="2.234"/>
  <testcase name="cardNumberLengthIncorrect" classname="unitTests.EnrollMemberInClassWithNewCreditCard" time="1.236"/>
  <testcase name="classEnded" classname="unitTests.EnrollMemberInClassWithNewCreditCard" time="0.963"/>
  <testcase name="classNotFound" classname="unitTests.EnrollMemberInClassWithNewCreditCard" time="1.899"/>
  <testcase name="classOccurrenceNotFound" classname="unitTests.EnrollMemberInClassWithNewCreditCard" time="0.733"/>
  <testcase name="customerNotFound" classname="unitTests.EnrollMemberInClassWithNewCreditCard" time="0.367"/>
  <testcase name="memberAlreadyEnrolled" classname="unitTests.EnrollMemberInClassWithNewCreditCard" time="0.893"/>
  <testcase name="memberAlreadyOnStandby" classname="unitTests.EnrollMemberInClassWithNewCreditCard" time="0.913"/>
  <testcase name="memberEnrolledOnStandby" classname="unitTests.EnrollMemberInClassWithNewCreditCard" time="19.98"/>
  <testcase name="memberEnrolled_FreeClass" classname="unitTests.EnrollMemberInClassWithNewCreditCard" time="21.028"/>
  <testcase name="memberEnrolled_FreeClassCollectionsMember" classname="unitTests.EnrollMemberInClassWithNewCreditCard" time="19.182"/>
  <testcase name="memberEnrolled_PaidClass" classname="unitTests.EnrollMemberInClassWithNewCreditCard" time="18.833"/>
  <testcase name="memberNotEnrolledOnStandby" classname="unitTests.EnrollMemberInClassWithNewCreditCard" time="1.012"/>
  <testcase name="missingAddressLine1" classname="unitTests.EnrollMemberInClassWithNewCreditCard" time="0.214"/>
  <testcase name="missingCardNumber" classname="unitTests.EnrollMemberInClassWithNewCreditCard" time="0.227"/>
  <testcase name="missingCity" classname="unitTests.EnrollMemberInClassWithNewCreditCard" time="0.752"/>
  <testcase name="missingMemberNameOnCard" classname="unitTests.EnrollMemberInClassWithNewCreditCard" time="0.222"/>
  <testcase name="missingPostalCode" classname="unitTests.EnrollMemberInClassWithNewCreditCard" time="0.47"/>
  <testcase name="missingSecurityCode" classname="unitTests.EnrollMemberInClassWithNewCreditCard" time="0.235"/>
  <testcase name="missingStateProvince" classname="unitTests.EnrollMemberInClassWithNewCreditCard" time="0.62"/>
  <testcase name="onlineSalesNotAllowedMember" classname="unitTests.EnrollMemberInClassWithNewCreditCard" time="0.514"/>
  <testcase name="productPriceChanged" classname="unitTests.EnrollMemberInClassWithNewCreditCard" time="4.257"/>
  <testcase name="cardExpired" classname="unitTests.EnrollMemberInCourseWithNewCreditCard" time="1.954"/>
  <testcase name="cardNumberInvalid" classname="unitTests.EnrollMemberInCourseWithNewCreditCard" time="1.194"/>
  <testcase name="cardNumberLengthIncorrect" classname="unitTests.EnrollMemberInCourseWithNewCreditCard" time="1.161"/>
  <testcase name="courseNotFound" classname="unitTests.EnrollMemberInCourseWithNewCreditCard" time="0.383"/>
  <testcase name="memberEnrolledFreeCourse" classname="unitTests.EnrollMemberInCourseWithNewCreditCard" time="18.981"/>
  <testcase name="memberEnrolledFreeCourseCollectionsMember" classname="unitTests.EnrollMemberInCourseWithNewCreditCard" time="18.453"/>
  <testcase name="memberEnrolledOnStandby" classname="unitTests.EnrollMemberInCourseWithNewCreditCard" time="18.608"/>
  <testcase name="memberEnrolledPaidCourse" classname="unitTests.EnrollMemberInCourseWithNewCreditCard" time="18.637"/>
  <testcase name="memberNotEnrolledOnStandby" classname="unitTests.EnrollMemberInCourseWithNewCreditCard" time="0.769"/>
  <testcase name="classNotFound" classname="unitTests.EnrollMemberInClassWithPunchcard" time="0.727"/>
  <testcase name="memberEnrolledFreeClass" classname="unitTests.EnrollMemberInClassWithPunchcard" time="19.945"/>
  <testcase name="memberEnrolledFreeClassCollectionsMember" classname="unitTests.EnrollMemberInClassWithPunchcard" time="19.034"/>
  <testcase name="memberEnrolledOnStandby" classname="unitTests.EnrollMemberInClassWithPunchcard" time="19.742"/>
  <testcase name="memberEnrolledPaidClassNotStarted" classname="unitTests.EnrollMemberInClassWithPunchcard" time="19.766"/>
  <testcase name="memberEnrolledPaidClassStarted" classname="unitTests.EnrollMemberInClassWithPunchcard" time="18.38"/>
  <testcase name="notEnoughPunches" classname="unitTests.EnrollMemberInClassWithPunchcard" time="1.43"/>
  <testcase name="punchcardNotAllowed" classname="unitTests.EnrollMemberInClassWithPunchcard" time="0.924"/>
  <testcase name="standbyNotAllowed" classname="unitTests.EnrollMemberInClassWithPunchcard" time="1.078"/>
  <testcase name="courseNotFound" classname="unitTests.EnrollMemberInCourseWithPunchcard" time="0.605"/>
  <testcase name="memberEnrolledFreeCourse" classname="unitTests.EnrollMemberInCourseWithPunchcard" time="22.252"/>
  <testcase name="memberEnrolledFreeCourseCollectionsMember" classname="unitTests.EnrollMemberInCourseWithPunchcard" time="18.488"/>
  <testcase name="memberEnrolledOnStandby" classname="unitTests.EnrollMemberInCourseWithPunchcard" time="19.376"/>
  <testcase name="memberEnrolledPaidCourseNotStarted" classname="unitTests.EnrollMemberInCourseWithPunchcard" time="21.219"/>
  <testcase name="memberEnrolledPaidCourseStarted" classname="unitTests.EnrollMemberInCourseWithPunchcard" time="18.082"/>
  <testcase name="notEnoughPunches" classname="unitTests.EnrollMemberInCourseWithPunchcard" time="0.775"/>
  <testcase name="punchcardNotAllowed" classname="unitTests.EnrollMemberInCourseWithPunchcard" time="0.777"/>
  <testcase name="standbyNotAllowed" classname="unitTests.EnrollMemberInCourseWithPunchcard" time="0.805"/>
  <testcase name="classEnded" classname="unitTests.EnrollMemberInClassWithRecurringDues" time="1.059"/>
  <testcase name="classNotFound" classname="unitTests.EnrollMemberInClassWithRecurringDues" time="0.536"/>
  <testcase name="customerNotFound" classname="unitTests.EnrollMemberInClassWithRecurringDues" time="0.368"/>
  <testcase name="memberAlreadyEnrolled" classname="unitTests.EnrollMemberInClassWithRecurringDues" time="0.996"/>
  <testcase name="memberAlreadyOnStandby" classname="unitTests.EnrollMemberInClassWithRecurringDues" time="0.978"/>
  <testcase name="memberEnrolledFreeClass" classname="unitTests.EnrollMemberInClassWithRecurringDues" time="21.241"/>
  <testcase name="memberEnrolledFreeClassCollectionsMember" classname="unitTests.EnrollMemberInClassWithRecurringDues" time="18.595"/>
  <testcase name="memberEnrolledOnStandby" classname="unitTests.EnrollMemberInClassWithRecurringDues" time="17.88"/>
  <testcase name="memberEnrolledPaidClass" classname="unitTests.EnrollMemberInClassWithRecurringDues" time="18.646"/>
  <testcase name="memberNotEnrolledOnStandby" classname="unitTests.EnrollMemberInClassWithRecurringDues" time="0.949"/>
  <testcase name="occurrenceNotFound" classname="unitTests.EnrollMemberInClassWithRecurringDues" time="1.028"/>
  <testcase name="onlineSalesNotAllowedMember" classname="unitTests.EnrollMemberInClassWithRecurringDues" time="0.548"/>
  <testcase name="recurringDuesNotAccepted" classname="unitTests.EnrollMemberInClassWithRecurringDues" time="1.048"/>
  <testcase name="courseEnded" classname="unitTests.EnrollMemberInCourseWithRecurringDues" time="0.924"/>
  <testcase name="courseNotAvailableOnline" classname="unitTests.EnrollMemberInCourseWithRecurringDues" time="0.716"/>
  <testcase name="courseNotFound" classname="unitTests.EnrollMemberInCourseWithRecurringDues" time="0.378"/>
  <testcase name="customerNotFound" classname="unitTests.EnrollMemberInCourseWithRecurringDues" time="0.529"/>
  <testcase name="memberAlreadyEnrolled" classname="unitTests.EnrollMemberInCourseWithRecurringDues" time="0.733"/>
  <testcase name="memberAlreadyEnrolledOnStandby" classname="unitTests.EnrollMemberInCourseWithRecurringDues" time="0.722"/>
  <testcase name="memberEnrolledFreeCourse" classname="unitTests.EnrollMemberInCourseWithRecurringDues" time="18.377"/>
  <testcase name="memberEnrolledFreeCourseCollectionsMember" classname="unitTests.EnrollMemberInCourseWithRecurringDues" time="18.121"/>
  <testcase name="memberEnrolledNotOnStandby" classname="unitTests.EnrollMemberInCourseWithRecurringDues" time="0.784"/>
  <testcase name="memberEnrolledOnStandby" classname="unitTests.EnrollMemberInCourseWithRecurringDues" time="17.806"/>
  <testcase name="memberEnrolledPaidCourse" classname="unitTests.EnrollMemberInCourseWithRecurringDues" time="18.033"/>
  <testcase name="recurringDuesNotAccepted" classname="unitTests.EnrollMemberInCourseWithRecurringDues" time="0.772"/>
  <testcase name="customerNotFound" classname="unitTests.GetAccountBalanceDetailsByMember" time="1.603"/>
  <testcase name="historyFoundNoDeclines" classname="unitTests.GetAccountBalanceDetailsByMember" time="1.607"/>
  <testcase name="returnCustomerDisputesCharge" classname="unitTests.GetAccountBalanceDetailsByMember" time="1.582"/>
  <testcase name="returnDeclined" classname="unitTests.GetAccountBalanceDetailsByMember" time="1.594"/>
  <testcase name="returnDeleteStatus" classname="unitTests.GetAccountBalanceDetailsByMember" time="1.586"/>
  <testcase name="returnFrozenStatus" classname="unitTests.GetAccountBalanceDetailsByMember" time="1.403"/>
  <testcase name="returnInvalidCCNo" classname="unitTests.GetAccountBalanceDetailsByMember" time="1.435"/>
  <testcase name="returnNSF" classname="unitTests.GetAccountBalanceDetailsByMember" time="1.509"/>
  <testcase name="returnNoAmtUnableToLocate" classname="unitTests.GetAccountBalanceDetailsByMember" time="1.424"/>
  <testcase name="returnTransactionExceedsFloorLimit" classname="unitTests.GetAccountBalanceDetailsByMember" time="1.571"/>
  <testcase name="returnWarningBulletin" classname="unitTests.GetAccountBalanceDetailsByMember" time="1.417"/>
  <testcase name="BookFound_NoResource" classname="unitTests.GetActiveBooksByResourceType" time="0.678"/>
  <testcase name="BookFound_WithResource" classname="unitTests.GetActiveBooksByResourceType" time="0.386"/>
  <testcase name="resourceNotFound" classname="unitTests.GetActiveBooksByResourceType" time="0.362"/>
  <testcase name="ClubsFound" classname="unitTests.GetActiveClubs" time="0.659"/>
  <testcase name="AppointmentsNotFound" classname="unitTests.GetAppointmentDetails" time="0.567"/>
  <testcase name="appointmentIdRequired" classname="unitTests.GetAppointmentDetails" time="0.193"/>
  <testcase name="attendedPastApointment" classname="unitTests.GetAppointmentDetails" time="1.463"/>
  <testcase name="cancelledApointment" classname="unitTests.GetAppointmentDetails" time="1.68"/>
  <testcase name="futureAppointment" classname="unitTests.GetAppointmentDetails" time="1.846"/>
  <testcase name="noShow" classname="unitTests.GetAppointmentDetails" time="1.659"/>
  <testcase name="notPrimaryApptMember" classname="unitTests.GetAppointmentDetails" time="1.439"/>
  <testcase name="productCategoryFound" classname="unitTests.GetAppointmentProductByCategory" time="0.615"/>
  <testcase name="productCategoryNotFound" classname="unitTests.GetAppointmentProductByCategory" time="0.372"/>
  <testcase name="productCategoryRequired" classname="unitTests.GetAppointmentProductByCategory" time="0.182"/>
  <testcase name="MemberNotFound" classname="unitTests.GetAppointmentProductCategoriesByMember" time="0.592"/>
  <testcase name="ProductCategoryFound" classname="unitTests.GetAppointmentProductCategoriesByMember" time="0.487"/>
  <testcase name="ProductFoundNoSelectableResources" classname="unitTests.GetAppointmentResourceTypeByProduct" time="0.578"/>
  <testcase name="ProductFoundSelectableResources" classname="unitTests.GetAppointmentResourceTypeByProduct" time="0.426"/>
  <testcase name="ProductNotFound" classname="unitTests.GetAppointmentResourceTypeByProduct" time="0.447"/>
  <testcase name="AppointmentsFound" classname="unitTests.GetAppointmentsByBook" time="0.796"/>
  <testcase name="appointmentsNotFound" classname="unitTests.GetAppointmentsByBook" time="0.383"/>
  <testcase name="endDateRequired" classname="unitTests.GetAppointmentsByBook" time="0.202"/>
  <testcase name="invalidDateRange" classname="unitTests.GetAppointmentsByBook" time="0.351"/>
  <testcase name="pastAppointmentsFound" classname="unitTests.GetAppointmentsByBook" time="0.569"/>
  <testcase name="resourceTypeNotFound" classname="unitTests.GetAppointmentsByBook" time="0.576"/>
  <testcase name="resourceTypeRequired" classname="unitTests.GetAppointmentsByBook" time="0.2"/>
  <testcase name="startDateRequired" classname="unitTests.GetAppointmentsByBook" time="0.205"/>
  <testcase name="AppointmentsFound" classname="unitTests.GetAppointmentsByMember" time="1.085"/>
  <testcase name="AppointmentsNotFound" classname="unitTests.GetAppointmentsByMember" time="0.353"/>
  <testcase name="InvalidDateRange" classname="unitTests.GetAppointmentsByMember" time="0.347"/>
  <testcase name="attendedAppointmentFound" classname="unitTests.GetAppointmentsByMember" time="0.71"/>
  <testcase name="customerNotFound" classname="unitTests.GetAppointmentsByMember" time="0.541"/>
  <testcase name="customerRequired" classname="unitTests.GetAppointmentsByMember" time="0.002"/>
  <testcase name="endDateRequired" classname="unitTests.GetAppointmentsByMember" time="0.187"/>
  <testcase name="noShowAppointmentFound" classname="unitTests.GetAppointmentsByMember" time="0.414"/>
  <testcase name="startDateRequired" classname="unitTests.GetAppointmentsByMember" time="0.181"/>
  <testcase name="AppointmentsFound_NoResources" classname="unitTests.GetAvailableAppointments" time="1.737"/>
  <testcase name="AppointmentsFound_WithResources" classname="unitTests.GetAvailableAppointments" time="1.354"/>
  <testcase name="AppointmentsNotFound" classname="unitTests.GetAvailableAppointments" time="1.152"/>
  <testcase name="classNotFound" classname="unitTests.GetAvailableClassesByMember" time="1.2"/>
  <testcase name="classesFound" classname="unitTests.GetAvailableClassesByMember" time="3.157"/>
  <testcase name="customerNotFound" classname="unitTests.GetAvailableClassesByMember" time="0.591"/>
  <testcase name="nullCustomerId" classname="unitTests.GetAvailableClassesByMember" time="0.207"/>
  <testcase name="nullEndDate" classname="unitTests.GetAvailableClassesByMember" time="0.182"/>
  <testcase name="nullStartDate" classname="unitTests.GetAvailableClassesByMember" time="0.217"/>
  <testcase name="courseNotFound" classname="unitTests.GetAvailableCoursesByMember" time="0.845"/>
  <testcase name="coursesFound" classname="unitTests.GetAvailableCoursesByMember" time="1.929"/>
  <testcase name="customerNotFound" classname="unitTests.GetAvailableCoursesByMember" time="0.548"/>
  <testcase name="nullCustomerId" classname="unitTests.GetAvailableCoursesByMember" time="0.203"/>
  <testcase name="nullEndDate" classname="unitTests.GetAvailableCoursesByMember" time="0.185"/>
  <testcase name="nullStartDate" classname="unitTests.GetAvailableCoursesByMember" time="0.19"/>
  <testcase name="ResourceTypesFound" classname="unitTests.GetAvailableResourceTypesByClub" time="0.602"/>
  <testcase name="ResourceTypesNotFound" classname="unitTests.GetAvailableResourceTypesByClub" time="0.544"/>
  <testcase name="allHistoryFound" classname="unitTests.GetBillingDeclinesHistories" time="1.647"/>
  <testcase name="allHistoryNotFound" classname="unitTests.GetBillingDeclinesHistories" time="1.376"/>
  <testcase name="correctionsHistoryFound" classname="unitTests.GetBillingDeclinesHistories" time="1.46"/>
  <testcase name="correctionsHistoryNotFound" classname="unitTests.GetBillingDeclinesHistories" time="1.388"/>
  <testcase name="declinesHistoryFound" classname="unitTests.GetBillingDeclinesHistories" time="1.511"/>
  <testcase name="declinesHistoryNotFound" classname="unitTests.GetBillingDeclinesHistories" time="1.547"/>
  <testcase name="endDatePriorToStartDate" classname="unitTests.GetBillingDeclinesHistories" time="1.353"/>
  <testcase name="endDateRequired" classname="unitTests.GetBillingDeclinesHistories" time="1.221"/>
  <testcase name="futureDateRange" classname="unitTests.GetBillingDeclinesHistories" time="1.399"/>
  <testcase name="historyFoundAllClubs" classname="unitTests.GetBillingDeclinesHistories" time="1.471"/>
  <testcase name="historyFoundMultipleClubs" classname="unitTests.GetBillingDeclinesHistories" time="1.471"/>
  <testcase name="invalidMinimumDeclinesCount" classname="unitTests.GetBillingDeclinesHistories" time="1.569"/>
  <testcase name="invalidRequestType" classname="unitTests.GetBillingDeclinesHistories" time="1.205"/>
  <testcase name="noHistoryFoundMinimumDeclinesCount" classname="unitTests.GetBillingDeclinesHistories" time="1.368"/>
  <testcase name="startDateRequired" classname="unitTests.GetBillingDeclinesHistories" time="1.304"/>
  <testcase name="associatedClubRequired" classname="unitTests.GetBookAvailabilityCalendar" time="0.353"/>
  <testcase name="bookNotFound" classname="unitTests.GetBookAvailabilityCalendar" time="0.382"/>
  <testcase name="calendarNotFound" classname="unitTests.GetBookAvailabilityCalendar" time="0.415"/>
  <testcase name="endDateRequired" classname="unitTests.GetBookAvailabilityCalendar" time="0.192"/>
  <testcase name="facilityCalendarFound" classname="unitTests.GetBookAvailabilityCalendar" time="0.388"/>
  <testcase name="resourceCalendarFound" classname="unitTests.GetBookAvailabilityCalendar" time="0.506"/>
  <testcase name="resourceTypeNotRequired" classname="unitTests.GetBookAvailabilityCalendar" time="0.593"/>
  <testcase name="startDateRequired" classname="unitTests.GetBookAvailabilityCalendar" time="0.191"/>
  <testcase name="CardWithoutAgreement" classname="unitTests.GetCardsOnFileByMember" time="0.739"/>
  <testcase name="MultipleAgreementsWithMultipleCards" classname="unitTests.GetCardsOnFileByMember" time="0.655"/>
  <testcase name="MultipleAgreementsWithSingleCard" classname="unitTests.GetCardsOnFileByMember" time="1.705"/>
  <testcase name="NoCardOnFile" classname="unitTests.GetCardsOnFileByMember" time="0.46"/>
  <testcase name="SingleAgreementMultipleCardsOnFile" classname="unitTests.GetCardsOnFileByMember" time="0.637"/>
  <testcase name="SingleAgreementWithCard" classname="unitTests.GetCardsOnFileByMember" time="1.923"/>
  <testcase name="customerNotFound" classname="unitTests.GetClassCoursePricing" time="0.718"/>
  <testcase name="itemFound_Club2" classname="unitTests.GetClassCoursePricing" time="1.651"/>
  <testcase name="itemFound_FreeItem" classname="unitTests.GetClassCoursePricing" time="1.995"/>
  <testcase name="itemFound_MultipleTaxes" classname="unitTests.GetClassCoursePricing" time="1.959"/>
  <testcase name="itemFound_NoTax" classname="unitTests.GetClassCoursePricing" time="1.894"/>
  <testcase name="itemFound_SingleTax" classname="unitTests.GetClassCoursePricing" time="1.719"/>
  <testcase name="itemNotFound" classname="unitTests.GetClassCoursePricing" time="0.464"/>
  <testcase name="ClassesCoursesFound" classname="unitTests.GetClassesAndCoursesByBook" time="0.777"/>
  <testcase name="ClassesCoursesNotFound" classname="unitTests.GetClassesAndCoursesByBook" time="0.448"/>
  <testcase name="ClassesCoursesNotFound2" classname="unitTests.GetClassesAndCoursesByBook" time="0.363"/>
  <testcase name="invalidClassCourse" classname="unitTests.GetClassesAndCoursesByBook" time="1.521"/>
  <testcase name="invalidDateRange" classname="unitTests.GetClassesAndCoursesByBook" time="0.349"/>
  <testcase name="ClassesCoursesNotFound" classname="unitTests.GetClassesAndCoursesByMember" time="0.669"/>
  <testcase name="ClassesFound" classname="unitTests.GetClassesAndCoursesByMember" time="1.398"/>
  <testcase name="CoursesFound" classname="unitTests.GetClassesAndCoursesByMember" time="0.724"/>
  <testcase name="invalidClassCourse" classname="unitTests.GetClassesAndCoursesByMember" time="0.782"/>
  <testcase name="invalidDateRange" classname="unitTests.GetClassesAndCoursesByMember" time="0.411"/>
  <testcase name="ClubsFound" classname="unitTests.GetClubsByMember" time="0.578"/>
  <testcase name="MemberNotFound" classname="unitTests.GetClubsByMember" time="0.713"/>
  <testcase name="courseIDUsed" classname="unitTests.GetClassDetailsByMember" time="0.689"/>
  <testcase name="enrollmentNotOpen" classname="unitTests.GetClassDetailsByMember" time="0.765"/>
  <testcase name="invalidClassID" classname="unitTests.GetClassDetailsByMember" time="0.834"/>
  <testcase name="invalidCustomerId" classname="unitTests.GetClassDetailsByMember" time="0.367"/>
  <testcase name="nullClassId" classname="unitTests.GetClassDetailsByMember" time="0.232"/>
  <testcase name="nullClassOccurrence" classname="unitTests.GetClassDetailsByMember" time="0.225"/>
  <testcase name="nullCustomerId" classname="unitTests.GetClassDetailsByMember" time="0.398"/>
  <testcase name="onlineSaleAllowed" classname="unitTests.GetClassDetailsByMember" time="2.546"/>
  <testcase name="onlineSaleNotAllowed_EmployeeContext" classname="unitTests.GetClassDetailsByMember" time="1.044"/>
  <testcase name="onlineSaleNotAllowed_MemberContext" classname="unitTests.GetClassDetailsByMember" time="0.848"/>
  <testcase name="trainingIDUsed" classname="unitTests.GetClassDetailsByMember" time="0.514"/>
  <testcase name="classIDUsed" classname="unitTests.GetCourseDetailsByMember" time="0.668"/>
  <testcase name="enrollmentNotOpen" classname="unitTests.GetCourseDetailsByMember" time="0.602"/>
  <testcase name="invalidCourseID" classname="unitTests.GetCourseDetailsByMember" time="0.648"/>
  <testcase name="invalidCustomerId" classname="unitTests.GetCourseDetailsByMember" time="0.48"/>
  <testcase name="nullCourseId" classname="unitTests.GetCourseDetailsByMember" time="0.222"/>
  <testcase name="nullCustomerId" classname="unitTests.GetCourseDetailsByMember" time="0.221"/>
  <testcase name="onlineSaleAllowed" classname="unitTests.GetCourseDetailsByMember" time="1.906"/>
  <testcase name="onlineSaleNotAllowed_EmployeeContext" classname="unitTests.GetCourseDetailsByMember" time="0.816"/>
  <testcase name="onlineSaleNotAllowed_MemberContext" classname="unitTests.GetCourseDetailsByMember" time="0.507"/>
  <testcase name="trainingIDUsed" classname="unitTests.GetCourseDetailsByMember" time="1.429"/>
  <testcase name="memberNotFound" classname="unitTests.GetDeclineDetailsByMember" time="1.829"/>
  <testcase name="noHistoryFound" classname="unitTests.GetDeclineDetailsByMember" time="1.859"/>
  <testcase name="returnCustomerDisputesCharge" classname="unitTests.GetDeclineDetailsByMember" time="1.424"/>
  <testcase name="returnDeclined" classname="unitTests.GetDeclineDetailsByMember" time="2.536"/>
  <testcase name="returnDeleteStatus" classname="unitTests.GetDeclineDetailsByMember" time="1.696"/>
  <testcase name="returnFrozenStatus" classname="unitTests.GetDeclineDetailsByMember" time="1.738"/>
  <testcase name="returnInvalidCCNo" classname="unitTests.GetDeclineDetailsByMember" time="1.43"/>
  <testcase name="returnNSF" classname="unitTests.GetDeclineDetailsByMember" time="1.446"/>
  <testcase name="returnNoAmtUnableToLocate" classname="unitTests.GetDeclineDetailsByMember" time="1.522"/>
  <testcase name="returnTransactionExceedsFloorLimit" classname="unitTests.GetDeclineDetailsByMember" time="1.435"/>
  <testcase name="returnWarningBulletin" classname="unitTests.GetDeclineDetailsByMember" time="1.625"/>
  <testcase name="collectionsAndTerminatedMembersIncluded" classname="unitTests.GetDelinquentMembers" time="1.389"/>
  <testcase name="collectionsAndTerminatedMembersNotIncluded" classname="unitTests.GetDelinquentMembers" time="1.015"/>
  <testcase name="collectionsMemberIncluded" classname="unitTests.GetDelinquentMembers" time="1.591"/>
  <testcase name="collectionsMemberNotIncluded" classname="unitTests.GetDelinquentMembers" time="1.541"/>
  <testcase name="delinquentMembersFound" classname="unitTests.GetDelinquentMembers" time="1.494"/>
  <testcase name="delinquentMembersNotFound" classname="unitTests.GetDelinquentMembers" time="0.441"/>
  <testcase name="invalidDate" classname="unitTests.GetDelinquentMembers" time="0.207"/>
  <testcase name="terminatedMemberIncluded" classname="unitTests.GetDelinquentMembers" time="1.062"/>
  <testcase name="terminatedMemberNotIncluded" classname="unitTests.GetDelinquentMembers" time="1.268"/>
  <testcase name="employeeInactiveActiveFalse" classname="unitTests.GetEmployees" time="0.718"/>
  <testcase name="employeeInactiveActiveTrue" classname="unitTests.GetEmployees" time="0.423"/>
  <testcase name="employeeNotFound" classname="unitTests.GetEmployees" time="0.708"/>
  <testcase name="employeesFoundActiveOnlyNoOptionalParameters" classname="unitTests.GetEmployees" time="0.715"/>
  <testcase name="employeesFound_ActiveOnly_Address1" classname="unitTests.GetEmployees" time="0.633"/>
  <testcase name="employeesFound_ActiveOnly_Address2" classname="unitTests.GetEmployees" time="0.849"/>
  <testcase name="employeesFound_ActiveOnly_Department" classname="unitTests.GetEmployees" time="3.51"/>
  <testcase name="employeesFound_ActiveOnly_EmployeeClubId" classname="unitTests.GetEmployees" time="0.894"/>
  <testcase name="employeesFound_ActiveOnly_FirstName" classname="unitTests.GetEmployees" time="0.831"/>
  <testcase name="employeesFound_ActiveOnly_HomePhone" classname="unitTests.GetEmployees" time="0.664"/>
  <testcase name="employeesFound_ActiveOnly_LastName" classname="unitTests.GetEmployees" time="0.535"/>
  <testcase name="employeesFound_ActiveOnly_PartialAddress1" classname="unitTests.GetEmployees" time="0.787"/>
  <testcase name="employeesFound_ActiveOnly_PartialFirstName" classname="unitTests.GetEmployees" time="0.526"/>
  <testcase name="employeesFound_ActiveOnly_PartialHomePhone" classname="unitTests.GetEmployees" time="0.393"/>
  <testcase name="employeesFound_ActiveOnly_PartialLastName" classname="unitTests.GetEmployees" time="0.672"/>
  <testcase name="employeesFound_ActiveOnly_PartialUsername" classname="unitTests.GetEmployees" time="0.43"/>
  <testcase name="employeesFound_ActiveOnly_Username" classname="unitTests.GetEmployees" time="0.886"/>
  <testcase name="fieldsFound" classname="unitTests.GetFieldsForAddOnMemberCreationByEmployee" time="2.244"/>
  <testcase name="fieldsFound2" classname="unitTests.GetFieldsForAddOnMemberCreationByEmployee" time="2.582"/>
  <testcase name="fieldsFound" classname="unitTests.GetFieldsForMemberCreationByEmployee" time="2.4"/>
  <testcase name="fieldsFound2" classname="unitTests.GetFieldsForMemberCreationByEmployee" time="2.768"/>
  <testcase name="fieldsFound" classname="unitTests.GetFieldsForMemberCreationByMember" time="2.06"/>
  <testcase name="fieldsFound2" classname="unitTests.GetFieldsForMemberCreationByMember" time="1.423"/>
  <testcase name="fieldsFound" classname="unitTests.GetFieldsForProspectCreationByEmployee" time="2.646"/>
  <testcase name="fieldsFound2" classname="unitTests.GetFieldsForProspectCreationByEmployee" time="2.35"/>
  <testcase name="MemberFoundAccountLocked" classname="unitTests.GetMember" time="0.97"/>
  <testcase name="MemberFoundActiveHOH" classname="unitTests.GetMember" time="0.778"/>
  <testcase name="MemberFoundCollectionsMember" classname="unitTests.GetMember" time="0.934"/>
  <testcase name="MemberFoundFrozenMember" classname="unitTests.GetMember" time="0.785"/>
  <testcase name="MemberFoundProspectMember" classname="unitTests.GetMember" time="0.941"/>
  <testcase name="MemberFoundTerminatedMember" classname="unitTests.GetMember" time="0.726"/>
  <testcase name="MemberNotFound" classname="unitTests.GetMember" time="0.338"/>
  <testcase name="allowOnlineSearchFalse" classname="unitTests.GetMember" time="0.423"/>
  <testcase name="allowOnlineSearchTrue" classname="unitTests.GetMember" time="0.697"/>
  <testcase name="restrictMemberFromSearchFalse" classname="unitTests.GetMember" time="0.377"/>
  <testcase name="restrictMemberFromSearchTrue" classname="unitTests.GetMember" time="0.36"/>
  <testcase name="actionIsNotNurseryPlanDefault" classname="unitTests.GetMemberActions" time="1.659"/>
  <testcase name="actionIsNurseryPlanDefault" classname="unitTests.GetMemberActions" time="2.473"/>
  <testcase name="memberActionsFound" classname="unitTests.GetMemberActions" time="1.398"/>
  <testcase name="getToken" classname="unitTests.GetMemberToken" time="1.886"/>
  <testcase name="getNewToken" classname="unitTests.GetMemberToken" time="1.401"/>
  <testcase name="collectionsAndTerminatedMembersIncluded" classname="unitTests.GetMembersWithOutstandingInvoices" time="6.697"/>
  <testcase name="collectionsMemberIncluded" classname="unitTests.GetMembersWithOutstandingInvoices" time="6.466"/>
  <testcase name="collectionsMemberNotIncluded" classname="unitTests.GetMembersWithOutstandingInvoices" time="8.188"/>
  <testcase name="customerNotFound" classname="unitTests.GetMembersWithOutstandingInvoices" time="0.701"/>
  <testcase name="invalidDate" classname="unitTests.GetMembersWithOutstandingInvoices" time="0.339"/>
  <testcase name="outstandingInvoicesFound" classname="unitTests.GetMembersWithOutstandingInvoices" time="6.174"/>
  <testcase name="outstandingInvoicesNotFound" classname="unitTests.GetMembersWithOutstandingInvoices" time="0.943"/>
  <testcase name="specificCustomerWithBankAccountFound" classname="unitTests.GetMembersWithOutstandingInvoices" time="1.688"/>
  <testcase name="specificCustomerWithCardAndBankAccountFound" classname="unitTests.GetMembersWithOutstandingInvoices" time="1.807"/>
  <testcase name="specificCustomerWithCardFound" classname="unitTests.GetMembersWithOutstandingInvoices" time="1.955"/>
  <testcase name="terminatedMemberIncluded" classname="unitTests.GetMembersWithOutstandingInvoices" time="5.984"/>
  <testcase name="terminatedMemberNotIncluded" classname="unitTests.GetMembersWithOutstandingInvoices" time="6.679"/>
  <testcase name="MultipleCustomerStatuses" classname="unitTests.GetMembersWithPastDueBalances" time="1.309"/>
  <testcase name="allParameters" classname="unitTests.GetMembersWithPastDueBalances" time="0.646"/>
  <testcase name="customerStatusNotFound" classname="unitTests.GetMembersWithPastDueBalances" time="1.785"/>
  <testcase name="daysPastDueRequiredBlank" classname="unitTests.GetMembersWithPastDueBalances" time="0.198"/>
  <testcase name="daysPastDueRequiredNull" classname="unitTests.GetMembersWithPastDueBalances" time="0.215"/>
  <testcase name="multipleClubs" classname="unitTests.GetMembersWithPastDueBalances" time="1.105"/>
  <testcase name="multipleMembershipTypes" classname="unitTests.GetMembersWithPastDueBalances" time="1.006"/>
  <testcase name="pastDue120Days" classname="unitTests.GetMembersWithPastDueBalances" time="1.782"/>
  <testcase name="pastDue30Days" classname="unitTests.GetMembersWithPastDueBalances" time="1.766"/>
  <testcase name="pastDue60Days" classname="unitTests.GetMembersWithPastDueBalances" time="1.806"/>
  <testcase name="pastDue90Days" classname="unitTests.GetMembersWithPastDueBalances" time="1.761"/>
  <testcase name="singleCustomerStatus" classname="unitTests.GetMembersWithPastDueBalances" time="1.826"/>
  <testcase name="singleMembershipType" classname="unitTests.GetMembersWithPastDueBalances" time="0.793"/>
  <testcase name="MemberIdFound" classname="unitTests.GetNextMemberId" time="0.646"/>
  <testcase name="ProspectMemberIdFound" classname="unitTests.GetNextProspectMemberId" time="0.658"/>
  <testcase name="freePunchcard" classname="unitTests.GetPackageDetails" time="2.184"/>
  <testcase name="freeService" classname="unitTests.GetPackageDetails" time="1.804"/>
  <testcase name="freeTraining" classname="unitTests.GetPackageDetails" time="1.573"/>
  <testcase name="invalidClubId" classname="unitTests.GetPackageDetails" time="0.525"/>
  <testcase name="invalidCustomerId" classname="unitTests.GetPackageDetails" time="0.589"/>
  <testcase name="invalidPackageId" classname="unitTests.GetPackageDetails" time="0.411"/>
  <testcase name="notServiceTypeV" classname="unitTests.GetPackageDetails" time="0.422"/>
  <testcase name="paidPunchcard" classname="unitTests.GetPackageDetails" time="1.505"/>
  <testcase name="paidService" classname="unitTests.GetPackageDetails" time="1.574"/>
  <testcase name="paidTraining" classname="unitTests.GetPackageDetails" time="1.994"/>
  <testcase name="serviceNotAvailableAtClub" classname="unitTests.GetPackageDetails" time="0.378"/>
  <testcase name="service_Inactive" classname="unitTests.GetPackageDetails" time="0.491"/>
  <testcase name="service_OnlineSalesNotAllowed" classname="unitTests.GetPackageDetails" time="0.484"/>
  <testcase name="singlePriceRange" classname="unitTests.GetPackageDetails" time="2.39"/>
  <testcase name="tierPricing" classname="unitTests.GetPackageDetails" time="1.575"/>
  <testcase name="trainingNotAvailableAtClub" classname="unitTests.GetPackageDetails" time="0.428"/>
  <testcase name="training_Inactive" classname="unitTests.GetPackageDetails" time="0.543"/>
  <testcase name="training_OnlineSalesNotAllowed" classname="unitTests.GetPackageDetails" time="1.605"/>
  <testcase name="customerNotFound" classname="unitTests.GetPackagesForPurchaseByClub" time="0.556"/>
  <testcase name="onlinePackagesExcluded" classname="unitTests.GetPackagesForPurchaseByClub" time="5.593"/>
  <testcase name="onlinePackagesIncluded" classname="unitTests.GetPackagesForPurchaseByClub" time="6.326"/>
  <testcase name="packageNotFound" classname="unitTests.GetPackagesForPurchaseByClub" time="5.801"/>
  <testcase name="clubPricingClub1" classname="unitTests.GetPackagePricing" time="2.182"/>
  <testcase name="clubPricingClub2" classname="unitTests.GetPackagePricing" time="1.733"/>
  <testcase name="clubPricingClub3" classname="unitTests.GetPackagePricing" time="1.703"/>
  <testcase name="customerNotFound" classname="unitTests.GetPackagePricing" time="0.373"/>
  <testcase name="freePunchard" classname="unitTests.GetPackagePricing" time="1.704"/>
  <testcase name="freeService" classname="unitTests.GetPackagePricing" time="1.636"/>
  <testcase name="freeTraining" classname="unitTests.GetPackagePricing" time="1.93"/>
  <testcase name="itemFound_Club2" classname="unitTests.GetPackagePricing" time="1.832"/>
  <testcase name="itemFound_MultipleTaxes" classname="unitTests.GetPackagePricing" time="1.807"/>
  <testcase name="itemFound_SingleTax" classname="unitTests.GetPackagePricing" time="2.38"/>
  <testcase name="itemNotFound" classname="unitTests.GetPackagePricing" time="0.539"/>
  <testcase name="missingQuantityConfiguration" classname="unitTests.GetPackagePricing" time="0.583"/>
  <testcase name="packageQuantityLimitExceeded" classname="unitTests.GetPackagePricing" time="0.53"/>
  <testcase name="paidPunchcard" classname="unitTests.GetPackagePricing" time="2.048"/>
  <testcase name="paidService" classname="unitTests.GetPackagePricing" time="1.887"/>
  <testcase name="paidTraining" classname="unitTests.GetPackagePricing" time="1.949"/>
  <testcase name="tierPricingTier1" classname="unitTests.GetPackagePricing" time="1.987"/>
  <testcase name="tierPricingTier2" classname="unitTests.GetPackagePricing" time="2.109"/>
  <testcase name="tierPricingTier3" classname="unitTests.GetPackagePricing" time="1.818"/>
  <testcase name="ProductFound" classname="unitTests.GetProductByBook" time="0.802"/>
  <testcase name="ProductNotFound" classname="unitTests.GetProductByBook" time="0.339"/>
  <testcase name="PackagesFound" classname="unitTests.GetPurchasedPackagesByMember" time="6.548"/>
  <testcase name="customerNotFound" classname="unitTests.GetPurchasedPackagesByMember" time="0.556"/>
  <testcase name="customerRequired" classname="unitTests.GetPurchasedPackagesByMember" time="0.177"/>
  <testcase name="packageNotFound" classname="unitTests.GetPurchasedPackagesByMember" time="0.717"/>
  <testcase name="AppointmentsNotFound" classname="unitTests.GetScheduleByBook" time="0.614"/>
  <testcase name="ClassesNotFound" classname="unitTests.GetScheduleByBook" time="0.508"/>
  <testcase name="GetAppointments" classname="unitTests.GetScheduleByBook" time="0.756"/>
  <testcase name="GetClasses" classname="unitTests.GetScheduleByBook" time="0.705"/>
  <testcase name="invalidDateRange" classname="unitTests.GetScheduleByBook" time="0.405"/>
  <testcase name="pastDateRange" classname="unitTests.GetScheduleByBook" time="0.468"/>
  <testcase name="classFoundEnrolled" classname="unitTests.GetScheduleByMember" time="1.4"/>
  <testcase name="classFoundStandby" classname="unitTests.GetScheduleByMember" time="0.444"/>
  <testcase name="courseFoundEnrolled" classname="unitTests.GetScheduleByMember" time="0.541"/>
  <testcase name="courseFoundStandby" classname="unitTests.GetScheduleByMember" time="0.438"/>
  <testcase name="customerNotFound" classname="unitTests.GetScheduleByMember" time="1.393"/>
  <testcase name="customerRequired" classname="unitTests.GetScheduleByMember" time="0.223"/>
  <testcase name="endDateRequired" classname="unitTests.GetScheduleByMember" time="0.225"/>
  <testcase name="recurringServiceFound" classname="unitTests.GetScheduleByMember" time="1.375"/>
  <testcase name="scheduleNotFound" classname="unitTests.GetScheduleByMember" time="0.738"/>
  <testcase name="serviceFound" classname="unitTests.GetScheduleByMember" time="0.595"/>
  <testcase name="startDateRequired" classname="unitTests.GetScheduleByMember" time="0.224"/>
  <testcase name="trainingFound" classname="unitTests.GetScheduleByMember" time="0.65"/>
  <testcase name="accountIdNotFound" classname="unitTests.ModifyCardOnFileByMember" time="2.019"/>
  <testcase name="accountIdRequired" classname="unitTests.ModifyCardOnFileByMember" time="1.215"/>
  <testcase name="addressIsSameAsMemberAddress" classname="unitTests.ModifyCardOnFileByMember" time="2.151"/>
  <testcase name="customerIdRequired" classname="unitTests.ModifyCardOnFileByMember" time="1.324"/>
  <testcase name="customerNotFound" classname="unitTests.ModifyCardOnFileByMember" time="1.376"/>
  <testcase name="modifyAddressLine1" classname="unitTests.ModifyCardOnFileByMember" time="2.316"/>
  <testcase name="modifyAddressLine2" classname="unitTests.ModifyCardOnFileByMember" time="2.066"/>
  <testcase name="modifyCity" classname="unitTests.ModifyCardOnFileByMember" time="1.998"/>
  <testcase name="modifyStateProvince" classname="unitTests.ModifyCardOnFileByMember" time="2.017"/>
  <testcase name="noChangeToExistingAddressLine1" classname="unitTests.ModifyCardOnFileByMember" time="2.867"/>
  <testcase name="modifyAllFields" classname="unitTests.ModifyCardOnFileByMember" time="2.1"/>
  <testcase name="modifyAllFields" classname="unitTests.ModifyCardOnFileByMember" time="3.182"/>
  <testcase name="setCard1AsHouseAccount" classname="unitTests.ModifyCardOnFileByMember" time="1.923"/>
  <testcase name="setCard2AsHouseAccount" classname="unitTests.ModifyCardOnFileByMember" time="3.08"/>
  <testcase name="setCard1UseInPOSFalse" classname="unitTests.ModifyCardOnFileByMember" time="2.381"/>
  <testcase name="setCard1UseInPOSTrue" classname="unitTests.ModifyCardOnFileByMember" time="2.255"/>
  <testcase name="setCard2UseInPOSFalse" classname="unitTests.ModifyCardOnFileByMember" time="2.152"/>
  <testcase name="setCard2UseInPOSTrue" classname="unitTests.ModifyCardOnFileByMember" time="2.027"/>
  <testcase name="modifyCard" classname="unitTests.ModifyCardOnFileByMember" time="2.812"/>
  <testcase name="noChangeToExistingCard" classname="unitTests.ModifyCardOnFileByMember" time="1.403"/>
  <testcase name="clubPricingClub1" classname="unitTests.PurchasePackageOnAccount" time="1.114"/>
  <testcase name="clubPricingClub2" classname="unitTests.PurchasePackageOnAccount" time="0.852"/>
  <testcase name="clubPricingClub3" classname="unitTests.PurchasePackageOnAccount" time="2.013"/>
  <testcase name="collectionsMember" classname="unitTests.PurchasePackageOnAccount" time="0.812"/>
  <testcase name="creditLimitExceeded" classname="unitTests.PurchasePackageOnAccount" time="0.965"/>
  <testcase name="creditLimitNotExceeded" classname="unitTests.PurchasePackageOnAccount" time="0.952"/>
  <testcase name="freePunchcard" classname="unitTests.PurchasePackageOnAccount" time="1.934"/>
  <testcase name="freeService" classname="unitTests.PurchasePackageOnAccount" time="4.164"/>
  <testcase name="freeTraining" classname="unitTests.PurchasePackageOnAccount" time="0.909"/>
  <testcase name="frozenMember" classname="unitTests.PurchasePackageOnAccount" time="0.928"/>
  <testcase name="itemNotFound" classname="unitTests.PurchasePackageOnAccount" time="0.474"/>
  <testcase name="itemNotPackage" classname="unitTests.PurchasePackageOnAccount" time="0.609"/>
  <testcase name="memberNotFound" classname="unitTests.PurchasePackageOnAccount" time="0.369"/>
  <testcase name="noFOP" classname="unitTests.PurchasePackageOnAccount" time="0.841"/>
  <testcase name="onAccountPaymentNotAllowed" classname="unitTests.PurchasePackageOnAccount" time="1.542"/>
  <testcase name="packageQuantityLimitExceeded" classname="unitTests.PurchasePackageOnAccount" time="0.566"/>
  <testcase name="paidPunchcard" classname="unitTests.PurchasePackageOnAccount" time="1.953"/>
  <testcase name="paidServiceV" classname="unitTests.PurchasePackageOnAccount" time="0.982"/>
  <testcase name="paidTraining" classname="unitTests.PurchasePackageOnAccount" time="0.919"/>
  <testcase name="productPriceChanged" classname="unitTests.PurchasePackageOnAccount" time="0.64"/>
  <testcase name="prospect" classname="unitTests.PurchasePackageOnAccount" time="0.764"/>
  <testcase name="quantityZero" classname="unitTests.PurchasePackageOnAccount" time="0.358"/>
  <testcase name="taxedItem" classname="unitTests.PurchasePackageOnAccount" time="0.92"/>
  <testcase name="terminatedMember" classname="unitTests.PurchasePackageOnAccount" time="0.857"/>
  <testcase name="tierPricingPackage_Tier1" classname="unitTests.PurchasePackageOnAccount" time="0.885"/>
  <testcase name="tierPricingPackage_Tier2" classname="unitTests.PurchasePackageOnAccount" time="1.129"/>
  <testcase name="collectionsMember" classname="unitTests.PurchasePackageWithNewCreditCard" time="1.597"/>
  <testcase name="creditLimitExceeded" classname="unitTests.PurchasePackageWithNewCreditCard" time="1.375"/>
  <testcase name="creditLimitNotExceeded" classname="unitTests.PurchasePackageWithNewCreditCard" time="1.37"/>
  <testcase name="freePackage" classname="unitTests.PurchasePackageWithNewCreditCard" time="0.96"/>
  <testcase name="freePunchcard" classname="unitTests.PurchasePackageWithNewCreditCard" time="0.985"/>
  <testcase name="freeService" classname="unitTests.PurchasePackageWithNewCreditCard" time="0.968"/>
  <testcase name="freeTraining" classname="unitTests.PurchasePackageWithNewCreditCard" time="1"/>
  <testcase name="frozenMember" classname="unitTests.PurchasePackageWithNewCreditCard" time="1.353"/>
  <testcase name="itemNotFound" classname="unitTests.PurchasePackageWithNewCreditCard" time="0.721"/>
  <testcase name="itemNotPackage" classname="unitTests.PurchasePackageWithNewCreditCard" time="0.483"/>
  <testcase name="memberNotFound" classname="unitTests.PurchasePackageWithNewCreditCard" time="0.378"/>
  <testcase name="optionalParameterAddress2" classname="unitTests.PurchasePackageWithNewCreditCard" time="1.215"/>
  <testcase name="packageQuantityLimitExceeded" classname="unitTests.PurchasePackageWithNewCreditCard" time="0.598"/>
  <testcase name="paidPunchcard" classname="unitTests.PurchasePackageWithNewCreditCard" time="1.222"/>
  <testcase name="paidServiceV" classname="unitTests.PurchasePackageWithNewCreditCard" time="1.273"/>
  <testcase name="paidTraining" classname="unitTests.PurchasePackageWithNewCreditCard" time="1.186"/>
  <testcase name="productPriceChanged" classname="unitTests.PurchasePackageWithNewCreditCard" time="0.583"/>
  <testcase name="prospect" classname="unitTests.PurchasePackageWithNewCreditCard" time="2.291"/>
  <testcase name="quantityZero" classname="unitTests.PurchasePackageWithNewCreditCard" time="0.354"/>
  <testcase name="taxedItem" classname="unitTests.PurchasePackageWithNewCreditCard" time="1.175"/>
  <testcase name="terminatedMember" classname="unitTests.PurchasePackageWithNewCreditCard" time="1.257"/>
  <testcase name="tierPricingPackage_Tier1" classname="unitTests.PurchasePackageWithNewCreditCard" time="1.291"/>
  <testcase name="tierPricingPackage_Tier2" classname="unitTests.PurchasePackageWithNewCreditCard" time="1.088"/>
  <testcase name="collectionsMember" classname="unitTests.PurchasePackageWithCardOnFile" time="1.523"/>
  <testcase name="creditLimitExceeded" classname="unitTests.PurchasePackageWithCardOnFile" time="0.937"/>
  <testcase name="creditLimitNotExceeded" classname="unitTests.PurchasePackageWithCardOnFile" time="5.35"/>
  <testcase name="freePunchcard" classname="unitTests.PurchasePackageWithCardOnFile" time="1.52"/>
  <testcase name="freeService" classname="unitTests.PurchasePackageWithCardOnFile" time="1.011"/>
  <testcase name="freeTraining" classname="unitTests.PurchasePackageWithCardOnFile" time="1.229"/>
  <testcase name="frozenMember" classname="unitTests.PurchasePackageWithCardOnFile" time="1.503"/>
  <testcase name="itemNotFound" classname="unitTests.PurchasePackageWithCardOnFile" time="0.403"/>
  <testcase name="itemNotPackage" classname="unitTests.PurchasePackageWithCardOnFile" time="0.388"/>
  <testcase name="memberNotFound" classname="unitTests.PurchasePackageWithCardOnFile" time="0.351"/>
  <testcase name="multipleCardsOnFileAccountId1" classname="unitTests.PurchasePackageWithCardOnFile" time="1.437"/>
  <testcase name="multipleCardsOnFileAccountId2" classname="unitTests.PurchasePackageWithCardOnFile" time="1.35"/>
  <testcase name="noCardOnFile" classname="unitTests.PurchasePackageWithCardOnFile" time="1.275"/>
  <testcase name="packageQuantityLimitExceeded" classname="unitTests.PurchasePackageWithCardOnFile" time="0.662"/>
  <testcase name="paidPunchcard" classname="unitTests.PurchasePackageWithCardOnFile" time="1.37"/>
  <testcase name="paidServiceV" classname="unitTests.PurchasePackageWithCardOnFile" time="2.552"/>
  <testcase name="paidTraining" classname="unitTests.PurchasePackageWithCardOnFile" time="2.175"/>
  <testcase name="productPriceChanged" classname="unitTests.PurchasePackageWithCardOnFile" time="0.815"/>
  <testcase name="prospect" classname="unitTests.PurchasePackageWithCardOnFile" time="1.534"/>
  <testcase name="quantityZero" classname="unitTests.PurchasePackageWithCardOnFile" time="0.577"/>
  <testcase name="taxedItem" classname="unitTests.PurchasePackageWithCardOnFile" time="1.5"/>
  <testcase name="terminatedMember" classname="unitTests.PurchasePackageWithCardOnFile" time="0.927"/>
  <testcase name="tierPricingPackage_Tier1" classname="unitTests.PurchasePackageWithCardOnFile" time="1.349"/>
  <testcase name="tierPricingPackage_Tier2" classname="unitTests.PurchasePackageWithCardOnFile" time="1.244"/>
  <testcase name="noOptionalParameters" classname="unitTests.SearchMembers" time="1.966"/>
  <testcase name="searchMembers_Email" classname="unitTests.SearchMembers" time="0.625"/>
  <testcase name="searchMembers_FirstName" classname="unitTests.SearchMembers" time="0.57"/>
  <testcase name="searchMembers_HomePhoneDashes" classname="unitTests.SearchMembers" time="1.208"/>
  <testcase name="searchMembers_HomePhoneNoDashes" classname="unitTests.SearchMembers" time="1.017"/>
  <testcase name="searchMembers_LastFirstName" classname="unitTests.SearchMembers" time="1.01"/>
  <testcase name="searchMembers_LastName" classname="unitTests.SearchMembers" time="3.109"/>
  <testcase name="searchMembers_MobilePhoneDashes" classname="unitTests.SearchMembers" time="1.192"/>
  <testcase name="searchMembers_MobilePhoneNoDashes" classname="unitTests.SearchMembers" time="1.033"/>
  <testcase name="searchMembers_WorkPhoneDashes" classname="unitTests.SearchMembers" time="1.263"/>
  <testcase name="searchMembers_WorkPhoneNoDashes" classname="unitTests.SearchMembers" time="1.015"/>
  <testcase name="Email" classname="unitTests.SearchMembersByProduct" time="1.063"/>
  <testcase name="FirstLastName" classname="unitTests.SearchMembersByProduct" time="0.67"/>
  <testcase name="FirstName" classname="unitTests.SearchMembersByProduct" time="0.846"/>
  <testcase name="HomePhoneWithDashes" classname="unitTests.SearchMembersByProduct" time="0.673"/>
  <testcase name="HomePhoneWithoutDashes" classname="unitTests.SearchMembersByProduct" time="0.651"/>
  <testcase name="LastFirstName" classname="unitTests.SearchMembersByProduct" time="0.687"/>
  <testcase name="LastName" classname="unitTests.SearchMembersByProduct" time="1.668"/>
  <testcase name="MobilePhoneWithDashes" classname="unitTests.SearchMembersByProduct" time="0.831"/>
  <testcase name="MobilePhoneWithoutDashes" classname="unitTests.SearchMembersByProduct" time="0.716"/>
  <testcase name="WorkPhoneWithDashes" classname="unitTests.SearchMembersByProduct" time="0.361"/>
  <testcase name="associatedClubRequired" classname="unitTests.SearchMembersByProduct" time="0.182"/>
  <testcase name="productNotFound" classname="unitTests.SearchMembersByProduct" time="0.385"/>
  <testcase name="searchParameterNull" classname="unitTests.SearchMembersByProduct" time="0.389"/>
  <testcase name="trainingRequired" classname="unitTests.SearchMembersByProduct" time="0.197"/>
  <testcase name="associatedClubRequired" classname="unitTests.SearchOnlineMembersByProduct" time="0.397"/>
  <testcase name="customerNotFound" classname="unitTests.SearchOnlineMembersByProduct" time="0.382"/>
  <testcase name="customerRequired" classname="unitTests.SearchOnlineMembersByProduct" time="0.199"/>
  <testcase name="productNotFound" classname="unitTests.SearchOnlineMembersByProduct" time="0.373"/>
  <testcase name="searchOnlineMembers_Email" classname="unitTests.SearchOnlineMembersByProduct" time="0.758"/>
  <testcase name="searchOnlineMembers_FirstLastName" classname="unitTests.SearchOnlineMembersByProduct" time="0.744"/>
  <testcase name="searchOnlineMembers_FirstName" classname="unitTests.SearchOnlineMembersByProduct" time="0.788"/>
  <testcase name="searchOnlineMembers_HomePhoneNoDashes" classname="unitTests.SearchOnlineMembersByProduct" time="0.787"/>
  <testcase name="searchOnlineMembers_HomePhoneWithDashes" classname="unitTests.SearchOnlineMembersByProduct" time="0.924"/>
  <testcase name="searchOnlineMembers_LastFirstName" classname="unitTests.SearchOnlineMembersByProduct" time="0.747"/>
  <testcase name="searchOnlineMembers_LastName" classname="unitTests.SearchOnlineMembersByProduct" time="0.845"/>
  <testcase name="searchOnlineMembers_MobilePhoneNoDashes" classname="unitTests.SearchOnlineMembersByProduct" time="0.74"/>
  <testcase name="searchOnlineMembers_MobilePhoneWithDashes" classname="unitTests.SearchOnlineMembersByProduct" time="0.776"/>
  <testcase name="searchOnlineMembers_WorkPhone" classname="unitTests.SearchOnlineMembersByProduct" time="0.367"/>
  <testcase name="searchParameterNull" classname="unitTests.SearchOnlineMembersByProduct" time="0.384"/>
  <testcase name="trainingRequired" classname="unitTests.SearchOnlineMembersByProduct" time="0.209"/>
  <testcase name="InactiveClub" classname="unitTests.SecurityPipeline" time="0.622"/>
  <testcase name="InvalidAPIKey" classname="unitTests.SecurityPipeline" time="0.247"/>
  <testcase name="InvalidClub" classname="unitTests.SecurityPipeline" time="0.329"/>
  <testcase name="InvalidCompany" classname="unitTests.SecurityPipeline" time="0.248"/>
  <testcase name="NoAPIKey" classname="unitTests.SecurityPipeline" time="0.397"/>
  <testcase name="endpointNotFound" classname="unitTests.SecurityPipeline" time="0.376"/>
  <testcase name="addressLine1NotRequired" classname="unitTests.TakePaymentWithNewCreditCard" time="1.372"/>
  <testcase name="cardExpired" classname="unitTests.TakePaymentWithNewCreditCard" time="0.873"/>
  <testcase name="cardNumberInvalid" classname="unitTests.TakePaymentWithNewCreditCard" time="0.366"/>
  <testcase name="cardNumberRequired" classname="unitTests.TakePaymentWithNewCreditCard" time="0.203"/>
  <testcase name="cityNotRequired" classname="unitTests.TakePaymentWithNewCreditCard" time="0.571"/>
  <testcase name="effectiveDateInPast" classname="unitTests.TakePaymentWithNewCreditCard" time="0.592"/>
  <testcase name="invoiceNotFound" classname="unitTests.TakePaymentWithNewCreditCard" time="0.57"/>
  <testcase name="memberNotFound" classname="unitTests.TakePaymentWithNewCreditCard" time="0.581"/>
  <testcase name="nameOnCardRequired" classname="unitTests.TakePaymentWithNewCreditCard" time="0.194"/>
  <testcase name="postalCodeNotRequired" classname="unitTests.TakePaymentWithNewCreditCard" time="0.57"/>
  <testcase name="securityCodeRequired" classname="unitTests.TakePaymentWithNewCreditCard" time="0.199"/>
  <testcase name="stateProvinceNotRequired" classname="unitTests.TakePaymentWithNewCreditCard" time="0.639"/>
  <testcase name="takeMasterCardPaymentNoInvoice" classname="unitTests.TakePaymentWithNewCreditCard" time="0.714"/>
  <testcase name="takeMasterCardPaymentOnInvoice" classname="unitTests.TakePaymentWithNewCreditCard" time="1.037"/>
  <testcase name="accountNotCreditCard" classname="unitTests.TakePaymentWithCardOnFileForMember" time="0.565"/>
  <testcase name="accountNotFound" classname="unitTests.TakePaymentWithCardOnFileForMember" time="0.355"/>
  <testcase name="accountRequiredBlank" classname="unitTests.TakePaymentWithCardOnFileForMember" time="0.332"/>
  <testcase name="accountRequiredNull" classname="unitTests.TakePaymentWithCardOnFileForMember" time="0.178"/>
  <testcase name="amountRequiredBlank" classname="unitTests.TakePaymentWithCardOnFileForMember" time="0.181"/>
  <testcase name="amountRequiredNull" classname="unitTests.TakePaymentWithCardOnFileForMember" time="0.174"/>
  <testcase name="amountZero" classname="unitTests.TakePaymentWithCardOnFileForMember" time="0.885"/>
  <testcase name="creditCardExpired" classname="unitTests.TakePaymentWithCardOnFileForMember" time="0.757"/>
  <testcase name="customerNotFound" classname="unitTests.TakePaymentWithCardOnFileForMember" time="0.873"/>
  <testcase name="customerRequiredBlank" classname="unitTests.TakePaymentWithCardOnFileForMember" time="0.167"/>
  <testcase name="customerRequiredNull" classname="unitTests.TakePaymentWithCardOnFileForMember" time="0.177"/>
  <testcase name="draftLimitExceeded" classname="unitTests.TakePaymentWithCardOnFileForMember" time="0.744"/>
  <testcase name="effectiveDateInPast" classname="unitTests.TakePaymentWithCardOnFileForMember" time="0.735"/>
  <testcase name="employeeNotFound" classname="unitTests.TakePaymentWithCardOnFileForMember" time="0.818"/>
  <testcase name="employeeRequiredBlank" classname="unitTests.TakePaymentWithCardOnFileForMember" time="0.2"/>
  <testcase name="employeeRequiredNull" classname="unitTests.TakePaymentWithCardOnFileForMember" time="0.739"/>
  <testcase name="frozenMember" classname="unitTests.TakePaymentWithCardOnFileForMember" time="0.924"/>
  <testcase name="invoiceNotFound" classname="unitTests.TakePaymentWithCardOnFileForMember" time="0.795"/>
  <testcase name="memberInCollections" classname="unitTests.TakePaymentWithCardOnFileForMember" time="0.777"/>
  <testcase name="multipleCardsOnFile" classname="unitTests.TakePaymentWithCardOnFileForMember" time="0.949"/>
  <testcase name="noFOPOnFile" classname="unitTests.TakePaymentWithCardOnFileForMember" time="0.35"/>
  <testcase name="paymentCategoryNotRequired" classname="unitTests.TakePaymentWithCardOnFileForMember" time="0.886"/>
  <testcase name="paymentDescriptionNotRequired" classname="unitTests.TakePaymentWithCardOnFileForMember" time="1.618"/>
  <testcase name="withInvoice" classname="unitTests.TakePaymentWithCardOnFileForMember" time="1.84"/>
  <testcase name="withoutInvoice" classname="unitTests.TakePaymentWithCardOnFileForMember" time="1.046"/>
  <testcase name="BarcodeIdRequired" classname="unitTests.UpdatePersonalInformation" time="0.523"/>
  <testcase name="LastNameRequired" classname="unitTests.UpdatePersonalInformation" time="0.496"/>
  <testcase name="customerIdRequired" classname="unitTests.UpdatePersonalInformation" time="0.19"/>
  <testcase name="customerNotFound" classname="unitTests.UpdatePersonalInformation" time="0.573"/>
  <testcase name="fieldNameRequired" classname="unitTests.UpdatePersonalInformation" time="0.196"/>
  <testcase name="firstNameRequired" classname="unitTests.UpdatePersonalInformation" time="0.408"/>
  <testcase name="removeAddress2" classname="unitTests.UpdatePersonalInformation" time="3.115"/>
  <testcase name="updateAddress1" classname="unitTests.UpdatePersonalInformation" time="3.182"/>
  <testcase name="updateAddress1Family" classname="unitTests.UpdatePersonalInformation" time="4.469"/>
  <testcase name="updateAddress2" classname="unitTests.UpdatePersonalInformation" time="3.017"/>
  <testcase name="updateAddress2Family" classname="unitTests.UpdatePersonalInformation" time="4.853"/>
  <testcase name="updateAllowOnlineSearchFalse" classname="unitTests.UpdatePersonalInformation" time="1.876"/>
  <testcase name="updateAllowOnlineSearchTrue" classname="unitTests.UpdatePersonalInformation" time="1.539"/>
  <testcase name="updateBarcodeId" classname="unitTests.UpdatePersonalInformation" time="3.582"/>
  <testcase name="updateCity" classname="unitTests.UpdatePersonalInformation" time="2.922"/>
  <testcase name="updateCityFamily" classname="unitTests.UpdatePersonalInformation" time="4.38"/>
  <testcase name="updateDateOfBirth" classname="unitTests.UpdatePersonalInformation" time="3.013"/>
  <testcase name="updateDisplayName" classname="unitTests.UpdatePersonalInformation" time="2.904"/>
  <testcase name="updateDriversLicenseNumber" classname="unitTests.UpdatePersonalInformation" time="3.106"/>
  <testcase name="updateEmailAddress" classname="unitTests.UpdatePersonalInformation" time="3.044"/>
  <testcase name="updateEmailContactConsentFalse" classname="unitTests.UpdatePersonalInformation" time="3.251"/>
  <testcase name="updateEmailContactConsentTrue" classname="unitTests.UpdatePersonalInformation" time="3.093"/>
  <testcase name="updateEmergencyContactName" classname="unitTests.UpdatePersonalInformation" time="2.932"/>
  <testcase name="updateEmergencyContactPhoneNumber" classname="unitTests.UpdatePersonalInformation" time="2.939"/>
  <testcase name="updateFirstName" classname="unitTests.UpdatePersonalInformation" time="2.935"/>
  <testcase name="updateHomePhoneContactConsentFalse" classname="unitTests.UpdatePersonalInformation" time="3.52"/>
  <testcase name="updateHomePhoneContactConsentTrue" classname="unitTests.UpdatePersonalInformation" time="3.657"/>
  <testcase name="updateHomePhoneNumber" classname="unitTests.UpdatePersonalInformation" time="3.016"/>
  <testcase name="updateLastName" classname="unitTests.UpdatePersonalInformation" time="2.932"/>
  <testcase name="updateMiddleInitial" classname="unitTests.UpdatePersonalInformation" time="3.348"/>
  <testcase name="updateMobilePhoneContactConsentFalse" classname="unitTests.UpdatePersonalInformation" time="2.995"/>
  <testcase name="updateMobilePhoneContactConsentTrue" classname="unitTests.UpdatePersonalInformation" time="3.077"/>
  <testcase name="updateMobilePhoneNumber" classname="unitTests.UpdatePersonalInformation" time="3.011"/>
  <testcase name="updatePostalcode" classname="unitTests.UpdatePersonalInformation" time="2.954"/>
  <testcase name="updatePostalcodeFamily" classname="unitTests.UpdatePersonalInformation" time="4.312"/>
  <testcase name="updatePreferredName" classname="unitTests.UpdatePersonalInformation" time="4.98"/>
  <testcase name="updatePreferredPhoneHome" classname="unitTests.UpdatePersonalInformation" time="3.517"/>
  <testcase name="updatePreferredPhoneMobile" classname="unitTests.UpdatePersonalInformation" time="3.023"/>
  <testcase name="updateRestrictMemberFromMultiMemberSearchFalse" classname="unitTests.UpdatePersonalInformation" time="2.969"/>
  <testcase name="updateRestrictMemberFromMultiMemberSearchTrue" classname="unitTests.UpdatePersonalInformation" time="2.955"/>
  <testcase name="updateStateProvince" classname="unitTests.UpdatePersonalInformation" time="2.942"/>
  <testcase name="updateStateProvinceFamily" classname="unitTests.UpdatePersonalInformation" time="4.307"/>
  <testcase name="updateWorkPhoneContactConsentFalse" classname="unitTests.UpdatePersonalInformation" time="3.004"/>
  <testcase name="updateWorkPhoneContactConsentTrue" classname="unitTests.UpdatePersonalInformation" time="4.94"/>
  <testcase name="updateWorkPhoneExtension" classname="unitTests.UpdatePersonalInformation" time="3.349"/>
  <testcase name="updateWorkPhoneNumber" classname="unitTests.UpdatePersonalInformation" time="2.896"/>
  <testcase name="classEnded" classname="unitTests.VerifyClassEnrollmentCapability" time="1.107"/>
  <testcase name="classFullStandbyAllowed" classname="unitTests.VerifyClassEnrollmentCapability" time="0.778"/>
  <testcase name="creditLimitedExceededEmployee" classname="unitTests.VerifyClassEnrollmentCapability" time="1.112"/>
  <testcase name="creditLimitedExceededMember" classname="unitTests.VerifyClassEnrollmentCapability" time="1.092"/>
  <testcase name="customerAlreadyEnrolled" classname="unitTests.VerifyClassEnrollmentCapability" time="2.791"/>
  <testcase name="customerAlreadyOnStandby" classname="unitTests.VerifyClassEnrollmentCapability" time="1.091"/>
  <testcase name="customerIdRequired" classname="unitTests.VerifyClassEnrollmentCapability" time="0.498"/>
  <testcase name="customerOccurrenceRequired" classname="unitTests.VerifyClassEnrollmentCapability" time="0.21"/>
  <testcase name="displayedGrandTotalRequired" classname="unitTests.VerifyClassEnrollmentCapability" time="0.189"/>
  <testcase name="enrollmentCapabilityVerifiedEmployee" classname="unitTests.VerifyClassEnrollmentCapability" time="0.779"/>
  <testcase name="enrollmentCapabilityVerifiedMember" classname="unitTests.VerifyClassEnrollmentCapability" time="0.917"/>
  <testcase name="enrollmentClosedEmployee" classname="unitTests.VerifyClassEnrollmentCapability" time="0.798"/>
  <testcase name="enrollmentClosedMember" classname="unitTests.VerifyClassEnrollmentCapability" time="0.816"/>
  <testcase name="enrollmentNotAllowedCollectionsMember" classname="unitTests.VerifyClassEnrollmentCapability" time="1.782"/>
  <testcase name="enrollmentNotAllowedFrozenMember" classname="unitTests.VerifyClassEnrollmentCapability" time="0.757"/>
  <testcase name="enrollmentNotAllowedTerminatedMember" classname="unitTests.VerifyClassEnrollmentCapability" time="0.78"/>
  <testcase name="enrollmentNotOpenEmployee" classname="unitTests.VerifyClassEnrollmentCapability" time="0.848"/>
  <testcase name="enrollmentNotOpenMember" classname="unitTests.VerifyClassEnrollmentCapability" time="0.78"/>
  <testcase name="invalidClassId" classname="unitTests.VerifyClassEnrollmentCapability" time="1.395"/>
  <testcase name="invalidCustomerId" classname="unitTests.VerifyClassEnrollmentCapability" time="0.297"/>
  <testcase name="invalidOccurrence" classname="unitTests.VerifyClassEnrollmentCapability" time="0.571"/>
  <testcase name="itemIdRequired" classname="unitTests.VerifyClassEnrollmentCapability" time="0.316"/>
  <testcase name="onlineSalesNotAllowedEmployee" classname="unitTests.VerifyClassEnrollmentCapability" time="0.868"/>
  <testcase name="onlineSalesNotAllowedMember" classname="unitTests.VerifyClassEnrollmentCapability" time="0.472"/>
  <testcase name="productPriceChanged" classname="unitTests.VerifyClassEnrollmentCapability" time="0.99"/>
  <testcase name="prospectEmployeeContext" classname="unitTests.VerifyClassEnrollmentCapability" time="0.878"/>
  <testcase name="prospectMemberContext" classname="unitTests.VerifyClassEnrollmentCapability" time="0.855"/>
  <testcase name="schedulingConflict" classname="unitTests.VerifyClassEnrollmentCapability" time="1.536"/>
  <testcase name="CollectionsMemberFreeCourse" classname="unitTests.VerifyCourseEnrollmentCapability" time="0.855"/>
  <testcase name="CollectionsMemberPaidCourse" classname="unitTests.VerifyCourseEnrollmentCapability" time="0.767"/>
  <testcase name="courseEnded" classname="unitTests.VerifyCourseEnrollmentCapability" time="0.73"/>
  <testcase name="courseFullStandbyAllowed" classname="unitTests.VerifyCourseEnrollmentCapability" time="0.755"/>
  <testcase name="creditLimitedExceededEmployeeContext" classname="unitTests.VerifyCourseEnrollmentCapability" time="1.727"/>
  <testcase name="creditLimitedExceededMemberContext" classname="unitTests.VerifyCourseEnrollmentCapability" time="0.744"/>
  <testcase name="customerAlreadyEnrolled" classname="unitTests.VerifyCourseEnrollmentCapability" time="0.948"/>
  <testcase name="customerAlreadyOnStandby" classname="unitTests.VerifyCourseEnrollmentCapability" time="0.584"/>
  <testcase name="customerIdRequired" classname="unitTests.VerifyCourseEnrollmentCapability" time="1.199"/>
  <testcase name="displayedGrandTotalRequired" classname="unitTests.VerifyCourseEnrollmentCapability" time="0.206"/>
  <testcase name="enrollmentCapabilityVerifiedEmployee" classname="unitTests.VerifyCourseEnrollmentCapability" time="0.731"/>
  <testcase name="enrollmentCapabilityVerifiedMember" classname="unitTests.VerifyCourseEnrollmentCapability" time="0.717"/>
  <testcase name="enrollmentClosedEmployee" classname="unitTests.VerifyCourseEnrollmentCapability" time="0.706"/>
  <testcase name="enrollmentClosedMember" classname="unitTests.VerifyCourseEnrollmentCapability" time="0.784"/>
  <testcase name="enrollmentNotAllowedFrozenMember" classname="unitTests.VerifyCourseEnrollmentCapability" time="2.062"/>
  <testcase name="enrollmentNotAllowedTerminatedMember" classname="unitTests.VerifyCourseEnrollmentCapability" time="0.67"/>
  <testcase name="enrollmentNotOpenEmployee" classname="unitTests.VerifyCourseEnrollmentCapability" time="0.695"/>
  <testcase name="enrollmentNotOpenMember" classname="unitTests.VerifyCourseEnrollmentCapability" time="0.679"/>
  <testcase name="invalidCourseId" classname="unitTests.VerifyCourseEnrollmentCapability" time="0.25"/>
  <testcase name="invalidCustomerId" classname="unitTests.VerifyCourseEnrollmentCapability" time="0.214"/>
  <testcase name="itemIdRequired" classname="unitTests.VerifyCourseEnrollmentCapability" time="0.18"/>
  <testcase name="onlineSalesNotAllowedEmployee" classname="unitTests.VerifyCourseEnrollmentCapability" time="0.627"/>
  <testcase name="onlineSalesNotAllowedMember" classname="unitTests.VerifyCourseEnrollmentCapability" time="0.317"/>
  <testcase name="productPriceChanged" classname="unitTests.VerifyCourseEnrollmentCapability" time="0.81"/>
  <testcase name="prospectEmployeeContext" classname="unitTests.VerifyCourseEnrollmentCapability" time="0.636"/>
  <testcase name="prospectMemberContext" classname="unitTests.VerifyCourseEnrollmentCapability" time="0.649"/>
  <testcase name="clubPricingClub1" classname="unitTests.VerifyPackagePurchaseCapability" time="0.644"/>
  <testcase name="clubPricingClub2" classname="unitTests.VerifyPackagePurchaseCapability" time="0.478"/>
  <testcase name="clubPricingClub3" classname="unitTests.VerifyPackagePurchaseCapability" time="0.549"/>
  <testcase name="collectionsMember" classname="unitTests.VerifyPackagePurchaseCapability" time="0.524"/>
  <testcase name="creditLimitExceeded" classname="unitTests.VerifyPackagePurchaseCapability" time="0.529"/>
  <testcase name="creditLimitNotExceeded" classname="unitTests.VerifyPackagePurchaseCapability" time="0.602"/>
  <testcase name="customerIdRequired" classname="unitTests.VerifyPackagePurchaseCapability" time="0.204"/>
  <testcase name="displayedGrandTotalRequired" classname="unitTests.VerifyPackagePurchaseCapability" time="0.222"/>
  <testcase name="freePunchcard" classname="unitTests.VerifyPackagePurchaseCapability" time="0.507"/>
  <testcase name="freeService" classname="unitTests.VerifyPackagePurchaseCapability" time="0.505"/>
  <testcase name="freeTraining" classname="unitTests.VerifyPackagePurchaseCapability" time="1.825"/>
  <testcase name="frozenMember" classname="unitTests.VerifyPackagePurchaseCapability" time="0.558"/>
  <testcase name="itemIdRequired" classname="unitTests.VerifyPackagePurchaseCapability" time="0.219"/>
  <testcase name="itemNotFound" classname="unitTests.VerifyPackagePurchaseCapability" time="0.261"/>
  <testcase name="itemNotPackage" classname="unitTests.VerifyPackagePurchaseCapability" time="0.243"/>
  <testcase name="memberNotFound" classname="unitTests.VerifyPackagePurchaseCapability" time="0.211"/>
  <testcase name="paidPunchcard" classname="unitTests.VerifyPackagePurchaseCapability" time="0.754"/>
  <testcase name="paidServiceV" classname="unitTests.VerifyPackagePurchaseCapability" time="1.136"/>
  <testcase name="paidTraining" classname="unitTests.VerifyPackagePurchaseCapability" time="1.578"/>
  <testcase name="productPriceChanged" classname="unitTests.VerifyPackagePurchaseCapability" time="0.458"/>
  <testcase name="prospect" classname="unitTests.VerifyPackagePurchaseCapability" time="0.54"/>
  <testcase name="quantityRequired" classname="unitTests.VerifyPackagePurchaseCapability" time="1.252"/>
  <testcase name="quantityZero" classname="unitTests.VerifyPackagePurchaseCapability" time="0.235"/>
  <testcase name="taxedItem" classname="unitTests.VerifyPackagePurchaseCapability" time="1.569"/>
  <testcase name="terminatedMember" classname="unitTests.VerifyPackagePurchaseCapability" time="0.461"/>
  <testcase name="tierPricingPackage_Tier1" classname="unitTests.VerifyPackagePurchaseCapability" time="0.46"/>
  <testcase name="tierPricingPackage_Tier2" classname="unitTests.VerifyPackagePurchaseCapability" time="0.468"/>
</testsuite>