<?xml version="1.0" encoding="UTF-8"?>
<testng-results ignored="5" total="806" passed="801" failed="0" skipped="0">
  <reporter-output>
  </reporter-output>
  <suite started-at="2021-02-10T16:30:01 EST" name="CompeteAPI v3" finished-at="2021-02-10T17:00:13 EST" duration-ms="1812064">
    <groups>
    </groups>
    <test started-at="2021-02-10T16:30:01 EST" name="API - Continuous Integration" finished-at="2021-02-10T17:00:13 EST" duration-ms="1812064">
      <class name="unitTests.ModifyCardOnFileByMember">
        <test-method is-config="true" signature="getData()[pri:0, instance:unitTests.ModifyCardOnFileByMember@31190526]" started-at="2021-02-10T16:53:47 EST" name="getData" finished-at="2021-02-10T16:53:47 EST" duration-ms="1" status="PASS">
          <reporter-output>
          </reporter-output>
        </test-method> <!-- getData -->
        <test-method signature="accountIdNotFound()[pri:0, instance:unitTests.ModifyCardOnFileByMember@31190526]" started-at="2021-02-10T16:53:47 EST" name="accountIdNotFound" description="PBI:164154" finished-at="2021-02-10T16:53:49 EST" duration-ms="2019" status="PASS">
          <reporter-output>
          </reporter-output>
        </test-method> <!-- accountIdNotFound -->
        <test-method signature="accountIdRequired()[pri:0, instance:unitTests.ModifyCardOnFileByMember@31190526]" started-at="2021-02-10T16:53:49 EST" name="accountIdRequired" description="PBI:164154" finished-at="2021-02-10T16:53:51 EST" duration-ms="1215" status="PASS">
          <reporter-output>
          </reporter-output>
        </test-method> <!-- accountIdRequired -->
        <test-method signature="addressIsSameAsMemberAddress()[pri:0, instance:unitTests.ModifyCardOnFileByMember@31190526]" started-at="2021-02-10T16:53:51 EST" name="addressIsSameAsMemberAddress" description="PBI:164154" finished-at="2021-02-10T16:53:53 EST" duration-ms="2150" status="PASS">
          <reporter-output>
          </reporter-output>
        </test-method> <!-- addressIsSameAsMemberAddress -->
        <test-method signature="customerIdRequired()[pri:0, instance:unitTests.ModifyCardOnFileByMember@31190526]" started-at="2021-02-10T16:53:53 EST" name="customerIdRequired" description="PBI:164154" finished-at="2021-02-10T16:53:54 EST" duration-ms="1324" status="PASS">
          <reporter-output>
          </reporter-output>
        </test-method> <!-- customerIdRequired -->
        <test-method signature="customerNotFound()[pri:0, instance:unitTests.ModifyCardOnFileByMember@31190526]" started-at="2021-02-10T16:53:54 EST" name="customerNotFound" description="PBI:164154" finished-at="2021-02-10T16:53:55 EST" duration-ms="1376" status="PASS">
          <reporter-output>
          </reporter-output>
        </test-method> <!-- customerNotFound -->
        <test-method signature="modifyAddressLine1()[pri:0, instance:unitTests.ModifyCardOnFileByMember@31190526]" started-at="2021-02-10T16:53:55 EST" name="modifyAddressLine1" description="PBI:164154" finished-at="2021-02-10T16:53:58 EST" duration-ms="2316" status="PASS">
          <reporter-output>
          </reporter-output>
        </test-method> <!-- modifyAddressLine1 -->
        <test-method signature="modifyAddressLine2()[pri:0, instance:unitTests.ModifyCardOnFileByMember@31190526]" started-at="2021-02-10T16:53:58 EST" name="modifyAddressLine2" description="PBI:164154" finished-at="2021-02-10T16:54:00 EST" duration-ms="2066" status="PASS">
          <reporter-output>
          </reporter-output>
        </test-method> <!-- modifyAddressLine2 -->
        <test-method signature="modifyCity()[pri:0, instance:unitTests.ModifyCardOnFileByMember@31190526]" started-at="2021-02-10T16:54:00 EST" name="modifyCity" description="PBI:164154" finished-at="2021-02-10T16:54:02 EST" duration-ms="1997" status="PASS">
          <reporter-output>
          </reporter-output>
        </test-method> <!-- modifyCity -->
        <test-method signature="modifyStateProvince()[pri:0, instance:unitTests.ModifyCardOnFileByMember@31190526]" started-at="2021-02-10T16:54:02 EST" name="modifyStateProvince" description="PBI:164154" finished-at="2021-02-10T16:54:04 EST" duration-ms="2017" status="PASS">
          <reporter-output>
          </reporter-output>
        </test-method> <!-- modifyStateProvince -->
        <test-method signature="noChangeToExistingAddressLine1()[pri:0, instance:unitTests.ModifyCardOnFileByMember@31190526]" started-at="2021-02-10T16:54:04 EST" name="noChangeToExistingAddressLine1" description="PBI:164154" finished-at="2021-02-10T16:54:07 EST" duration-ms="2867" status="PASS">
          <reporter-output>
          </reporter-output>
        </test-method> <!-- noChangeToExistingAddressLine1 -->
        <test-method signature="modifyAllFields(java.lang.String, java.lang.String, java.lang.String, java.lang.String, java.lang.String, java.lang.String, java.lang.String, java.lang.String, java.lang.String, java.lang.String)[pri:1, instance:unitTests.ModifyCardOnFileByMember@31190526]" started-at="2021-02-10T16:54:07 EST" name="modifyAllFields" description="PBI:164154" data-provider="getDataProvider" finished-at="2021-02-10T16:54:09 EST" duration-ms="2099" status="PASS">
          <params>
            <param index="0">
              <value>
                <![CDATA[5499740000000057]]>
              </value>
            </param>
            <param index="1">
              <value>
                <![CDATA[MasterCard]]>
              </value>
            </param>
            <param index="2">
              <value>
                <![CDATA[2]]>
              </value>
            </param>
            <param index="3">
              <value>
                <![CDATA[2025]]>
              </value>
            </param>
            <param index="4">
              <value>
                <![CDATA[ChangeA Auto]]>
              </value>
            </param>
            <param index="5">
              <value>
                <![CDATA[999 1st St.]]>
              </value>
            </param>
            <param index="6">
              <value>
                <![CDATA[Apt. B]]>
              </value>
            </param>
            <param index="7">
              <value>
                <![CDATA[Webster]]>
              </value>
            </param>
            <param index="8">
              <value>
                <![CDATA[TX]]>
              </value>
            </param>
            <param index="9">
              <value>
                <![CDATA[77589]]>
              </value>
            </param>
          </params>
          <reporter-output>
          </reporter-output>
        </test-method> <!-- modifyAllFields -->
        <test-method signature="modifyAllFields(java.lang.String, java.lang.String, java.lang.String, java.lang.String, java.lang.String, java.lang.String, java.lang.String, java.lang.String, java.lang.String, java.lang.String)[pri:1, instance:unitTests.ModifyCardOnFileByMember@31190526]" started-at="2021-02-10T16:54:09 EST" name="modifyAllFields" description="PBI:164154" data-provider="getDataProvider" finished-at="2021-02-10T16:54:12 EST" duration-ms="3181" status="PASS">
          <params>
            <param index="0">
              <value>
                <![CDATA[4111111111111111]]>
              </value>
            </param>
            <param index="1">
              <value>
                <![CDATA[Visa]]>
              </value>
            </param>
            <param index="2">
              <value>
                <![CDATA[1]]>
              </value>
            </param>
            <param index="3">
              <value>
                <![CDATA[2026]]>
              </value>
            </param>
            <param index="4">
              <value>
                <![CDATA[ChangeB Auto]]>
              </value>
            </param>
            <param index="5">
              <value>
                <![CDATA[1000 North Meadows Dr.]]>
              </value>
            </param>
            <param index="6">
              <value>
                <![CDATA[Apt. 111]]>
              </value>
            </param>
            <param index="7">
              <value>
                <![CDATA[Worthington]]>
              </value>
            </param>
            <param index="8">
              <value>
                <![CDATA[OH]]>
              </value>
            </param>
            <param index="9">
              <value>
                <![CDATA[43235 ]]>
              </value>
            </param>
          </params>
          <reporter-output>
          </reporter-output>
        </test-method> <!-- modifyAllFields -->
        <test-method signature="setCard1AsHouseAccount()[pri:1, instance:unitTests.ModifyCardOnFileByMember@31190526]" started-at="2021-02-10T16:54:12 EST" name="setCard1AsHouseAccount" description="PBI:164154" finished-at="2021-02-10T16:54:14 EST" duration-ms="1923" status="PASS">
          <reporter-output>
          </reporter-output>
        </test-method> <!-- setCard1AsHouseAccount -->
        <test-method signature="setCard2AsHouseAccount()[pri:2, instance:unitTests.ModifyCardOnFileByMember@31190526]" started-at="2021-02-10T16:54:14 EST" name="setCard2AsHouseAccount" description="PBI:164154" finished-at="2021-02-10T16:54:17 EST" duration-ms="3079" status="PASS">
          <reporter-output>
          </reporter-output>
        </test-method> <!-- setCard2AsHouseAccount -->
        <test-method signature="setCard1UseInPOSFalse()[pri:3, instance:unitTests.ModifyCardOnFileByMember@31190526]" started-at="2021-02-10T16:54:17 EST" name="setCard1UseInPOSFalse" description="PBI:164154" finished-at="2021-02-10T16:54:19 EST" duration-ms="2380" status="PASS">
          <reporter-output>
          </reporter-output>
        </test-method> <!-- setCard1UseInPOSFalse -->
        <test-method signature="setCard1UseInPOSTrue()[pri:4, instance:unitTests.ModifyCardOnFileByMember@31190526]" started-at="2021-02-10T16:54:19 EST" name="setCard1UseInPOSTrue" description="PBI:164154" finished-at="2021-02-10T16:54:22 EST" duration-ms="2254" status="PASS">
          <reporter-output>
          </reporter-output>
        </test-method> <!-- setCard1UseInPOSTrue -->
        <test-method signature="setCard2UseInPOSFalse()[pri:5, instance:unitTests.ModifyCardOnFileByMember@31190526]" started-at="2021-02-10T16:54:22 EST" name="setCard2UseInPOSFalse" description="PBI:164154" finished-at="2021-02-10T16:54:24 EST" duration-ms="2151" status="PASS">
          <reporter-output>
          </reporter-output>
        </test-method> <!-- setCard2UseInPOSFalse -->
        <test-method signature="setCard2UseInPOSTrue()[pri:6, instance:unitTests.ModifyCardOnFileByMember@31190526]" started-at="2021-02-10T16:54:24 EST" name="setCard2UseInPOSTrue" description="PBI:164154" finished-at="2021-02-10T16:54:26 EST" duration-ms="2027" status="PASS">
          <reporter-output>
          </reporter-output>
        </test-method> <!-- setCard2UseInPOSTrue -->
        <test-method signature="modifyCard()[pri:7, instance:unitTests.ModifyCardOnFileByMember@31190526]" started-at="2021-02-10T16:54:26 EST" name="modifyCard" description="PBI:164154" finished-at="2021-02-10T16:54:29 EST" duration-ms="2811" status="PASS">
          <reporter-output>
          </reporter-output>
        </test-method> <!-- modifyCard -->
        <test-method signature="noChangeToExistingCard()[pri:8, instance:unitTests.ModifyCardOnFileByMember@31190526]" started-at="2021-02-10T16:54:29 EST" name="noChangeToExistingCard" description="PBI:164154" finished-at="2021-02-10T16:54:30 EST" duration-ms="1402" status="PASS">
          <reporter-output>
          </reporter-output>
        </test-method> <!-- noChangeToExistingCard -->
      </class> <!-- unitTests.ModifyCardOnFileByMember -->
      <class name="unitTests.GetFieldsForProspectCreationByEmployee">
        <test-method signature="fieldsFound()[pri:0, instance:unitTests.GetFieldsForProspectCreationByEmployee@7e6f74c]" started-at="2021-02-10T16:50:51 EST" name="fieldsFound" description="PBI:147788" finished-at="2021-02-10T16:50:54 EST" duration-ms="2647" status="PASS">
          <reporter-output>
          </reporter-output>
        </test-method> <!-- fieldsFound -->
        <test-method is-config="true" signature="getData()[pri:0, instance:unitTests.GetFieldsForProspectCreationByEmployee@7e6f74c]" started-at="2021-02-10T16:50:51 EST" name="getData" finished-at="2021-02-10T16:50:51 EST" duration-ms="0" status="PASS">
          <reporter-output>
          </reporter-output>
        </test-method> <!-- getData -->
        <test-method signature="fieldsFound2()[pri:0, instance:unitTests.GetFieldsForProspectCreationByEmployee@7e6f74c]" started-at="2021-02-10T16:50:54 EST" name="fieldsFound2" description="PBI:147788" finished-at="2021-02-10T16:50:56 EST" duration-ms="2350" status="PASS">
          <reporter-output>
          </reporter-output>
        </test-method> <!-- fieldsFound2 -->
      </class> <!-- unitTests.GetFieldsForProspectCreationByEmployee -->
      <class name="unitTests.EnrollMemberInClassOnAccount">
        <test-method is-config="true" signature="getData()[pri:0, instance:unitTests.EnrollMemberInClassOnAccount@5b7a5baa]" started-at="2021-02-10T16:32:01 EST" name="getData" finished-at="2021-02-10T16:32:01 EST" duration-ms="1" status="PASS">
          <reporter-output>
          </reporter-output>
        </test-method> <!-- getData -->
        <test-method signature="classEnded()[pri:0, instance:unitTests.EnrollMemberInClassOnAccount@5b7a5baa]" started-at="2021-02-10T16:32:01 EST" name="classEnded" description="PBI:143588" finished-at="2021-02-10T16:32:03 EST" duration-ms="1521" status="PASS">
          <reporter-output>
          </reporter-output>
        </test-method> <!-- classEnded -->
        <test-method signature="classEnrollmentClosed()[pri:0, instance:unitTests.EnrollMemberInClassOnAccount@5b7a5baa]" started-at="2021-02-10T16:32:03 EST" name="classEnrollmentClosed" description="PBI:143588" finished-at="2021-02-10T16:32:03 EST" duration-ms="913" status="PASS">
          <reporter-output>
          </reporter-output>
        </test-method> <!-- classEnrollmentClosed -->
        <test-method signature="classNotFound()[pri:0, instance:unitTests.EnrollMemberInClassOnAccount@5b7a5baa]" started-at="2021-02-10T16:32:03 EST" name="classNotFound" description="PBI:143588" finished-at="2021-02-10T16:32:04 EST" duration-ms="564" status="PASS">
          <reporter-output>
          </reporter-output>
        </test-method> <!-- classNotFound -->
        <test-method signature="creditLimitedExceeded()[pri:0, instance:unitTests.EnrollMemberInClassOnAccount@5b7a5baa]" started-at="2021-02-10T16:32:04 EST" name="creditLimitedExceeded" description="PBI:143588" finished-at="2021-02-10T16:32:05 EST" duration-ms="1318" status="PASS">
          <reporter-output>
          </reporter-output>
        </test-method> <!-- creditLimitedExceeded -->
        <test-method signature="customerNotFound()[pri:0, instance:unitTests.EnrollMemberInClassOnAccount@5b7a5baa]" started-at="2021-02-10T16:32:05 EST" name="customerNotFound" description="PBI:143588" finished-at="2021-02-10T16:32:06 EST" duration-ms="407" status="PASS">
          <reporter-output>
          </reporter-output>
        </test-method> <!-- customerNotFound -->
        <test-method signature="enrollmentNotAllowedCollectionsMember()[pri:0, instance:unitTests.EnrollMemberInClassOnAccount@5b7a5baa]" started-at="2021-02-10T16:32:06 EST" name="enrollmentNotAllowedCollectionsMember" description="PBI:143588" finished-at="2021-02-10T16:32:07 EST" duration-ms="1108" status="PASS">
          <reporter-output>
          </reporter-output>
        </test-method> <!-- enrollmentNotAllowedCollectionsMember -->
        <test-method signature="enrollmentNotAllowedFrozenMember()[pri:0, instance:unitTests.EnrollMemberInClassOnAccount@5b7a5baa]" started-at="2021-02-10T16:32:07 EST" name="enrollmentNotAllowedFrozenMember" description="PBI:143588" finished-at="2021-02-10T16:32:08 EST" duration-ms="954" status="PASS">
          <reporter-output>
          </reporter-output>
        </test-method> <!-- enrollmentNotAllowedFrozenMember -->
        <test-method signature="enrollmentNotAllowedProspectMember()[pri:0, instance:unitTests.EnrollMemberInClassOnAccount@5b7a5baa]" started-at="2021-02-10T16:32:08 EST" name="enrollmentNotAllowedProspectMember" description="PBI:143588" finished-at="2021-02-10T16:32:10 EST" duration-ms="2080" status="PASS">
          <reporter-output>
          </reporter-output>
        </test-method> <!-- enrollmentNotAllowedProspectMember -->
        <test-method signature="enrollmentNotAllowedTerminatedMember()[pri:0, instance:unitTests.EnrollMemberInClassOnAccount@5b7a5baa]" started-at="2021-02-10T16:32:10 EST" name="enrollmentNotAllowedTerminatedMember" description="PBI:143588" finished-at="2021-02-10T16:32:11 EST" duration-ms="871" status="PASS">
          <reporter-output>
          </reporter-output>
        </test-method> <!-- enrollmentNotAllowedTerminatedMember -->
        <test-method signature="enrollmentNotOpen()[pri:0, instance:unitTests.EnrollMemberInClassOnAccount@5b7a5baa]" started-at="2021-02-10T16:32:11 EST" name="enrollmentNotOpen" description="PBI:143588" finished-at="2021-02-10T16:32:12 EST" duration-ms="1137" status="PASS">
          <reporter-output>
          </reporter-output>
        </test-method> <!-- enrollmentNotOpen -->
        <test-method signature="memberAlreadyEnrolled()[pri:0, instance:unitTests.EnrollMemberInClassOnAccount@5b7a5baa]" started-at="2021-02-10T16:32:12 EST" name="memberAlreadyEnrolled" description="PBI:143588" finished-at="2021-02-10T16:32:14 EST" duration-ms="2005" status="PASS">
          <reporter-output>
          </reporter-output>
        </test-method> <!-- memberAlreadyEnrolled -->
        <test-method signature="memberAlreadyOnStandby()[pri:0, instance:unitTests.EnrollMemberInClassOnAccount@5b7a5baa]" started-at="2021-02-10T16:32:14 EST" name="memberAlreadyOnStandby" description="PBI:143588" finished-at="2021-02-10T16:32:15 EST" duration-ms="902" status="PASS">
          <reporter-output>
          </reporter-output>
        </test-method> <!-- memberAlreadyOnStandby -->
        <test-method signature="memberEnrolledFreeClass()[pri:0, instance:unitTests.EnrollMemberInClassOnAccount@5b7a5baa]" started-at="2021-02-10T16:32:15 EST" name="memberEnrolledFreeClass" description="PBI:143588" finished-at="2021-02-10T16:32:34 EST" duration-ms="19012" status="PASS">
          <reporter-output>
          </reporter-output>
        </test-method> <!-- memberEnrolledFreeClass -->
        <test-method signature="memberEnrolledFreeClassCollectionsMember()[pri:0, instance:unitTests.EnrollMemberInClassOnAccount@5b7a5baa]" started-at="2021-02-10T16:32:34 EST" name="memberEnrolledFreeClassCollectionsMember" description="PBI:143588" finished-at="2021-02-10T16:32:52 EST" duration-ms="18258" status="PASS">
          <reporter-output>
          </reporter-output>
        </test-method> <!-- memberEnrolledFreeClassCollectionsMember -->
        <test-method signature="memberEnrolledOnStandby()[pri:0, instance:unitTests.EnrollMemberInClassOnAccount@5b7a5baa]" started-at="2021-02-10T16:32:52 EST" name="memberEnrolledOnStandby" description="PBI:143588" finished-at="2021-02-10T16:33:12 EST" duration-ms="19882" status="PASS">
          <reporter-output>
          </reporter-output>
        </test-method> <!-- memberEnrolledOnStandby -->
        <test-method signature="memberEnrolledPaidClassNotStarted()[pri:0, instance:unitTests.EnrollMemberInClassOnAccount@5b7a5baa]" started-at="2021-02-10T16:33:12 EST" name="memberEnrolledPaidClassNotStarted" description="PBI:143588" finished-at="2021-02-10T16:33:31 EST" duration-ms="18680" status="PASS">
          <reporter-output>
          </reporter-output>
        </test-method> <!-- memberEnrolledPaidClassNotStarted -->
        <test-method signature="memberEnrolledPaidClassStarted()[pri:0, instance:unitTests.EnrollMemberInClassOnAccount@5b7a5baa]" started-at="2021-02-10T16:33:31 EST" name="memberEnrolledPaidClassStarted" description="PBI:143588" finished-at="2021-02-10T16:33:54 EST" duration-ms="23663" status="PASS">
          <reporter-output>
          </reporter-output>
        </test-method> <!-- memberEnrolledPaidClassStarted -->
        <test-method signature="memberNotEnrolledOnStandby()[pri:0, instance:unitTests.EnrollMemberInClassOnAccount@5b7a5baa]" started-at="2021-02-10T16:33:54 EST" name="memberNotEnrolledOnStandby" description="PBI:143588" finished-at="2021-02-10T16:33:55 EST" duration-ms="928" status="PASS">
          <reporter-output>
          </reporter-output>
        </test-method> <!-- memberNotEnrolledOnStandby -->
        <test-method signature="noFOP_AccountProblem()[pri:0, instance:unitTests.EnrollMemberInClassOnAccount@5b7a5baa]" started-at="2021-02-10T16:33:55 EST" name="noFOP_AccountProblem" description="PBI:143588" finished-at="2021-02-10T16:33:56 EST" duration-ms="1194" status="PASS">
          <reporter-output>
          </reporter-output>
        </test-method> <!-- noFOP_AccountProblem -->
        <test-method signature="occurrenceNotFound()[pri:0, instance:unitTests.EnrollMemberInClassOnAccount@5b7a5baa]" started-at="2021-02-10T16:33:56 EST" name="occurrenceNotFound" description="PBI:143588" finished-at="2021-02-10T16:33:57 EST" duration-ms="806" status="PASS">
          <reporter-output>
          </reporter-output>
        </test-method> <!-- occurrenceNotFound -->
        <test-method signature="productPriceChanged()[pri:0, instance:unitTests.EnrollMemberInClassOnAccount@5b7a5baa]" started-at="2021-02-10T16:33:57 EST" name="productPriceChanged" description="PBI:143588" finished-at="2021-02-10T16:33:58 EST" duration-ms="1032" status="PASS">
          <reporter-output>
          </reporter-output>
        </test-method> <!-- productPriceChanged -->
        <test-method signature="schedulingConflict()[pri:0, instance:unitTests.EnrollMemberInClassOnAccount@5b7a5baa]" started-at="2021-02-10T16:33:58 EST" name="schedulingConflict" description="PBI:143588" finished-at="2021-02-10T16:33:59 EST" duration-ms="948" status="PASS">
          <reporter-output>
          </reporter-output>
        </test-method> <!-- schedulingConflict -->
      </class> <!-- unitTests.EnrollMemberInClassOnAccount -->
      <class name="unitTests.EnrollMemberInCourseWithRecurringDues">
        <test-method is-config="true" signature="getData()[pri:0, instance:unitTests.EnrollMemberInCourseWithRecurringDues@c730b35]" started-at="2021-02-10T16:46:38 EST" name="getData" finished-at="2021-02-10T16:46:38 EST" duration-ms="0" status="PASS">
          <reporter-output>
          </reporter-output>
        </test-method> <!-- getData -->
        <test-method signature="courseEnded()[pri:0, instance:unitTests.EnrollMemberInCourseWithRecurringDues@c730b35]" started-at="2021-02-10T16:46:38 EST" name="courseEnded" description="PBI:154260" finished-at="2021-02-10T16:46:39 EST" duration-ms="923" status="PASS">
          <reporter-output>
          </reporter-output>
        </test-method> <!-- courseEnded -->
        <test-method signature="courseNotAvailableOnline()[pri:0, instance:unitTests.EnrollMemberInCourseWithRecurringDues@c730b35]" started-at="2021-02-10T16:46:39 EST" name="courseNotAvailableOnline" description="PBI:154260" finished-at="2021-02-10T16:46:40 EST" duration-ms="715" status="PASS">
          <reporter-output>
          </reporter-output>
        </test-method> <!-- courseNotAvailableOnline -->
        <test-method signature="courseNotFound()[pri:0, instance:unitTests.EnrollMemberInCourseWithRecurringDues@c730b35]" started-at="2021-02-10T16:46:40 EST" name="courseNotFound" description="PBI:154260" finished-at="2021-02-10T16:46:40 EST" duration-ms="377" status="PASS">
          <reporter-output>
          </reporter-output>
        </test-method> <!-- courseNotFound -->
        <test-method signature="customerNotFound()[pri:0, instance:unitTests.EnrollMemberInCourseWithRecurringDues@c730b35]" started-at="2021-02-10T16:46:40 EST" name="customerNotFound" description="PBI:154260" finished-at="2021-02-10T16:46:40 EST" duration-ms="529" status="PASS">
          <reporter-output>
          </reporter-output>
        </test-method> <!-- customerNotFound -->
        <test-method signature="memberAlreadyEnrolled()[pri:0, instance:unitTests.EnrollMemberInCourseWithRecurringDues@c730b35]" started-at="2021-02-10T16:46:40 EST" name="memberAlreadyEnrolled" description="PBI:154260" finished-at="2021-02-10T16:46:41 EST" duration-ms="733" status="PASS">
          <reporter-output>
          </reporter-output>
        </test-method> <!-- memberAlreadyEnrolled -->
        <test-method signature="memberAlreadyEnrolledOnStandby()[pri:0, instance:unitTests.EnrollMemberInCourseWithRecurringDues@c730b35]" started-at="2021-02-10T16:46:41 EST" name="memberAlreadyEnrolledOnStandby" description="PBI:154260" finished-at="2021-02-10T16:46:42 EST" duration-ms="721" status="PASS">
          <reporter-output>
          </reporter-output>
        </test-method> <!-- memberAlreadyEnrolledOnStandby -->
        <test-method signature="memberEnrolledFreeCourse()[pri:0, instance:unitTests.EnrollMemberInCourseWithRecurringDues@c730b35]" started-at="2021-02-10T16:46:42 EST" name="memberEnrolledFreeCourse" description="PBI:154260" finished-at="2021-02-10T16:47:00 EST" duration-ms="18377" status="PASS">
          <reporter-output>
          </reporter-output>
        </test-method> <!-- memberEnrolledFreeCourse -->
        <test-method signature="memberEnrolledFreeCourseCollectionsMember()[pri:0, instance:unitTests.EnrollMemberInCourseWithRecurringDues@c730b35]" started-at="2021-02-10T16:47:00 EST" name="memberEnrolledFreeCourseCollectionsMember" description="PBI:154260" finished-at="2021-02-10T16:47:18 EST" duration-ms="18122" status="PASS">
          <reporter-output>
          </reporter-output>
        </test-method> <!-- memberEnrolledFreeCourseCollectionsMember -->
        <test-method signature="memberEnrolledNotOnStandby()[pri:0, instance:unitTests.EnrollMemberInCourseWithRecurringDues@c730b35]" started-at="2021-02-10T16:47:18 EST" name="memberEnrolledNotOnStandby" description="PBI:154260" finished-at="2021-02-10T16:47:19 EST" duration-ms="785" status="PASS">
          <reporter-output>
          </reporter-output>
        </test-method> <!-- memberEnrolledNotOnStandby -->
        <test-method signature="memberEnrolledOnStandby()[pri:0, instance:unitTests.EnrollMemberInCourseWithRecurringDues@c730b35]" started-at="2021-02-10T16:47:19 EST" name="memberEnrolledOnStandby" description="PBI:154260" finished-at="2021-02-10T16:47:37 EST" duration-ms="17806" status="PASS">
          <reporter-output>
          </reporter-output>
        </test-method> <!-- memberEnrolledOnStandby -->
        <test-method signature="memberEnrolledPaidCourse()[pri:0, instance:unitTests.EnrollMemberInCourseWithRecurringDues@c730b35]" started-at="2021-02-10T16:47:37 EST" name="memberEnrolledPaidCourse" description="PBI:154260" finished-at="2021-02-10T16:47:55 EST" duration-ms="18034" status="PASS">
          <reporter-output>
          </reporter-output>
        </test-method> <!-- memberEnrolledPaidCourse -->
        <test-method signature="recurringDuesNotAccepted()[pri:0, instance:unitTests.EnrollMemberInCourseWithRecurringDues@c730b35]" started-at="2021-02-10T16:47:55 EST" name="recurringDuesNotAccepted" description="PBI:154260" finished-at="2021-02-10T16:47:56 EST" duration-ms="773" status="PASS">
          <reporter-output>
          </reporter-output>
        </test-method> <!-- recurringDuesNotAccepted -->
      </class> <!-- unitTests.EnrollMemberInCourseWithRecurringDues -->
      <class name="unitTests.GetActiveBooksByResourceType">
        <test-method is-config="true" signature="getData()[pri:0, instance:unitTests.GetActiveBooksByResourceType@292b08d6]" started-at="2021-02-10T16:48:13 EST" name="getData" finished-at="2021-02-10T16:48:13 EST" duration-ms="1" status="PASS">
          <reporter-output>
          </reporter-output>
        </test-method> <!-- getData -->
        <test-method signature="BookFound_NoResource()[pri:0, instance:unitTests.GetActiveBooksByResourceType@292b08d6]" started-at="2021-02-10T16:48:13 EST" name="BookFound_NoResource" description="PBI:138964" finished-at="2021-02-10T16:48:13 EST" duration-ms="677" status="PASS">
          <reporter-output>
          </reporter-output>
        </test-method> <!-- BookFound_NoResource -->
        <test-method signature="BookFound_WithResource()[pri:0, instance:unitTests.GetActiveBooksByResourceType@292b08d6]" started-at="2021-02-10T16:48:13 EST" name="BookFound_WithResource" description="PBI:138964" finished-at="2021-02-10T16:48:14 EST" duration-ms="385" status="PASS">
          <reporter-output>
          </reporter-output>
        </test-method> <!-- BookFound_WithResource -->
        <test-method signature="resourceNotFound()[pri:0, instance:unitTests.GetActiveBooksByResourceType@292b08d6]" started-at="2021-02-10T16:48:14 EST" name="resourceNotFound" description="PBI:138964" finished-at="2021-02-10T16:48:14 EST" duration-ms="362" status="PASS">
          <reporter-output>
          </reporter-output>
        </test-method> <!-- resourceNotFound -->
      </class> <!-- unitTests.GetActiveBooksByResourceType -->
      <class name="unitTests.GetBookAvailabilityCalendar">
        <test-method is-config="true" signature="getData()[pri:0, instance:unitTests.GetBookAvailabilityCalendar@22ff4249]" started-at="2021-02-10T16:49:10 EST" name="getData" finished-at="2021-02-10T16:49:10 EST" duration-ms="1" status="PASS">
          <reporter-output>
          </reporter-output>
        </test-method> <!-- getData -->
        <test-method signature="associatedClubRequired()[pri:0, instance:unitTests.GetBookAvailabilityCalendar@22ff4249]" started-at="2021-02-10T16:49:10 EST" name="associatedClubRequired" description="PBI:140727" finished-at="2021-02-10T16:49:11 EST" duration-ms="353" status="PASS">
          <reporter-output>
          </reporter-output>
        </test-method> <!-- associatedClubRequired -->
        <test-method signature="bookNotFound()[pri:0, instance:unitTests.GetBookAvailabilityCalendar@22ff4249]" started-at="2021-02-10T16:49:11 EST" name="bookNotFound" description="PBI:140727" finished-at="2021-02-10T16:49:11 EST" duration-ms="382" status="PASS">
          <reporter-output>
          </reporter-output>
        </test-method> <!-- bookNotFound -->
        <test-method signature="calendarNotFound()[pri:0, instance:unitTests.GetBookAvailabilityCalendar@22ff4249]" started-at="2021-02-10T16:49:11 EST" name="calendarNotFound" description="PBI:140727" finished-at="2021-02-10T16:49:12 EST" duration-ms="415" status="PASS">
          <reporter-output>
          </reporter-output>
        </test-method> <!-- calendarNotFound -->
        <test-method signature="endDateRequired()[pri:0, instance:unitTests.GetBookAvailabilityCalendar@22ff4249]" started-at="2021-02-10T16:49:12 EST" name="endDateRequired" description="PBI:140727" finished-at="2021-02-10T16:49:12 EST" duration-ms="192" status="PASS">
          <reporter-output>
          </reporter-output>
        </test-method> <!-- endDateRequired -->
        <test-method signature="facilityCalendarFound()[pri:0, instance:unitTests.GetBookAvailabilityCalendar@22ff4249]" started-at="2021-02-10T16:49:12 EST" name="facilityCalendarFound" description="PBI:140727" finished-at="2021-02-10T16:49:12 EST" duration-ms="387" status="PASS">
          <reporter-output>
          </reporter-output>
        </test-method> <!-- facilityCalendarFound -->
        <test-method signature="resourceCalendarFound()[pri:0, instance:unitTests.GetBookAvailabilityCalendar@22ff4249]" started-at="2021-02-10T16:49:12 EST" name="resourceCalendarFound" description="PBI:140727" finished-at="2021-02-10T16:49:13 EST" duration-ms="506" status="PASS">
          <reporter-output>
          </reporter-output>
        </test-method> <!-- resourceCalendarFound -->
        <test-method signature="resourceTypeNotRequired()[pri:0, instance:unitTests.GetBookAvailabilityCalendar@22ff4249]" started-at="2021-02-10T16:49:13 EST" name="resourceTypeNotRequired" description="PBI:140727" finished-at="2021-02-10T16:49:13 EST" duration-ms="593" status="PASS">
          <reporter-output>
          </reporter-output>
        </test-method> <!-- resourceTypeNotRequired -->
        <test-method signature="startDateRequired()[pri:0, instance:unitTests.GetBookAvailabilityCalendar@22ff4249]" started-at="2021-02-10T16:49:13 EST" name="startDateRequired" description="PBI:140727" finished-at="2021-02-10T16:49:13 EST" duration-ms="190" status="PASS">
          <reporter-output>
          </reporter-output>
        </test-method> <!-- startDateRequired -->
      </class> <!-- unitTests.GetBookAvailabilityCalendar -->
      <class name="unitTests.EnrollMemberInClassWithCardOnFile">
        <test-method is-config="true" signature="getData()[pri:0, instance:unitTests.EnrollMemberInClassWithCardOnFile@1d296da]" started-at="2021-02-10T16:35:53 EST" name="getData" finished-at="2021-02-10T16:35:53 EST" duration-ms="1" status="PASS">
          <reporter-output>
          </reporter-output>
        </test-method> <!-- getData -->
        <test-method signature="classEnded()[pri:0, instance:unitTests.EnrollMemberInClassWithCardOnFile@1d296da]" started-at="2021-02-10T16:35:53 EST" name="classEnded" description="PBI:146577" finished-at="2021-02-10T16:35:55 EST" duration-ms="1136" status="PASS">
          <reporter-output>
          </reporter-output>
        </test-method> <!-- classEnded -->
        <test-method signature="classNotAvailableOnline()[pri:0, instance:unitTests.EnrollMemberInClassWithCardOnFile@1d296da]" started-at="2021-02-10T16:35:55 EST" name="classNotAvailableOnline" description="PBI:146577" finished-at="2021-02-10T16:35:55 EST" duration-ms="528" status="PASS">
          <reporter-output>
          </reporter-output>
        </test-method> <!-- classNotAvailableOnline -->
        <test-method signature="classNotFound()[pri:0, instance:unitTests.EnrollMemberInClassWithCardOnFile@1d296da]" started-at="2021-02-10T16:35:55 EST" name="classNotFound" description="PBI:146577" finished-at="2021-02-10T16:35:56 EST" duration-ms="821" status="PASS">
          <reporter-output>
          </reporter-output>
        </test-method> <!-- classNotFound -->
        <test-method signature="classOccurrenceNotFound()[pri:0, instance:unitTests.EnrollMemberInClassWithCardOnFile@1d296da]" started-at="2021-02-10T16:35:56 EST" name="classOccurrenceNotFound" description="PBI:146577" finished-at="2021-02-10T16:35:57 EST" duration-ms="733" status="PASS">
          <reporter-output>
          </reporter-output>
        </test-method> <!-- classOccurrenceNotFound -->
        <test-method signature="customerNotFound()[pri:0, instance:unitTests.EnrollMemberInClassWithCardOnFile@1d296da]" started-at="2021-02-10T16:35:57 EST" name="customerNotFound" description="PBI:146577" finished-at="2021-02-10T16:35:58 EST" duration-ms="1006" status="PASS">
          <reporter-output>
          </reporter-output>
        </test-method> <!-- customerNotFound -->
        <test-method signature="memberAlreadyEnrolled()[pri:0, instance:unitTests.EnrollMemberInClassWithCardOnFile@1d296da]" started-at="2021-02-10T16:35:58 EST" name="memberAlreadyEnrolled" description="PBI:146577" finished-at="2021-02-10T16:35:59 EST" duration-ms="897" status="PASS">
          <reporter-output>
          </reporter-output>
        </test-method> <!-- memberAlreadyEnrolled -->
        <test-method signature="memberAlreadyOnStandby()[pri:0, instance:unitTests.EnrollMemberInClassWithCardOnFile@1d296da]" started-at="2021-02-10T16:35:59 EST" name="memberAlreadyOnStandby" description="PBI:146577" finished-at="2021-02-10T16:35:59 EST" duration-ms="897" status="PASS">
          <reporter-output>
          </reporter-output>
        </test-method> <!-- memberAlreadyOnStandby -->
        <test-method signature="memberEnrolledOnStandby()[pri:0, instance:unitTests.EnrollMemberInClassWithCardOnFile@1d296da]" started-at="2021-02-10T16:35:59 EST" name="memberEnrolledOnStandby" description="PBI:146577" finished-at="2021-02-10T16:36:18 EST" duration-ms="18151" status="PASS">
          <reporter-output>
          </reporter-output>
        </test-method> <!-- memberEnrolledOnStandby -->
        <test-method signature="memberEnrolled_FreeClass()[pri:0, instance:unitTests.EnrollMemberInClassWithCardOnFile@1d296da]" started-at="2021-02-10T16:36:18 EST" name="memberEnrolled_FreeClass" description="PBI:146577" finished-at="2021-02-10T16:36:36 EST" duration-ms="18697" status="PASS">
          <reporter-output>
          </reporter-output>
        </test-method> <!-- memberEnrolled_FreeClass -->
        <test-method signature="memberEnrolled_FreeClassCollectionsMember()[pri:0, instance:unitTests.EnrollMemberInClassWithCardOnFile@1d296da]" started-at="2021-02-10T16:36:36 EST" name="memberEnrolled_FreeClassCollectionsMember" description="PBI:146577" finished-at="2021-02-10T16:36:56 EST" duration-ms="19692" status="PASS">
          <reporter-output>
          </reporter-output>
        </test-method> <!-- memberEnrolled_FreeClassCollectionsMember -->
        <test-method signature="memberEnrolled_PaidClass()[pri:0, instance:unitTests.EnrollMemberInClassWithCardOnFile@1d296da]" started-at="2021-02-10T16:36:56 EST" name="memberEnrolled_PaidClass" description="PBI:146577" finished-at="2021-02-10T16:37:17 EST" duration-ms="21483" status="PASS">
          <reporter-output>
          </reporter-output>
        </test-method> <!-- memberEnrolled_PaidClass -->
        <test-method signature="memberNotEnrolledOnStandby()[pri:0, instance:unitTests.EnrollMemberInClassWithCardOnFile@1d296da]" started-at="2021-02-10T16:37:17 EST" name="memberNotEnrolledOnStandby" description="PBI:146577" finished-at="2021-02-10T16:37:18 EST" duration-ms="940" status="PASS">
          <reporter-output>
          </reporter-output>
        </test-method> <!-- memberNotEnrolledOnStandby -->
        <test-method signature="noFOP_AccountProblem()[pri:0, instance:unitTests.EnrollMemberInClassWithCardOnFile@1d296da]" started-at="2021-02-10T16:37:18 EST" name="noFOP_AccountProblem" description="PBI:146577" finished-at="2021-02-10T16:37:20 EST" duration-ms="1332" status="PASS">
          <reporter-output>
          </reporter-output>
        </test-method> <!-- noFOP_AccountProblem -->
        <test-method signature="productPriceChanged()[pri:0, instance:unitTests.EnrollMemberInClassWithCardOnFile@1d296da]" started-at="2021-02-10T16:37:20 EST" name="productPriceChanged" description="PBI:146577" finished-at="2021-02-10T16:37:21 EST" duration-ms="1230" status="PASS">
          <reporter-output>
          </reporter-output>
        </test-method> <!-- productPriceChanged -->
        <test-method signature="schedulingConflict()[pri:0, instance:unitTests.EnrollMemberInClassWithCardOnFile@1d296da]" started-at="2021-02-10T16:37:21 EST" name="schedulingConflict" description="PBI:146577" finished-at="2021-02-10T16:37:23 EST" duration-ms="1943" status="PASS">
          <reporter-output>
          </reporter-output>
        </test-method> <!-- schedulingConflict -->
      </class> <!-- unitTests.EnrollMemberInClassWithCardOnFile -->
      <class name="unitTests.GetProductByBook">
        <test-method is-config="true" signature="getData()[pri:0, instance:unitTests.GetProductByBook@682b2fa]" started-at="2021-02-10T16:53:27 EST" name="getData" finished-at="2021-02-10T16:53:27 EST" duration-ms="1" status="PASS">
          <reporter-output>
          </reporter-output>
        </test-method> <!-- getData -->
        <test-method signature="ProductFound()[pri:0, instance:unitTests.GetProductByBook@682b2fa]" started-at="2021-02-10T16:53:27 EST" name="ProductFound" description="PBI:138968" finished-at="2021-02-10T16:53:27 EST" duration-ms="802" status="PASS">
          <reporter-output>
          </reporter-output>
        </test-method> <!-- ProductFound -->
        <test-method signature="ProductNotFound()[pri:0, instance:unitTests.GetProductByBook@682b2fa]" started-at="2021-02-10T16:53:27 EST" name="ProductNotFound" description="PBI:138968" finished-at="2021-02-10T16:53:28 EST" duration-ms="339" status="PASS">
          <reporter-output>
          </reporter-output>
        </test-method> <!-- ProductNotFound -->
      </class> <!-- unitTests.GetProductByBook -->
      <class name="unitTests.CancelAppointmentByEmployee">
        <test-method is-config="true" signature="getData()[pri:0, instance:unitTests.CancelAppointmentByEmployee@3754a4bf]" started-at="2021-02-10T16:31:15 EST" name="getData" finished-at="2021-02-10T16:31:15 EST" duration-ms="0" status="PASS">
          <reporter-output>
          </reporter-output>
        </test-method> <!-- getData -->
        <test-method signature="ApptAlreadyCancelled()[pri:0, instance:unitTests.CancelAppointmentByEmployee@3754a4bf]" started-at="2021-02-10T16:31:15 EST" name="ApptAlreadyCancelled" description="PBI:141862" finished-at="2021-02-10T16:31:16 EST" duration-ms="1210" status="PASS">
          <reporter-output>
          </reporter-output>
        </test-method> <!-- ApptAlreadyCancelled -->
        <test-method signature="ApptNotFound()[pri:0, instance:unitTests.CancelAppointmentByEmployee@3754a4bf]" started-at="2021-02-10T16:31:16 EST" name="ApptNotFound" description="PBI:141862" finished-at="2021-02-10T16:31:17 EST" duration-ms="420" status="PASS">
          <reporter-output>
          </reporter-output>
        </test-method> <!-- ApptNotFound -->
        <test-method signature="NotCancelled_ApptDatePast()[pri:0, instance:unitTests.CancelAppointmentByEmployee@3754a4bf]" started-at="2021-02-10T16:31:17 EST" name="NotCancelled_ApptDatePast" description="PBI:141862" finished-at="2021-02-10T16:31:17 EST" duration-ms="436" status="PASS">
          <reporter-output>
          </reporter-output>
        </test-method> <!-- NotCancelled_ApptDatePast -->
      </class> <!-- unitTests.CancelAppointmentByEmployee -->
      <class name="unitTests.GetMembersWithPastDueBalances">
        <test-method signature="MultipleCustomerStatuses()[pri:0, instance:unitTests.GetMembersWithPastDueBalances@10683d9d]" started-at="2021-02-10T16:52:00 EST" name="MultipleCustomerStatuses" description="PBI:150325" finished-at="2021-02-10T16:52:01 EST" duration-ms="1310" status="PASS">
          <reporter-output>
          </reporter-output>
        </test-method> <!-- MultipleCustomerStatuses -->
        <test-method is-config="true" signature="getData()[pri:0, instance:unitTests.GetMembersWithPastDueBalances@10683d9d]" started-at="2021-02-10T16:52:00 EST" name="getData" finished-at="2021-02-10T16:52:00 EST" duration-ms="0" status="PASS">
          <reporter-output>
          </reporter-output>
        </test-method> <!-- getData -->
        <test-method signature="allParameters()[pri:0, instance:unitTests.GetMembersWithPastDueBalances@10683d9d]" started-at="2021-02-10T16:52:01 EST" name="allParameters" description="PBI:150325" finished-at="2021-02-10T16:52:02 EST" duration-ms="646" status="PASS">
          <reporter-output>
          </reporter-output>
        </test-method> <!-- allParameters -->
        <test-method signature="customerStatusNotFound()[pri:0, instance:unitTests.GetMembersWithPastDueBalances@10683d9d]" started-at="2021-02-10T16:52:02 EST" name="customerStatusNotFound" description="PBI:150325" finished-at="2021-02-10T16:52:03 EST" duration-ms="1786" status="PASS">
          <reporter-output>
          </reporter-output>
        </test-method> <!-- customerStatusNotFound -->
        <test-method signature="daysPastDueRequiredBlank()[pri:0, instance:unitTests.GetMembersWithPastDueBalances@10683d9d]" started-at="2021-02-10T16:52:03 EST" name="daysPastDueRequiredBlank" description="PBI:150325" finished-at="2021-02-10T16:52:04 EST" duration-ms="198" status="PASS">
          <reporter-output>
          </reporter-output>
        </test-method> <!-- daysPastDueRequiredBlank -->
        <test-method signature="daysPastDueRequiredNull()[pri:0, instance:unitTests.GetMembersWithPastDueBalances@10683d9d]" started-at="2021-02-10T16:52:04 EST" name="daysPastDueRequiredNull" description="PBI:150325" finished-at="2021-02-10T16:52:04 EST" duration-ms="215" status="PASS">
          <reporter-output>
          </reporter-output>
        </test-method> <!-- daysPastDueRequiredNull -->
        <test-method signature="multipleClubs()[pri:0, instance:unitTests.GetMembersWithPastDueBalances@10683d9d]" started-at="2021-02-10T16:52:04 EST" name="multipleClubs" description="PBI:150325" finished-at="2021-02-10T16:52:05 EST" duration-ms="1105" status="PASS">
          <reporter-output>
          </reporter-output>
        </test-method> <!-- multipleClubs -->
        <test-method signature="multipleMembershipTypes()[pri:0, instance:unitTests.GetMembersWithPastDueBalances@10683d9d]" started-at="2021-02-10T16:52:05 EST" name="multipleMembershipTypes" description="PBI:150325" finished-at="2021-02-10T16:52:06 EST" duration-ms="1007" status="PASS">
          <reporter-output>
          </reporter-output>
        </test-method> <!-- multipleMembershipTypes -->
        <test-method signature="pastDue120Days()[pri:0, instance:unitTests.GetMembersWithPastDueBalances@10683d9d]" started-at="2021-02-10T16:52:06 EST" name="pastDue120Days" description="PBI:150325" finished-at="2021-02-10T16:52:08 EST" duration-ms="1782" status="PASS">
          <reporter-output>
          </reporter-output>
        </test-method> <!-- pastDue120Days -->
        <test-method signature="pastDue30Days()[pri:0, instance:unitTests.GetMembersWithPastDueBalances@10683d9d]" started-at="2021-02-10T16:52:08 EST" name="pastDue30Days" description="PBI:150325" finished-at="2021-02-10T16:52:10 EST" duration-ms="1765" status="PASS">
          <reporter-output>
          </reporter-output>
        </test-method> <!-- pastDue30Days -->
        <test-method signature="pastDue60Days()[pri:0, instance:unitTests.GetMembersWithPastDueBalances@10683d9d]" started-at="2021-02-10T16:52:10 EST" name="pastDue60Days" description="PBI:150325" finished-at="2021-02-10T16:52:11 EST" duration-ms="1806" status="PASS">
          <reporter-output>
          </reporter-output>
        </test-method> <!-- pastDue60Days -->
        <test-method signature="pastDue90Days()[pri:0, instance:unitTests.GetMembersWithPastDueBalances@10683d9d]" started-at="2021-02-10T16:52:11 EST" name="pastDue90Days" description="PBI:150325" finished-at="2021-02-10T16:52:13 EST" duration-ms="1761" status="PASS">
          <reporter-output>
          </reporter-output>
        </test-method> <!-- pastDue90Days -->
        <test-method signature="singleCustomerStatus()[pri:0, instance:unitTests.GetMembersWithPastDueBalances@10683d9d]" started-at="2021-02-10T16:52:13 EST" name="singleCustomerStatus" description="PBI:150325" finished-at="2021-02-10T16:52:15 EST" duration-ms="1826" status="PASS">
          <reporter-output>
          </reporter-output>
        </test-method> <!-- singleCustomerStatus -->
        <test-method signature="singleMembershipType()[pri:0, instance:unitTests.GetMembersWithPastDueBalances@10683d9d]" started-at="2021-02-10T16:52:15 EST" name="singleMembershipType" description="PBI:150325" finished-at="2021-02-10T16:52:16 EST" duration-ms="792" status="PASS">
          <reporter-output>
          </reporter-output>
        </test-method> <!-- singleMembershipType -->
      </class> <!-- unitTests.GetMembersWithPastDueBalances -->
      <class name="unitTests.GetMemberToken">
        <test-method is-config="true" signature="getData()[pri:0, instance:unitTests.GetMemberToken@2f4948e4]" started-at="2021-02-10T16:51:09 EST" name="getData" finished-at="2021-02-10T16:51:09 EST" duration-ms="1" status="PASS">
          <reporter-output>
          </reporter-output>
        </test-method> <!-- getData -->
        <test-method signature="getToken()[pri:1, instance:unitTests.GetMemberToken@2f4948e4]" started-at="2021-02-10T16:51:09 EST" name="getToken" description="PBI:TBD" finished-at="2021-02-10T16:51:11 EST" duration-ms="1885" status="PASS">
          <reporter-output>
          </reporter-output>
        </test-method> <!-- getToken -->
        <test-method signature="getNewToken()[pri:2, instance:unitTests.GetMemberToken@2f4948e4]" started-at="2021-02-10T16:51:11 EST" name="getNewToken" description="PBI:TBD" finished-at="2021-02-10T16:51:12 EST" duration-ms="1401" status="PASS">
          <reporter-output>
          </reporter-output>
        </test-method> <!-- getNewToken -->
      </class> <!-- unitTests.GetMemberToken -->
      <class name="unitTests.SearchOnlineMembersByProduct">
        <test-method is-config="true" signature="getData()[pri:0, instance:unitTests.SearchOnlineMembersByProduct@77c2494c]" started-at="2021-02-10T16:56:20 EST" name="getData" finished-at="2021-02-10T16:56:20 EST" duration-ms="0" status="PASS">
          <reporter-output>
          </reporter-output>
        </test-method> <!-- getData -->
        <test-method signature="associatedClubRequired()[pri:0, instance:unitTests.SearchOnlineMembersByProduct@77c2494c]" started-at="2021-02-10T16:56:20 EST" name="associatedClubRequired" description="PBI:139723" finished-at="2021-02-10T16:56:20 EST" duration-ms="397" status="PASS">
          <reporter-output>
          </reporter-output>
        </test-method> <!-- associatedClubRequired -->
        <test-method signature="customerNotFound()[pri:0, instance:unitTests.SearchOnlineMembersByProduct@77c2494c]" started-at="2021-02-10T16:56:20 EST" name="customerNotFound" description="PBI:139723" finished-at="2021-02-10T16:56:20 EST" duration-ms="382" status="PASS">
          <reporter-output>
          </reporter-output>
        </test-method> <!-- customerNotFound -->
        <test-method signature="customerRequired()[pri:0, instance:unitTests.SearchOnlineMembersByProduct@77c2494c]" started-at="2021-02-10T16:56:20 EST" name="customerRequired" description="PBI:139723" finished-at="2021-02-10T16:56:21 EST" duration-ms="199" status="PASS">
          <reporter-output>
          </reporter-output>
        </test-method> <!-- customerRequired -->
        <test-method signature="productNotFound()[pri:0, instance:unitTests.SearchOnlineMembersByProduct@77c2494c]" started-at="2021-02-10T16:56:21 EST" name="productNotFound" description="PBI:139723" finished-at="2021-02-10T16:56:21 EST" duration-ms="373" status="PASS">
          <reporter-output>
          </reporter-output>
        </test-method> <!-- productNotFound -->
        <test-method signature="searchOnlineMembers_Email()[pri:0, instance:unitTests.SearchOnlineMembersByProduct@77c2494c]" started-at="2021-02-10T16:56:21 EST" name="searchOnlineMembers_Email" description="PBI:139723" finished-at="2021-02-10T16:56:22 EST" duration-ms="759" status="PASS">
          <reporter-output>
          </reporter-output>
        </test-method> <!-- searchOnlineMembers_Email -->
        <test-method signature="searchOnlineMembers_FirstLastName()[pri:0, instance:unitTests.SearchOnlineMembersByProduct@77c2494c]" started-at="2021-02-10T16:56:22 EST" name="searchOnlineMembers_FirstLastName" description="PBI:139723" finished-at="2021-02-10T16:56:22 EST" duration-ms="745" status="PASS">
          <reporter-output>
          </reporter-output>
        </test-method> <!-- searchOnlineMembers_FirstLastName -->
        <test-method signature="searchOnlineMembers_FirstName()[pri:0, instance:unitTests.SearchOnlineMembersByProduct@77c2494c]" started-at="2021-02-10T16:56:22 EST" name="searchOnlineMembers_FirstName" description="PBI:139723" finished-at="2021-02-10T16:56:23 EST" duration-ms="787" status="PASS">
          <reporter-output>
          </reporter-output>
        </test-method> <!-- searchOnlineMembers_FirstName -->
        <test-method signature="searchOnlineMembers_HomePhoneNoDashes()[pri:0, instance:unitTests.SearchOnlineMembersByProduct@77c2494c]" started-at="2021-02-10T16:56:23 EST" name="searchOnlineMembers_HomePhoneNoDashes" description="PBI:139723" finished-at="2021-02-10T16:56:24 EST" duration-ms="786" status="PASS">
          <reporter-output>
          </reporter-output>
        </test-method> <!-- searchOnlineMembers_HomePhoneNoDashes -->
        <test-method signature="searchOnlineMembers_HomePhoneWithDashes()[pri:0, instance:unitTests.SearchOnlineMembersByProduct@77c2494c]" started-at="2021-02-10T16:56:24 EST" name="searchOnlineMembers_HomePhoneWithDashes" description="PBI:139723" finished-at="2021-02-10T16:56:25 EST" duration-ms="924" status="PASS">
          <reporter-output>
          </reporter-output>
        </test-method> <!-- searchOnlineMembers_HomePhoneWithDashes -->
        <test-method signature="searchOnlineMembers_LastFirstName()[pri:0, instance:unitTests.SearchOnlineMembersByProduct@77c2494c]" started-at="2021-02-10T16:56:25 EST" name="searchOnlineMembers_LastFirstName" description="PBI:139723" finished-at="2021-02-10T16:56:26 EST" duration-ms="746" status="PASS">
          <reporter-output>
          </reporter-output>
        </test-method> <!-- searchOnlineMembers_LastFirstName -->
        <test-method signature="searchOnlineMembers_LastName()[pri:0, instance:unitTests.SearchOnlineMembersByProduct@77c2494c]" started-at="2021-02-10T16:56:26 EST" name="searchOnlineMembers_LastName" description="PBI:139723" finished-at="2021-02-10T16:56:27 EST" duration-ms="845" status="PASS">
          <reporter-output>
          </reporter-output>
        </test-method> <!-- searchOnlineMembers_LastName -->
        <test-method signature="searchOnlineMembers_MobilePhoneNoDashes()[pri:0, instance:unitTests.SearchOnlineMembersByProduct@77c2494c]" started-at="2021-02-10T16:56:27 EST" name="searchOnlineMembers_MobilePhoneNoDashes" description="PBI:139723" finished-at="2021-02-10T16:56:27 EST" duration-ms="740" status="PASS">
          <reporter-output>
          </reporter-output>
        </test-method> <!-- searchOnlineMembers_MobilePhoneNoDashes -->
        <test-method signature="searchOnlineMembers_MobilePhoneWithDashes()[pri:0, instance:unitTests.SearchOnlineMembersByProduct@77c2494c]" started-at="2021-02-10T16:56:27 EST" name="searchOnlineMembers_MobilePhoneWithDashes" description="PBI:139723" finished-at="2021-02-10T16:56:28 EST" duration-ms="775" status="PASS">
          <reporter-output>
          </reporter-output>
        </test-method> <!-- searchOnlineMembers_MobilePhoneWithDashes -->
        <test-method signature="searchOnlineMembers_WorkPhone()[pri:0, instance:unitTests.SearchOnlineMembersByProduct@77c2494c]" started-at="2021-02-10T16:56:28 EST" name="searchOnlineMembers_WorkPhone" description="PBI:139723" finished-at="2021-02-10T16:56:28 EST" duration-ms="366" status="PASS">
          <reporter-output>
          </reporter-output>
        </test-method> <!-- searchOnlineMembers_WorkPhone -->
        <test-method signature="searchParameterNull()[pri:0, instance:unitTests.SearchOnlineMembersByProduct@77c2494c]" started-at="2021-02-10T16:56:28 EST" name="searchParameterNull" description="PBI:139723" finished-at="2021-02-10T16:56:29 EST" duration-ms="383" status="PASS">
          <reporter-output>
          </reporter-output>
        </test-method> <!-- searchParameterNull -->
        <test-method signature="trainingRequired()[pri:0, instance:unitTests.SearchOnlineMembersByProduct@77c2494c]" started-at="2021-02-10T16:56:29 EST" name="trainingRequired" description="PBI:139723" finished-at="2021-02-10T16:56:29 EST" duration-ms="208" status="PASS">
          <reporter-output>
          </reporter-output>
        </test-method> <!-- trainingRequired -->
      </class> <!-- unitTests.SearchOnlineMembersByProduct -->
      <class name="unitTests.PurchasePackageWithNewCreditCard">
        <test-method is-config="true" signature="getData()[pri:0, instance:unitTests.PurchasePackageWithNewCreditCard@6743e411]" started-at="2021-02-10T16:54:59 EST" name="getData" finished-at="2021-02-10T16:54:59 EST" duration-ms="1" status="PASS">
          <reporter-output>
          </reporter-output>
        </test-method> <!-- getData -->
        <test-method signature="collectionsMember()[pri:0, instance:unitTests.PurchasePackageWithNewCreditCard@6743e411]" started-at="2021-02-10T16:54:59 EST" name="collectionsMember" description="PBI:143541" finished-at="2021-02-10T16:55:00 EST" duration-ms="1596" status="PASS">
          <reporter-output>
          </reporter-output>
        </test-method> <!-- collectionsMember -->
        <test-method signature="creditLimitExceeded()[pri:0, instance:unitTests.PurchasePackageWithNewCreditCard@6743e411]" started-at="2021-02-10T16:55:00 EST" name="creditLimitExceeded" description="PBI:143541" finished-at="2021-02-10T16:55:01 EST" duration-ms="1375" status="PASS">
          <reporter-output>
          </reporter-output>
        </test-method> <!-- creditLimitExceeded -->
        <test-method signature="creditLimitNotExceeded()[pri:0, instance:unitTests.PurchasePackageWithNewCreditCard@6743e411]" started-at="2021-02-10T16:55:01 EST" name="creditLimitNotExceeded" description="PBI:143541" finished-at="2021-02-10T16:55:03 EST" duration-ms="1370" status="PASS">
          <reporter-output>
          </reporter-output>
        </test-method> <!-- creditLimitNotExceeded -->
        <test-method signature="freePackage()[pri:0, instance:unitTests.PurchasePackageWithNewCreditCard@6743e411]" started-at="2021-02-10T16:55:03 EST" name="freePackage" description="PBI:143541" finished-at="2021-02-10T16:55:04 EST" duration-ms="960" status="PASS">
          <reporter-output>
          </reporter-output>
        </test-method> <!-- freePackage -->
        <test-method signature="freePunchcard()[pri:0, instance:unitTests.PurchasePackageWithNewCreditCard@6743e411]" started-at="2021-02-10T16:55:04 EST" name="freePunchcard" description="PBI:143541" finished-at="2021-02-10T16:55:05 EST" duration-ms="985" status="PASS">
          <reporter-output>
          </reporter-output>
        </test-method> <!-- freePunchcard -->
        <test-method signature="freeService()[pri:0, instance:unitTests.PurchasePackageWithNewCreditCard@6743e411]" started-at="2021-02-10T16:55:05 EST" name="freeService" description="PBI:143541" finished-at="2021-02-10T16:55:06 EST" duration-ms="969" status="PASS">
          <reporter-output>
          </reporter-output>
        </test-method> <!-- freeService -->
        <test-method signature="freeTraining()[pri:0, instance:unitTests.PurchasePackageWithNewCreditCard@6743e411]" started-at="2021-02-10T16:55:06 EST" name="freeTraining" description="PBI:143541" finished-at="2021-02-10T16:55:07 EST" duration-ms="1000" status="PASS">
          <reporter-output>
          </reporter-output>
        </test-method> <!-- freeTraining -->
        <test-method signature="frozenMember()[pri:0, instance:unitTests.PurchasePackageWithNewCreditCard@6743e411]" started-at="2021-02-10T16:55:07 EST" name="frozenMember" description="PBI:143541" finished-at="2021-02-10T16:55:08 EST" duration-ms="1353" status="PASS">
          <reporter-output>
          </reporter-output>
        </test-method> <!-- frozenMember -->
        <test-method signature="itemNotFound()[pri:0, instance:unitTests.PurchasePackageWithNewCreditCard@6743e411]" started-at="2021-02-10T16:55:08 EST" name="itemNotFound" description="PBI:143541" finished-at="2021-02-10T16:55:09 EST" duration-ms="721" status="PASS">
          <reporter-output>
          </reporter-output>
        </test-method> <!-- itemNotFound -->
        <test-method signature="itemNotPackage()[pri:0, instance:unitTests.PurchasePackageWithNewCreditCard@6743e411]" started-at="2021-02-10T16:55:09 EST" name="itemNotPackage" description="PBI:143541" finished-at="2021-02-10T16:55:09 EST" duration-ms="483" status="PASS">
          <reporter-output>
          </reporter-output>
        </test-method> <!-- itemNotPackage -->
        <test-method signature="memberNotFound()[pri:0, instance:unitTests.PurchasePackageWithNewCreditCard@6743e411]" started-at="2021-02-10T16:55:09 EST" name="memberNotFound" description="PBI:143541" finished-at="2021-02-10T16:55:10 EST" duration-ms="379" status="PASS">
          <reporter-output>
          </reporter-output>
        </test-method> <!-- memberNotFound -->
        <test-method signature="optionalParameterAddress2()[pri:0, instance:unitTests.PurchasePackageWithNewCreditCard@6743e411]" started-at="2021-02-10T16:55:10 EST" name="optionalParameterAddress2" description="PBI:143541" finished-at="2021-02-10T16:55:11 EST" duration-ms="1215" status="PASS">
          <reporter-output>
          </reporter-output>
        </test-method> <!-- optionalParameterAddress2 -->
        <test-method signature="packageQuantityLimitExceeded()[pri:0, instance:unitTests.PurchasePackageWithNewCreditCard@6743e411]" started-at="2021-02-10T16:55:11 EST" name="packageQuantityLimitExceeded" description="PBI:143541" finished-at="2021-02-10T16:55:12 EST" duration-ms="599" status="PASS">
          <reporter-output>
          </reporter-output>
        </test-method> <!-- packageQuantityLimitExceeded -->
        <test-method signature="paidPunchcard()[pri:0, instance:unitTests.PurchasePackageWithNewCreditCard@6743e411]" started-at="2021-02-10T16:55:12 EST" name="paidPunchcard" description="PBI:143541" finished-at="2021-02-10T16:55:13 EST" duration-ms="1222" status="PASS">
          <reporter-output>
          </reporter-output>
        </test-method> <!-- paidPunchcard -->
        <test-method signature="paidServiceV()[pri:0, instance:unitTests.PurchasePackageWithNewCreditCard@6743e411]" started-at="2021-02-10T16:55:13 EST" name="paidServiceV" description="PBI:143541" finished-at="2021-02-10T16:55:14 EST" duration-ms="1273" status="PASS">
          <reporter-output>
          </reporter-output>
        </test-method> <!-- paidServiceV -->
        <test-method signature="paidTraining()[pri:0, instance:unitTests.PurchasePackageWithNewCreditCard@6743e411]" started-at="2021-02-10T16:55:14 EST" name="paidTraining" description="PBI:143541" finished-at="2021-02-10T16:55:15 EST" duration-ms="1187" status="PASS">
          <reporter-output>
          </reporter-output>
        </test-method> <!-- paidTraining -->
        <test-method signature="productPriceChanged()[pri:0, instance:unitTests.PurchasePackageWithNewCreditCard@6743e411]" started-at="2021-02-10T16:55:15 EST" name="productPriceChanged" description="PBI:143541" finished-at="2021-02-10T16:55:16 EST" duration-ms="583" status="PASS">
          <reporter-output>
          </reporter-output>
        </test-method> <!-- productPriceChanged -->
        <test-method signature="prospect()[pri:0, instance:unitTests.PurchasePackageWithNewCreditCard@6743e411]" started-at="2021-02-10T16:55:16 EST" name="prospect" description="PBI:143541" finished-at="2021-02-10T16:55:18 EST" duration-ms="2292" status="PASS">
          <reporter-output>
          </reporter-output>
        </test-method> <!-- prospect -->
        <test-method signature="quantityZero()[pri:0, instance:unitTests.PurchasePackageWithNewCreditCard@6743e411]" started-at="2021-02-10T16:55:18 EST" name="quantityZero" description="PBI:143541" finished-at="2021-02-10T16:55:18 EST" duration-ms="354" status="PASS">
          <reporter-output>
          </reporter-output>
        </test-method> <!-- quantityZero -->
        <test-method signature="taxedItem()[pri:0, instance:unitTests.PurchasePackageWithNewCreditCard@6743e411]" started-at="2021-02-10T16:55:18 EST" name="taxedItem" description="PBI:143541" finished-at="2021-02-10T16:55:20 EST" duration-ms="1175" status="PASS">
          <reporter-output>
          </reporter-output>
        </test-method> <!-- taxedItem -->
        <test-method signature="terminatedMember()[pri:0, instance:unitTests.PurchasePackageWithNewCreditCard@6743e411]" started-at="2021-02-10T16:55:20 EST" name="terminatedMember" description="PBI:143541" finished-at="2021-02-10T16:55:21 EST" duration-ms="1257" status="PASS">
          <reporter-output>
          </reporter-output>
        </test-method> <!-- terminatedMember -->
        <test-method signature="tierPricingPackage_Tier1()[pri:0, instance:unitTests.PurchasePackageWithNewCreditCard@6743e411]" started-at="2021-02-10T16:55:21 EST" name="tierPricingPackage_Tier1" description="PBI:143541" finished-at="2021-02-10T16:55:22 EST" duration-ms="1291" status="PASS">
          <reporter-output>
          </reporter-output>
        </test-method> <!-- tierPricingPackage_Tier1 -->
        <test-method signature="tierPricingPackage_Tier2()[pri:0, instance:unitTests.PurchasePackageWithNewCreditCard@6743e411]" started-at="2021-02-10T16:55:22 EST" name="tierPricingPackage_Tier2" description="PBI:143541" finished-at="2021-02-10T16:55:23 EST" duration-ms="1089" status="PASS">
          <reporter-output>
          </reporter-output>
        </test-method> <!-- tierPricingPackage_Tier2 -->
      </class> <!-- unitTests.PurchasePackageWithNewCreditCard -->
      <class name="unitTests.SearchMembersByProduct">
        <test-method is-config="true" signature="delay()[pri:0, instance:unitTests.SearchMembersByProduct@6b2ea799]" started-at="2021-02-10T16:30:01 EST" name="delay" finished-at="2021-02-10T16:30:01 EST" duration-ms="253" status="PASS">
          <reporter-output>
          </reporter-output>
        </test-method> <!-- delay -->
        <test-method is-config="true" signature="getData()[pri:0, instance:unitTests.SearchMembersByProduct@6b2ea799]" started-at="2021-02-10T16:56:10 EST" name="getData" finished-at="2021-02-10T16:56:10 EST" duration-ms="1" status="PASS">
          <reporter-output>
          </reporter-output>
        </test-method> <!-- getData -->
        <test-method signature="Email()[pri:0, instance:unitTests.SearchMembersByProduct@6b2ea799]" started-at="2021-02-10T16:56:10 EST" name="Email" description="PBI:139726" finished-at="2021-02-10T16:56:11 EST" duration-ms="1063" status="PASS">
          <reporter-output>
          </reporter-output>
        </test-method> <!-- Email -->
        <test-method signature="FirstLastName()[pri:0, instance:unitTests.SearchMembersByProduct@6b2ea799]" started-at="2021-02-10T16:56:11 EST" name="FirstLastName" description="PBI:139726" finished-at="2021-02-10T16:56:12 EST" duration-ms="669" status="PASS">
          <reporter-output>
          </reporter-output>
        </test-method> <!-- FirstLastName -->
        <test-method signature="FirstName()[pri:0, instance:unitTests.SearchMembersByProduct@6b2ea799]" started-at="2021-02-10T16:56:12 EST" name="FirstName" description="PBI:139726" finished-at="2021-02-10T16:56:13 EST" duration-ms="846" status="PASS">
          <reporter-output>
          </reporter-output>
        </test-method> <!-- FirstName -->
        <test-method signature="HomePhoneWithDashes()[pri:0, instance:unitTests.SearchMembersByProduct@6b2ea799]" started-at="2021-02-10T16:56:13 EST" name="HomePhoneWithDashes" description="PBI:139726" finished-at="2021-02-10T16:56:14 EST" duration-ms="672" status="PASS">
          <reporter-output>
          </reporter-output>
        </test-method> <!-- HomePhoneWithDashes -->
        <test-method signature="HomePhoneWithoutDashes()[pri:0, instance:unitTests.SearchMembersByProduct@6b2ea799]" started-at="2021-02-10T16:56:14 EST" name="HomePhoneWithoutDashes" description="PBI:139726" finished-at="2021-02-10T16:56:14 EST" duration-ms="651" status="PASS">
          <reporter-output>
          </reporter-output>
        </test-method> <!-- HomePhoneWithoutDashes -->
        <test-method signature="LastFirstName()[pri:0, instance:unitTests.SearchMembersByProduct@6b2ea799]" started-at="2021-02-10T16:56:14 EST" name="LastFirstName" description="PBI:139726" finished-at="2021-02-10T16:56:15 EST" duration-ms="687" status="PASS">
          <reporter-output>
          </reporter-output>
        </test-method> <!-- LastFirstName -->
        <test-method signature="LastName()[pri:0, instance:unitTests.SearchMembersByProduct@6b2ea799]" started-at="2021-02-10T16:56:15 EST" name="LastName" description="PBI:139726" finished-at="2021-02-10T16:56:17 EST" duration-ms="1669" status="PASS">
          <reporter-output>
          </reporter-output>
        </test-method> <!-- LastName -->
        <test-method signature="MobilePhoneWithDashes()[pri:0, instance:unitTests.SearchMembersByProduct@6b2ea799]" started-at="2021-02-10T16:56:17 EST" name="MobilePhoneWithDashes" description="PBI:139726" finished-at="2021-02-10T16:56:17 EST" duration-ms="830" status="PASS">
          <reporter-output>
          </reporter-output>
        </test-method> <!-- MobilePhoneWithDashes -->
        <test-method signature="MobilePhoneWithoutDashes()[pri:0, instance:unitTests.SearchMembersByProduct@6b2ea799]" started-at="2021-02-10T16:56:17 EST" name="MobilePhoneWithoutDashes" description="PBI:139726" finished-at="2021-02-10T16:56:18 EST" duration-ms="716" status="PASS">
          <reporter-output>
          </reporter-output>
        </test-method> <!-- MobilePhoneWithoutDashes -->
        <test-method signature="WorkPhoneWithDashes()[pri:0, instance:unitTests.SearchMembersByProduct@6b2ea799]" started-at="2021-02-10T16:56:18 EST" name="WorkPhoneWithDashes" description="PBI:139726" finished-at="2021-02-10T16:56:18 EST" duration-ms="361" status="PASS">
          <reporter-output>
          </reporter-output>
        </test-method> <!-- WorkPhoneWithDashes -->
        <test-method signature="associatedClubRequired()[pri:0, instance:unitTests.SearchMembersByProduct@6b2ea799]" started-at="2021-02-10T16:56:18 EST" name="associatedClubRequired" description="PBI:139726" finished-at="2021-02-10T16:56:19 EST" duration-ms="182" status="PASS">
          <reporter-output>
          </reporter-output>
        </test-method> <!-- associatedClubRequired -->
        <test-method signature="productNotFound()[pri:0, instance:unitTests.SearchMembersByProduct@6b2ea799]" started-at="2021-02-10T16:56:19 EST" name="productNotFound" description="PBI:139726" finished-at="2021-02-10T16:56:19 EST" duration-ms="385" status="PASS">
          <reporter-output>
          </reporter-output>
        </test-method> <!-- productNotFound -->
        <test-method signature="searchParameterNull()[pri:0, instance:unitTests.SearchMembersByProduct@6b2ea799]" started-at="2021-02-10T16:56:19 EST" name="searchParameterNull" description="PBI:139726" finished-at="2021-02-10T16:56:19 EST" duration-ms="389" status="PASS">
          <reporter-output>
          </reporter-output>
        </test-method> <!-- searchParameterNull -->
        <test-method signature="trainingRequired()[pri:0, instance:unitTests.SearchMembersByProduct@6b2ea799]" started-at="2021-02-10T16:56:19 EST" name="trainingRequired" description="PBI:139726" finished-at="2021-02-10T16:56:20 EST" duration-ms="198" status="PASS">
          <reporter-output>
          </reporter-output>
        </test-method> <!-- trainingRequired -->
      </class> <!-- unitTests.SearchMembersByProduct -->
      <class name="unitTests.GetAppointmentsByBook">
        <test-method is-config="true" signature="getData()[pri:0, instance:unitTests.GetAppointmentsByBook@54d9d12d]" started-at="2021-02-10T16:48:27 EST" name="getData" finished-at="2021-02-10T16:48:27 EST" duration-ms="1" status="PASS">
          <reporter-output>
          </reporter-output>
        </test-method> <!-- getData -->
        <test-method signature="AppointmentsFound()[pri:0, instance:unitTests.GetAppointmentsByBook@54d9d12d]" started-at="2021-02-10T16:48:27 EST" name="AppointmentsFound" description="PBI:132256" finished-at="2021-02-10T16:48:28 EST" duration-ms="795" status="PASS">
          <reporter-output>
          </reporter-output>
        </test-method> <!-- AppointmentsFound -->
        <test-method signature="appointmentsNotFound()[pri:0, instance:unitTests.GetAppointmentsByBook@54d9d12d]" started-at="2021-02-10T16:48:28 EST" name="appointmentsNotFound" description="PBI:132256" finished-at="2021-02-10T16:48:28 EST" duration-ms="383" status="PASS">
          <reporter-output>
          </reporter-output>
        </test-method> <!-- appointmentsNotFound -->
        <test-method signature="endDateRequired()[pri:0, instance:unitTests.GetAppointmentsByBook@54d9d12d]" started-at="2021-02-10T16:48:28 EST" name="endDateRequired" description="PBI:132256" finished-at="2021-02-10T16:48:29 EST" duration-ms="202" status="PASS">
          <reporter-output>
          </reporter-output>
        </test-method> <!-- endDateRequired -->
        <test-method signature="invalidDateRange()[pri:0, instance:unitTests.GetAppointmentsByBook@54d9d12d]" started-at="2021-02-10T16:48:29 EST" name="invalidDateRange" description="PBI:132256" finished-at="2021-02-10T16:48:29 EST" duration-ms="351" status="PASS">
          <reporter-output>
          </reporter-output>
        </test-method> <!-- invalidDateRange -->
        <test-method signature="pastAppointmentsFound()[pri:0, instance:unitTests.GetAppointmentsByBook@54d9d12d]" started-at="2021-02-10T16:48:29 EST" name="pastAppointmentsFound" description="PBI:132256" finished-at="2021-02-10T16:48:30 EST" duration-ms="569" status="PASS">
          <reporter-output>
          </reporter-output>
        </test-method> <!-- pastAppointmentsFound -->
        <test-method signature="resourceTypeNotFound()[pri:0, instance:unitTests.GetAppointmentsByBook@54d9d12d]" started-at="2021-02-10T16:48:30 EST" name="resourceTypeNotFound" description="PBI:132256" finished-at="2021-02-10T16:48:30 EST" duration-ms="577" status="PASS">
          <reporter-output>
          </reporter-output>
        </test-method> <!-- resourceTypeNotFound -->
        <test-method signature="resourceTypeRequired()[pri:0, instance:unitTests.GetAppointmentsByBook@54d9d12d]" started-at="2021-02-10T16:48:30 EST" name="resourceTypeRequired" description="PBI:132256" finished-at="2021-02-10T16:48:30 EST" duration-ms="200" status="PASS">
          <reporter-output>
          </reporter-output>
        </test-method> <!-- resourceTypeRequired -->
        <test-method signature="startDateRequired()[pri:0, instance:unitTests.GetAppointmentsByBook@54d9d12d]" started-at="2021-02-10T16:48:30 EST" name="startDateRequired" description="PBI:132256" finished-at="2021-02-10T16:48:31 EST" duration-ms="205" status="PASS">
          <reporter-output>
          </reporter-output>
        </test-method> <!-- startDateRequired -->
      </class> <!-- unitTests.GetAppointmentsByBook -->
      <class name="unitTests.CreateMember">
        <test-method is-config="true" signature="getData()[pri:0, instance:unitTests.CreateMember@4afcd809]" started-at="2021-02-10T16:31:19 EST" name="getData" finished-at="2021-02-10T16:31:19 EST" duration-ms="1" status="PASS">
          <reporter-output>
          </reporter-output>
        </test-method> <!-- getData -->
        <test-method signature="memberCreated()[pri:0, instance:unitTests.CreateMember@4afcd809]" started-at="2021-02-10T16:31:19 EST" name="memberCreated" description="PBI:147807" finished-at="2021-02-10T16:31:24 EST" duration-ms="4757" status="PASS">
          <reporter-output>
          </reporter-output>
        </test-method> <!-- memberCreated -->
      </class> <!-- unitTests.CreateMember -->
      <class name="unitTests.GetCardsOnFileByMember">
        <test-method is-config="true" signature="getData()[pri:0, instance:unitTests.GetCardsOnFileByMember@2d1ef81a]" started-at="2021-02-10T16:49:14 EST" name="getData" finished-at="2021-02-10T16:49:14 EST" duration-ms="0" status="PASS">
          <reporter-output>
          </reporter-output>
        </test-method> <!-- getData -->
        <test-method signature="CardWithoutAgreement()[pri:0, instance:unitTests.GetCardsOnFileByMember@2d1ef81a]" started-at="2021-02-10T16:49:14 EST" name="CardWithoutAgreement" description="PBI:143543" finished-at="2021-02-10T16:49:14 EST" duration-ms="739" status="PASS">
          <reporter-output>
          </reporter-output>
        </test-method> <!-- CardWithoutAgreement -->
        <test-method signature="MultipleAgreementsWithMultipleCards()[pri:0, instance:unitTests.GetCardsOnFileByMember@2d1ef81a]" started-at="2021-02-10T16:49:14 EST" name="MultipleAgreementsWithMultipleCards" description="PBI:143543" finished-at="2021-02-10T16:49:15 EST" duration-ms="655" status="PASS">
          <reporter-output>
          </reporter-output>
        </test-method> <!-- MultipleAgreementsWithMultipleCards -->
        <test-method signature="MultipleAgreementsWithSingleCard()[pri:0, instance:unitTests.GetCardsOnFileByMember@2d1ef81a]" started-at="2021-02-10T16:49:15 EST" name="MultipleAgreementsWithSingleCard" description="PBI:143543" finished-at="2021-02-10T16:49:17 EST" duration-ms="1704" status="PASS">
          <reporter-output>
          </reporter-output>
        </test-method> <!-- MultipleAgreementsWithSingleCard -->
        <test-method signature="NoCardOnFile()[pri:0, instance:unitTests.GetCardsOnFileByMember@2d1ef81a]" started-at="2021-02-10T16:49:17 EST" name="NoCardOnFile" description="PBI:143543" finished-at="2021-02-10T16:49:17 EST" duration-ms="460" status="PASS">
          <reporter-output>
          </reporter-output>
        </test-method> <!-- NoCardOnFile -->
        <test-method signature="SingleAgreementMultipleCardsOnFile()[pri:0, instance:unitTests.GetCardsOnFileByMember@2d1ef81a]" started-at="2021-02-10T16:49:17 EST" name="SingleAgreementMultipleCardsOnFile" description="PBI:143543" finished-at="2021-02-10T16:49:18 EST" duration-ms="637" status="PASS">
          <reporter-output>
          </reporter-output>
        </test-method> <!-- SingleAgreementMultipleCardsOnFile -->
        <test-method signature="SingleAgreementWithCard()[pri:0, instance:unitTests.GetCardsOnFileByMember@2d1ef81a]" started-at="2021-02-10T16:49:18 EST" name="SingleAgreementWithCard" description="PBI:143543" finished-at="2021-02-10T16:49:20 EST" duration-ms="1924" status="PASS">
          <reporter-output>
          </reporter-output>
        </test-method> <!-- SingleAgreementWithCard -->
      </class> <!-- unitTests.GetCardsOnFileByMember -->
      <class name="unitTests.GetFieldsForMemberCreationByEmployee">
        <test-method is-config="true" signature="getData()[pri:0, instance:unitTests.GetFieldsForMemberCreationByEmployee@6150c3ec]" started-at="2021-02-10T16:50:42 EST" name="getData" finished-at="2021-02-10T16:50:42 EST" duration-ms="1" status="PASS">
          <reporter-output>
          </reporter-output>
        </test-method> <!-- getData -->
        <test-method signature="fieldsFound()[pri:0, instance:unitTests.GetFieldsForMemberCreationByEmployee@6150c3ec]" started-at="2021-02-10T16:50:42 EST" name="fieldsFound" description="PBI:147787" finished-at="2021-02-10T16:50:45 EST" duration-ms="2400" status="PASS">
          <reporter-output>
          </reporter-output>
        </test-method> <!-- fieldsFound -->
        <test-method signature="fieldsFound2()[pri:0, instance:unitTests.GetFieldsForMemberCreationByEmployee@6150c3ec]" started-at="2021-02-10T16:50:45 EST" name="fieldsFound2" description="PBI:147787" finished-at="2021-02-10T16:50:47 EST" duration-ms="2768" status="PASS">
          <reporter-output>
          </reporter-output>
        </test-method> <!-- fieldsFound2 -->
      </class> <!-- unitTests.GetFieldsForMemberCreationByEmployee -->
      <class name="unitTests.GetMembersWithOutstandingInvoices">
[...]
          <reporter-output>
          </reporter-output>
        </test-method> <!-- terminatedMember -->
        <test-method signature="tierPricingPackage_Tier1()[pri:0, instance:unitTests.PurchasePackageWithCardOnFile@3eb25e1a]" started-at="2021-02-10T16:55:54 EST" name="tierPricingPackage_Tier1" description="PBI:143542" finished-at="2021-02-10T16:55:55 EST" duration-ms="1350" status="PASS">
          <reporter-output>
          </reporter-output>
        </test-method> <!-- tierPricingPackage_Tier1 -->
        <test-method signature="tierPricingPackage_Tier2()[pri:0, instance:unitTests.PurchasePackageWithCardOnFile@3eb25e1a]" started-at="2021-02-10T16:55:55 EST" name="tierPricingPackage_Tier2" description="PBI:143542" finished-at="2021-02-10T16:55:56 EST" duration-ms="1245" status="PASS">
          <reporter-output>
          </reporter-output>
        </test-method> <!-- tierPricingPackage_Tier2 -->
      </class> <!-- unitTests.PurchasePackageWithCardOnFile -->
      <class name="unitTests.GetPackagesForPurchaseByClub">
        <test-method signature="customerNotFound()[pri:0, instance:unitTests.GetPackagesForPurchaseByClub@385c9627]" started-at="2021-02-10T16:52:38 EST" name="customerNotFound" description="PBI:160287" finished-at="2021-02-10T16:52:38 EST" duration-ms="556" status="PASS">
          <reporter-output>
          </reporter-output>
        </test-method> <!-- customerNotFound -->
        <test-method is-config="true" signature="getData()[pri:0, instance:unitTests.GetPackagesForPurchaseByClub@385c9627]" started-at="2021-02-10T16:52:38 EST" name="getData" finished-at="2021-02-10T16:52:38 EST" duration-ms="0" status="PASS">
          <reporter-output>
          </reporter-output>
        </test-method> <!-- getData -->
        <test-method signature="onlinePackagesExcluded()[pri:0, instance:unitTests.GetPackagesForPurchaseByClub@385c9627]" started-at="2021-02-10T16:52:38 EST" name="onlinePackagesExcluded" description="PBI:160287" finished-at="2021-02-10T16:52:44 EST" duration-ms="5592" status="PASS">
          <reporter-output>
          </reporter-output>
        </test-method> <!-- onlinePackagesExcluded -->
        <test-method signature="onlinePackagesIncluded()[pri:0, instance:unitTests.GetPackagesForPurchaseByClub@385c9627]" started-at="2021-02-10T16:52:44 EST" name="onlinePackagesIncluded" description="PBI:160287" finished-at="2021-02-10T16:52:50 EST" duration-ms="6326" status="PASS">
          <reporter-output>
          </reporter-output>
        </test-method> <!-- onlinePackagesIncluded -->
        <test-method signature="packageNotFound()[pri:0, instance:unitTests.GetPackagesForPurchaseByClub@385c9627]" started-at="2021-02-10T16:52:50 EST" name="packageNotFound" description="PBI:160287" finished-at="2021-02-10T16:52:56 EST" duration-ms="5800" status="PASS">
          <reporter-output>
          </reporter-output>
        </test-method> <!-- packageNotFound -->
      </class> <!-- unitTests.GetPackagesForPurchaseByClub -->
      <class name="unitTests.GetScheduleByBook">
        <test-method is-config="true" signature="getData()[pri:0, instance:unitTests.GetScheduleByBook@7dcf94f8]" started-at="2021-02-10T16:53:36 EST" name="getData" finished-at="2021-02-10T16:53:36 EST" duration-ms="1" status="PASS">
          <reporter-output>
          </reporter-output>
        </test-method> <!-- getData -->
        <test-method signature="AppointmentsNotFound()[pri:0, instance:unitTests.GetScheduleByBook@7dcf94f8]" started-at="2021-02-10T16:53:36 EST" name="AppointmentsNotFound" description="PBI:140730" finished-at="2021-02-10T16:53:36 EST" duration-ms="614" status="PASS">
          <reporter-output>
          </reporter-output>
        </test-method> <!-- AppointmentsNotFound -->
        <test-method signature="ClassesNotFound()[pri:0, instance:unitTests.GetScheduleByBook@7dcf94f8]" started-at="2021-02-10T16:53:36 EST" name="ClassesNotFound" description="PBI:140730" finished-at="2021-02-10T16:53:37 EST" duration-ms="508" status="PASS">
          <reporter-output>
          </reporter-output>
        </test-method> <!-- ClassesNotFound -->
        <test-method signature="GetAppointments()[pri:0, instance:unitTests.GetScheduleByBook@7dcf94f8]" started-at="2021-02-10T16:53:37 EST" name="GetAppointments" description="PBI:140730" finished-at="2021-02-10T16:53:38 EST" duration-ms="756" status="PASS">
          <reporter-output>
          </reporter-output>
        </test-method> <!-- GetAppointments -->
        <test-method signature="GetClasses()[pri:0, instance:unitTests.GetScheduleByBook@7dcf94f8]" started-at="2021-02-10T16:53:38 EST" name="GetClasses" description="PBI:140730" finished-at="2021-02-10T16:53:38 EST" duration-ms="705" status="PASS">
          <reporter-output>
          </reporter-output>
        </test-method> <!-- GetClasses -->
        <test-method signature="invalidDateRange()[pri:0, instance:unitTests.GetScheduleByBook@7dcf94f8]" started-at="2021-02-10T16:53:38 EST" name="invalidDateRange" description="PBI:140730" finished-at="2021-02-10T16:53:39 EST" duration-ms="405" status="PASS">
          <reporter-output>
          </reporter-output>
        </test-method> <!-- invalidDateRange -->
        <test-method signature="pastDateRange()[pri:0, instance:unitTests.GetScheduleByBook@7dcf94f8]" started-at="2021-02-10T16:53:39 EST" name="pastDateRange" description="PBI:140730" finished-at="2021-02-10T16:53:39 EST" duration-ms="468" status="PASS">
          <reporter-output>
          </reporter-output>
        </test-method> <!-- pastDateRange -->
      </class> <!-- unitTests.GetScheduleByBook -->
      <class name="unitTests.GetPackagePricing">
        <test-method is-config="true" signature="getData()[pri:0, instance:unitTests.GetPackagePricing@139982de]" started-at="2021-02-10T16:52:56 EST" name="getData" finished-at="2021-02-10T16:52:56 EST" duration-ms="0" status="PASS">
          <reporter-output>
          </reporter-output>
        </test-method> <!-- getData -->
        <test-method signature="clubPricingClub1()[pri:0, instance:unitTests.GetPackagePricing@139982de]" started-at="2021-02-10T16:52:56 EST" name="clubPricingClub1" description="PBI:155660" finished-at="2021-02-10T16:52:58 EST" duration-ms="2181" status="PASS">
          <reporter-output>
          </reporter-output>
        </test-method> <!-- clubPricingClub1 -->
        <test-method signature="clubPricingClub2()[pri:0, instance:unitTests.GetPackagePricing@139982de]" started-at="2021-02-10T16:52:58 EST" name="clubPricingClub2" description="PBI:155660" finished-at="2021-02-10T16:53:00 EST" duration-ms="1732" status="PASS">
          <reporter-output>
          </reporter-output>
        </test-method> <!-- clubPricingClub2 -->
        <test-method signature="clubPricingClub3()[pri:0, instance:unitTests.GetPackagePricing@139982de]" started-at="2021-02-10T16:53:00 EST" name="clubPricingClub3" description="PBI:155660" finished-at="2021-02-10T16:53:01 EST" duration-ms="1703" status="PASS">
          <reporter-output>
          </reporter-output>
        </test-method> <!-- clubPricingClub3 -->
        <test-method signature="customerNotFound()[pri:0, instance:unitTests.GetPackagePricing@139982de]" started-at="2021-02-10T16:53:01 EST" name="customerNotFound" description="PBI:155660" finished-at="2021-02-10T16:53:02 EST" duration-ms="373" status="PASS">
          <reporter-output>
          </reporter-output>
        </test-method> <!-- customerNotFound -->
        <test-method signature="freePunchard()[pri:0, instance:unitTests.GetPackagePricing@139982de]" started-at="2021-02-10T16:53:02 EST" name="freePunchard" description="PBI:155660" finished-at="2021-02-10T16:53:04 EST" duration-ms="1704" status="PASS">
          <reporter-output>
          </reporter-output>
        </test-method> <!-- freePunchard -->
        <test-method signature="freeService()[pri:0, instance:unitTests.GetPackagePricing@139982de]" started-at="2021-02-10T16:53:04 EST" name="freeService" description="PBI:155660" finished-at="2021-02-10T16:53:05 EST" duration-ms="1635" status="PASS">
          <reporter-output>
          </reporter-output>
        </test-method> <!-- freeService -->
        <test-method signature="freeTraining()[pri:0, instance:unitTests.GetPackagePricing@139982de]" started-at="2021-02-10T16:53:05 EST" name="freeTraining" description="PBI:155660" finished-at="2021-02-10T16:53:07 EST" duration-ms="1930" status="PASS">
          <reporter-output>
          </reporter-output>
        </test-method> <!-- freeTraining -->
        <test-method signature="itemFound_Club2()[pri:0, instance:unitTests.GetPackagePricing@139982de]" started-at="2021-02-10T16:53:07 EST" name="itemFound_Club2" description="PBI:155660" finished-at="2021-02-10T16:53:09 EST" duration-ms="1832" status="PASS">
          <reporter-output>
          </reporter-output>
        </test-method> <!-- itemFound_Club2 -->
        <test-method signature="itemFound_MultipleTaxes()[pri:0, instance:unitTests.GetPackagePricing@139982de]" started-at="2021-02-10T16:53:09 EST" name="itemFound_MultipleTaxes" description="PBI:155660" finished-at="2021-02-10T16:53:11 EST" duration-ms="1807" status="PASS">
          <reporter-output>
          </reporter-output>
        </test-method> <!-- itemFound_MultipleTaxes -->
        <test-method signature="itemFound_SingleTax()[pri:0, instance:unitTests.GetPackagePricing@139982de]" started-at="2021-02-10T16:53:11 EST" name="itemFound_SingleTax" description="PBI:155660" finished-at="2021-02-10T16:53:13 EST" duration-ms="2379" status="PASS">
          <reporter-output>
          </reporter-output>
        </test-method> <!-- itemFound_SingleTax -->
        <test-method signature="itemNotFound()[pri:0, instance:unitTests.GetPackagePricing@139982de]" started-at="2021-02-10T16:53:13 EST" name="itemNotFound" description="PBI:155660" finished-at="2021-02-10T16:53:14 EST" duration-ms="538" status="PASS">
          <reporter-output>
          </reporter-output>
        </test-method> <!-- itemNotFound -->
        <test-method signature="missingQuantityConfiguration()[pri:0, instance:unitTests.GetPackagePricing@139982de]" started-at="2021-02-10T16:53:14 EST" name="missingQuantityConfiguration" description="PBI:155660" finished-at="2021-02-10T16:53:14 EST" duration-ms="582" status="PASS">
          <reporter-output>
          </reporter-output>
        </test-method> <!-- missingQuantityConfiguration -->
        <test-method signature="packageQuantityLimitExceeded()[pri:0, instance:unitTests.GetPackagePricing@139982de]" started-at="2021-02-10T16:53:14 EST" name="packageQuantityLimitExceeded" description="PBI:155660" finished-at="2021-02-10T16:53:15 EST" duration-ms="529" status="PASS">
          <reporter-output>
          </reporter-output>
        </test-method> <!-- packageQuantityLimitExceeded -->
        <test-method signature="paidPunchcard()[pri:0, instance:unitTests.GetPackagePricing@139982de]" started-at="2021-02-10T16:53:15 EST" name="paidPunchcard" description="PBI:155660" finished-at="2021-02-10T16:53:17 EST" duration-ms="2047" status="PASS">
          <reporter-output>
          </reporter-output>
        </test-method> <!-- paidPunchcard -->
        <test-method signature="paidService()[pri:0, instance:unitTests.GetPackagePricing@139982de]" started-at="2021-02-10T16:53:17 EST" name="paidService" description="PBI:155660" finished-at="2021-02-10T16:53:19 EST" duration-ms="1887" status="PASS">
          <reporter-output>
          </reporter-output>
        </test-method> <!-- paidService -->
        <test-method signature="paidTraining()[pri:0, instance:unitTests.GetPackagePricing@139982de]" started-at="2021-02-10T16:53:19 EST" name="paidTraining" description="PBI:155660" finished-at="2021-02-10T16:53:21 EST" duration-ms="1949" status="PASS">
          <reporter-output>
          </reporter-output>
        </test-method> <!-- paidTraining -->
        <test-method signature="tierPricingTier1()[pri:0, instance:unitTests.GetPackagePricing@139982de]" started-at="2021-02-10T16:53:21 EST" name="tierPricingTier1" description="PBI:155660" finished-at="2021-02-10T16:53:23 EST" duration-ms="1988" status="PASS">
          <reporter-output>
          </reporter-output>
        </test-method> <!-- tierPricingTier1 -->
        <test-method signature="tierPricingTier2()[pri:0, instance:unitTests.GetPackagePricing@139982de]" started-at="2021-02-10T16:53:23 EST" name="tierPricingTier2" description="PBI:155660" finished-at="2021-02-10T16:53:25 EST" duration-ms="2109" status="PASS">
          <reporter-output>
          </reporter-output>
        </test-method> <!-- tierPricingTier2 -->
        <test-method signature="tierPricingTier3()[pri:0, instance:unitTests.GetPackagePricing@139982de]" started-at="2021-02-10T16:53:25 EST" name="tierPricingTier3" description="PBI:155660" finished-at="2021-02-10T16:53:27 EST" duration-ms="1818" status="PASS">
          <reporter-output>
          </reporter-output>
        </test-method> <!-- tierPricingTier3 -->
      </class> <!-- unitTests.GetPackagePricing -->
      <class name="unitTests.GetAvailableCoursesByMember">
        <test-method signature="courseNotFound()[pri:0, instance:unitTests.GetAvailableCoursesByMember@6a6cb05c]" started-at="2021-02-10T16:48:44 EST" name="courseNotFound" description="PBI:146576" finished-at="2021-02-10T16:48:45 EST" duration-ms="845" status="PASS">
          <reporter-output>
          </reporter-output>
        </test-method> <!-- courseNotFound -->
        <test-method is-config="true" signature="getData()[pri:0, instance:unitTests.GetAvailableCoursesByMember@6a6cb05c]" started-at="2021-02-10T16:48:44 EST" name="getData" finished-at="2021-02-10T16:48:44 EST" duration-ms="0" status="PASS">
          <reporter-output>
          </reporter-output>
        </test-method> <!-- getData -->
        <test-method signature="coursesFound()[pri:0, instance:unitTests.GetAvailableCoursesByMember@6a6cb05c]" started-at="2021-02-10T16:48:45 EST" name="coursesFound" description="PBI:146576" finished-at="2021-02-10T16:48:47 EST" duration-ms="1929" status="PASS">
          <reporter-output>
          </reporter-output>
        </test-method> <!-- coursesFound -->
        <test-method signature="customerNotFound()[pri:0, instance:unitTests.GetAvailableCoursesByMember@6a6cb05c]" started-at="2021-02-10T16:48:47 EST" name="customerNotFound" description="PBI:146576" finished-at="2021-02-10T16:48:47 EST" duration-ms="548" status="PASS">
          <reporter-output>
          </reporter-output>
        </test-method> <!-- customerNotFound -->
        <test-method signature="nullCustomerId()[pri:0, instance:unitTests.GetAvailableCoursesByMember@6a6cb05c]" started-at="2021-02-10T16:48:47 EST" name="nullCustomerId" description="PBI:146576" finished-at="2021-02-10T16:48:48 EST" duration-ms="204" status="PASS">
          <reporter-output>
          </reporter-output>
        </test-method> <!-- nullCustomerId -->
        <test-method signature="nullEndDate()[pri:0, instance:unitTests.GetAvailableCoursesByMember@6a6cb05c]" started-at="2021-02-10T16:48:48 EST" name="nullEndDate" description="PBI:146576" finished-at="2021-02-10T16:48:48 EST" duration-ms="185" status="PASS">
          <reporter-output>
          </reporter-output>
        </test-method> <!-- nullEndDate -->
        <test-method signature="nullStartDate()[pri:0, instance:unitTests.GetAvailableCoursesByMember@6a6cb05c]" started-at="2021-02-10T16:48:48 EST" name="nullStartDate" description="PBI:146576" finished-at="2021-02-10T16:48:48 EST" duration-ms="190" status="PASS">
          <reporter-output>
          </reporter-output>
        </test-method> <!-- nullStartDate -->
      </class> <!-- unitTests.GetAvailableCoursesByMember -->
      <class name="unitTests.GetClassesAndCoursesByBook">
        <test-method is-config="true" signature="getData()[pri:0, instance:unitTests.GetClassesAndCoursesByBook@327514f]" started-at="2021-02-10T16:49:30 EST" name="getData" finished-at="2021-02-10T16:49:30 EST" duration-ms="2" status="PASS">
          <reporter-output>
          </reporter-output>
        </test-method> <!-- getData -->
        <test-method signature="ClassesCoursesFound()[pri:0, instance:unitTests.GetClassesAndCoursesByBook@327514f]" started-at="2021-02-10T16:49:30 EST" name="ClassesCoursesFound" description="PBI:140729" finished-at="2021-02-10T16:49:31 EST" duration-ms="776" status="PASS">
          <reporter-output>
          </reporter-output>
        </test-method> <!-- ClassesCoursesFound -->
        <test-method signature="ClassesCoursesNotFound()[pri:0, instance:unitTests.GetClassesAndCoursesByBook@327514f]" started-at="2021-02-10T16:49:31 EST" name="ClassesCoursesNotFound" description="PBI:140729" finished-at="2021-02-10T16:49:31 EST" duration-ms="448" status="PASS">
          <reporter-output>
          </reporter-output>
        </test-method> <!-- ClassesCoursesNotFound -->
        <test-method signature="ClassesCoursesNotFound2()[pri:0, instance:unitTests.GetClassesAndCoursesByBook@327514f]" started-at="2021-02-10T16:49:31 EST" name="ClassesCoursesNotFound2" description="PBI:140729" finished-at="2021-02-10T16:49:32 EST" duration-ms="363" status="PASS">
          <reporter-output>
          </reporter-output>
        </test-method> <!-- ClassesCoursesNotFound2 -->
        <test-method signature="invalidClassCourse()[pri:0, instance:unitTests.GetClassesAndCoursesByBook@327514f]" started-at="2021-02-10T16:49:32 EST" name="invalidClassCourse" description="PBI:140729" finished-at="2021-02-10T16:49:33 EST" duration-ms="1521" status="PASS">
          <reporter-output>
          </reporter-output>
        </test-method> <!-- invalidClassCourse -->
        <test-method signature="invalidDateRange()[pri:0, instance:unitTests.GetClassesAndCoursesByBook@327514f]" started-at="2021-02-10T16:49:33 EST" name="invalidDateRange" description="PBI:140729" finished-at="2021-02-10T16:49:33 EST" duration-ms="349" status="PASS">
          <reporter-output>
          </reporter-output>
        </test-method> <!-- invalidDateRange -->
      </class> <!-- unitTests.GetClassesAndCoursesByBook -->
      <class name="unitTests.GetAppointmentProductByCategory">
        <test-method signature="productCategoryFound()[pri:0, instance:unitTests.GetAppointmentProductByCategory@45752059]" started-at="2021-02-10T16:48:24 EST" name="productCategoryFound" description="PBI:127468" finished-at="2021-02-10T16:48:24 EST" duration-ms="616" status="PASS">
          <reporter-output>
          </reporter-output>
        </test-method> <!-- productCategoryFound -->
        <test-method is-config="true" signature="getData()[pri:0, instance:unitTests.GetAppointmentProductByCategory@45752059]" started-at="2021-02-10T16:48:24 EST" name="getData" finished-at="2021-02-10T16:48:24 EST" duration-ms="0" status="PASS">
          <reporter-output>
          </reporter-output>
        </test-method> <!-- getData -->
        <test-method signature="productCategoryNotFound()[pri:0, instance:unitTests.GetAppointmentProductByCategory@45752059]" started-at="2021-02-10T16:48:24 EST" name="productCategoryNotFound" description="PBI:127468" finished-at="2021-02-10T16:48:25 EST" duration-ms="372" status="PASS">
          <reporter-output>
          </reporter-output>
        </test-method> <!-- productCategoryNotFound -->
        <test-method signature="productCategoryRequired()[pri:0, instance:unitTests.GetAppointmentProductByCategory@45752059]" started-at="2021-02-10T16:48:25 EST" name="productCategoryRequired" description="PBI:127468" finished-at="2021-02-10T16:48:25 EST" duration-ms="182" status="PASS">
          <reporter-output>
          </reporter-output>
        </test-method> <!-- productCategoryRequired -->
      </class> <!-- unitTests.GetAppointmentProductByCategory -->
    </test> <!-- API - Continuous Integration -->
  </suite> <!-- CompeteAPI v3 -->
</testng-results>
